<?xml version="1.0" encoding="UTF-8"?>
<testsuites name="Basic work" time="198" tests="10" failures="9" errors="0">
   <testsuite name="Basic work" tests="10" failures="9" errors="0" time="198" timestamp="2560-10-19 14:59:39" hostname="PIEW - 192.168.11.220" id="Test Suites/Basic work">
      <properties>
         <property name="deviceName" value=""/>
         <property name="devicePlatform" value=""/>
         <property name="logFolder" value="C:\\Users\\PIEW\\Katalon Studio\\GuruTMDA\\Reports\\Basic work\\25601019_145938"/>
         <property name="logFiles" value="C:\\Users\\PIEW\\Katalon Studio\\GuruTMDA\\Reports\\Basic work\\25601019_145938\\execution0.log"/>
         <property name="attachments" value="C:\\Users\\PIEW\\Katalon Studio\\GuruTMDA\\Reports\\Basic work\\25601019_145938\\1508400070837.png, C:\\Users\\PIEW\\Katalon Studio\\GuruTMDA\\Reports\\Basic work\\25601019_145938\\1508400094948.png, C:\\Users\\PIEW\\Katalon Studio\\GuruTMDA\\Reports\\Basic work\\25601019_145938\\1508400095239.png, C:\\Users\\PIEW\\Katalon Studio\\GuruTMDA\\Reports\\Basic work\\25601019_145938\\1508400100036.png, C:\\Users\\PIEW\\Katalon Studio\\GuruTMDA\\Reports\\Basic work\\25601019_145938\\1508400100366.png, C:\\Users\\PIEW\\Katalon Studio\\GuruTMDA\\Reports\\Basic work\\25601019_145938\\1508400106616.png, C:\\Users\\PIEW\\Katalon Studio\\GuruTMDA\\Reports\\Basic work\\25601019_145938\\1508400106903.png, C:\\Users\\PIEW\\Katalon Studio\\GuruTMDA\\Reports\\Basic work\\25601019_145938\\1508400111363.png, C:\\Users\\PIEW\\Katalon Studio\\GuruTMDA\\Reports\\Basic work\\25601019_145938\\1508400111656.png"/>
         <property name="hostName" value="PIEW - 192.168.11.220"/>
         <property name="os" value="Windows 7 64bit"/>
         <property name="katalonVersion" value="4.8.0.2"/>
         <property name="browser" value="Chrome 61.0.3163.100"/>
         <property name="hostAddress" value="192.168.11.220"/>
         <property name="sessionId" value="daf0d23a3f1742499c3c7afaef908c16"/>
         <property name="seleniumVersion" value="2.53.0"/>
         <property name="proxyInformation" value="ProxyInformation{proxyOption=NO_PROXY, proxyServerType=HTTP, password=, proxyServerAddress=, proxyServerPort=0}"/>
         <property name="platform" value="Windows 7"/>
      </properties>
      <testcase name="Test Cases/Basic work/Single Verbatim without login" classname="Test Cases/Basic work/Single Verbatim without login" status="PASSED">
         <system-out><![CDATA[2560-10-19 14:59:40 - [TEST_CASE][PASSED] - Test Cases/Basic work/Single Verbatim without login: Test Cases/Basic work/Single Verbatim without login

2560-10-19 14:59:40 - [TEST_STEP][PASSED] - openBrowser: Browser is opened with url: ''

2560-10-19 14:59:43 - [MESSAGE][PASSED] - Browser is opened with url: ''

2560-10-19 14:59:43 - [TEST_STEP][PASSED] - maximizeWindow: Current window maximized

2560-10-19 14:59:43 - [MESSAGE][PASSED] - Current window maximized

2560-10-19 14:59:43 - [TEST_STEP][PASSED] - navigateToUrl: Navigate to 'http://192.168.11.59' successfully

2560-10-19 14:59:47 - [MESSAGE][PASSED] - Navigate to 'http://192.168.11.59' successfully

2560-10-19 14:59:47 - [TEST_STEP][PASSED] - setText: Text 'บริการดี แต่รอคิวนาน' is set on object 'Object Repository/Page_Guru TMDA (2)/input_input-text w3-large inpu'

2560-10-19 14:59:48 - [MESSAGE][PASSED] - Text 'บริการดี แต่รอคิวนาน' is set on object 'Object Repository/Page_Guru TMDA (2)/input_input-text w3-large inpu'

2560-10-19 14:59:48 - [TEST_STEP][PASSED] - click: Object: 'Object Repository/Page single/Page_Guru TMDA/button_btn btn-link' is clicked on

2560-10-19 14:59:48 - [MESSAGE][PASSED] - Object: 'Object Repository/Page single/Page_Guru TMDA/button_btn btn-link' is clicked on

2560-10-19 14:59:48 - [TEST_STEP][PASSED] - click: Object: 'Object Repository/Page_Guru TMDA (2)/div_row' is clicked on

2560-10-19 15:00:10 - [MESSAGE][PASSED] - Object: 'Object Repository/Page_Guru TMDA (2)/div_row' is clicked on

2560-10-19 15:00:10 - [TEST_STEP][PASSED] - click: Object: 'Object Repository/Page_Guru TMDA (2)/div_predict-result' is clicked on

2560-10-19 15:00:10 - [MESSAGE][PASSED] - Object: 'Object Repository/Page_Guru TMDA (2)/div_predict-result' is clicked on

2560-10-19 15:00:10 - [TEST_STEP][NOT_RUN] - closeBrowser: NOT_RUN: closeBrowser

2560-10-19 15:00:10 - [MESSAGE][NOT_RUN] - NOT_RUN: closeBrowser]]></system-out>
         <system-err><![CDATA[]]></system-err>
      </testcase>
      <testcase name="Test Cases/Basic work/Login" classname="Test Cases/Basic work/Login" status="PASSED">
         <system-out><![CDATA[2560-10-19 15:00:10 - [TEST_CASE][PASSED] - Test Cases/Basic work/Login: Test Cases/Basic work/Login

2560-10-19 15:00:10 - [TEST_STEP][NOT_RUN] - openBrowser: NOT_RUN: openBrowser

2560-10-19 15:00:10 - [MESSAGE][NOT_RUN] - NOT_RUN: openBrowser

2560-10-19 15:00:10 - [TEST_STEP][NOT_RUN] - maximizeWindow: NOT_RUN: maximizeWindow

2560-10-19 15:00:10 - [MESSAGE][NOT_RUN] - NOT_RUN: maximizeWindow

2560-10-19 15:00:10 - [TEST_STEP][NOT_RUN] - navigateToUrl: NOT_RUN: navigateToUrl

2560-10-19 15:00:10 - [MESSAGE][NOT_RUN] - NOT_RUN: navigateToUrl

2560-10-19 15:00:10 - [TEST_STEP][PASSED] - click: Object: 'Object Repository/Page_Guru TMDA/span_Login' is clicked on

2560-10-19 15:00:11 - [MESSAGE][PASSED] - Object: 'Object Repository/Page_Guru TMDA/span_Login' is clicked on

2560-10-19 15:00:11 - [TEST_STEP][PASSED] - setText: Text 'piew' is set on object 'Object Repository/Page_Guru TMDA (1)/input_ng-untouched ng-valid ng'

2560-10-19 15:00:11 - [MESSAGE][PASSED] - Text 'piew' is set on object 'Object Repository/Page_Guru TMDA (1)/input_ng-untouched ng-valid ng'

2560-10-19 15:00:11 - [TEST_STEP][PASSED] - setText: Text 'piew' is set on object 'Object Repository/Page_Guru TMDA (1)/input_ng-untouched ng-pristine'

2560-10-19 15:00:11 - [MESSAGE][PASSED] - Text 'piew' is set on object 'Object Repository/Page_Guru TMDA (1)/input_ng-untouched ng-pristine'

2560-10-19 15:00:11 - [TEST_STEP][PASSED] - submit: The form containing object: 'Object Repository/Page_Guru TMDA (1)/button_Login' is submitted

2560-10-19 15:00:11 - [MESSAGE][PASSED] - The form containing object: 'Object Repository/Page_Guru TMDA (1)/button_Login' is submitted

2560-10-19 15:00:11 - [TEST_STEP][PASSED] - verifyElementPresent: Object 'Object Repository/Page_Guru TMDA (7)/a_Help' is present

2560-10-19 15:00:11 - [MESSAGE][WARNING] - Timeout '0' is invalid. Using default page load timeout: '30'

2560-10-19 15:00:12 - [MESSAGE][PASSED] - Object 'Object Repository/Page_Guru TMDA (7)/a_Help' is present

2560-10-19 15:00:12 - [TEST_STEP][NOT_RUN] - closeBrowser: NOT_RUN: closeBrowser

2560-10-19 15:00:12 - [MESSAGE][NOT_RUN] - NOT_RUN: closeBrowser]]></system-out>
         <system-err><![CDATA[]]></system-err>
      </testcase>
      <testcase name="Test Cases/Basic work/Single Verbatim with login" classname="Test Cases/Basic work/Single Verbatim with login" status="PASSED">
         <system-out><![CDATA[2560-10-19 15:00:12 - [TEST_CASE][PASSED] - Test Cases/Basic work/Single Verbatim with login: Test Cases/Basic work/Single Verbatim with login

2560-10-19 15:00:12 - [TEST_STEP][NOT_RUN] - openBrowser: NOT_RUN: openBrowser

2560-10-19 15:00:12 - [MESSAGE][NOT_RUN] - NOT_RUN: openBrowser

2560-10-19 15:00:12 - [TEST_STEP][NOT_RUN] - navigateToUrl: NOT_RUN: navigateToUrl

2560-10-19 15:00:12 - [MESSAGE][NOT_RUN] - NOT_RUN: navigateToUrl

2560-10-19 15:00:12 - [TEST_STEP][NOT_RUN] - click: NOT_RUN: click

2560-10-19 15:00:12 - [MESSAGE][NOT_RUN] - NOT_RUN: click

2560-10-19 15:00:12 - [TEST_STEP][NOT_RUN] - setText: NOT_RUN: setText

2560-10-19 15:00:12 - [MESSAGE][NOT_RUN] - NOT_RUN: setText

2560-10-19 15:00:12 - [TEST_STEP][NOT_RUN] - setText: NOT_RUN: setText

2560-10-19 15:00:12 - [MESSAGE][NOT_RUN] - NOT_RUN: setText

2560-10-19 15:00:12 - [TEST_STEP][NOT_RUN] - click: NOT_RUN: click

2560-10-19 15:00:12 - [MESSAGE][NOT_RUN] - NOT_RUN: click

2560-10-19 15:00:12 - [TEST_STEP][PASSED] - setText: Text 'บริการดี แต่รอคิวนาน' is set on object 'Object Repository/Page_Guru TMDA (2)/input_input-text w3-large inpu'

2560-10-19 15:00:12 - [MESSAGE][PASSED] - Text 'บริการดี แต่รอคิวนาน' is set on object 'Object Repository/Page_Guru TMDA (2)/input_input-text w3-large inpu'

2560-10-19 15:00:12 - [TEST_STEP][PASSED] - click: Object: 'Object Repository/Page single/Page_Guru TMDA/button_btn btn-link' is clicked on

2560-10-19 15:00:12 - [MESSAGE][PASSED] - Object: 'Object Repository/Page single/Page_Guru TMDA/button_btn btn-link' is clicked on

2560-10-19 15:00:12 - [TEST_STEP][PASSED] - click: Object: 'Object Repository/Page_Guru TMDA (2)/div_row' is clicked on

2560-10-19 15:00:37 - [MESSAGE][PASSED] - Object: 'Object Repository/Page_Guru TMDA (2)/div_row' is clicked on

2560-10-19 15:00:37 - [TEST_STEP][PASSED] - click: Object: 'Object Repository/Page_Guru TMDA (2)/div_predict-result' is clicked on

2560-10-19 15:00:37 - [MESSAGE][PASSED] - Object: 'Object Repository/Page_Guru TMDA (2)/div_predict-result' is clicked on

2560-10-19 15:00:37 - [TEST_STEP][NOT_RUN] - closeBrowser: NOT_RUN: closeBrowser

2560-10-19 15:00:37 - [MESSAGE][NOT_RUN] - NOT_RUN: closeBrowser]]></system-out>
         <system-err><![CDATA[]]></system-err>
      </testcase>
      <testcase name="Test Cases/Basic work/Upload File without labelling" classname="Test Cases/Basic work/Upload File without labelling" status="PASSED">
         <system-out><![CDATA[2560-10-19 15:00:37 - [TEST_CASE][PASSED] - Test Cases/Basic work/Upload File without labelling: Test Cases/Basic work/Upload File without labelling

2560-10-19 15:00:38 - [TEST_STEP][NOT_RUN] - openBrowser: NOT_RUN: openBrowser

2560-10-19 15:00:38 - [MESSAGE][NOT_RUN] - NOT_RUN: openBrowser

2560-10-19 15:00:38 - [TEST_STEP][NOT_RUN] - maximizeWindow: NOT_RUN: maximizeWindow

2560-10-19 15:00:38 - [MESSAGE][NOT_RUN] - NOT_RUN: maximizeWindow

2560-10-19 15:00:38 - [TEST_STEP][NOT_RUN] - navigateToUrl: NOT_RUN: navigateToUrl

2560-10-19 15:00:38 - [MESSAGE][NOT_RUN] - NOT_RUN: navigateToUrl

2560-10-19 15:00:38 - [TEST_STEP][NOT_RUN] - click: NOT_RUN: click

2560-10-19 15:00:38 - [MESSAGE][NOT_RUN] - NOT_RUN: click

2560-10-19 15:00:38 - [TEST_STEP][NOT_RUN] - setText: NOT_RUN: setText

2560-10-19 15:00:38 - [MESSAGE][NOT_RUN] - NOT_RUN: setText

2560-10-19 15:00:38 - [TEST_STEP][NOT_RUN] - setText: NOT_RUN: setText

2560-10-19 15:00:38 - [MESSAGE][NOT_RUN] - NOT_RUN: setText

2560-10-19 15:00:38 - [TEST_STEP][NOT_RUN] - click: NOT_RUN: click

2560-10-19 15:00:38 - [MESSAGE][NOT_RUN] - NOT_RUN: click

2560-10-19 15:00:38 - [TEST_STEP][PASSED] - click: Object: 'Object Repository/Page_Guru TMDA (3)/a_Text Prediction' is clicked on

2560-10-19 15:00:38 - [MESSAGE][PASSED] - Object: 'Object Repository/Page_Guru TMDA (3)/a_Text Prediction' is clicked on

2560-10-19 15:00:38 - [TEST_STEP][PASSED] - click: Object: 'Object Repository/Page_Guru TMDA (3)/a_Upload File' is clicked on

2560-10-19 15:00:38 - [MESSAGE][PASSED] - Object: 'Object Repository/Page_Guru TMDA (3)/a_Upload File' is clicked on

2560-10-19 15:00:38 - [TEST_STEP][PASSED] - uploadFile: File 'C:\test-Copy.xlsx' sent to object: 'Object Repository/Page_Guru TMDA (6)/Page_Guru TMDA (4)/input_upfile'

2560-10-19 15:00:38 - [MESSAGE][PASSED] - File 'C:\test-Copy.xlsx' sent to object: 'Object Repository/Page_Guru TMDA (6)/Page_Guru TMDA (4)/input_upfile'

2560-10-19 15:00:38 - [TEST_STEP][PASSED] - waitForElementClickable: Object 'Object Repository/Page_Guru TMDA (5)/button_Upload' is clickable

2560-10-19 15:00:38 - [MESSAGE][PASSED] - Object 'Object Repository/Page_Guru TMDA (5)/button_Upload' is clickable

2560-10-19 15:00:38 - [TEST_STEP][PASSED] - click: Object: 'Object Repository/Page_Guru TMDA (5)/button_Upload' is clicked on

2560-10-19 15:00:39 - [MESSAGE][PASSED] - Object: 'Object Repository/Page_Guru TMDA (5)/button_Upload' is clicked on

2560-10-19 15:00:39 - [TEST_STEP][PASSED] - waitForElementNotPresent: Web element with id: 'Object Repository/Page_Guru TMDA (6)/Page_Guru TMDA (5)/Page_Guru TMDA/div_progress-bar-zone' located by 'By.xpath: //div[count(. | /html[1]/body[1]/my-app[1]/app-multiple-verbatim[1]/div[@class="popup-zone"]/div[@class="progress-bar-zone"]) = count(/html[1]/body[1]/my-app[1]/app-multiple-verbatim[1]/div[@class="popup-zone"]/div[@class="progress-bar-zone"])]' is not present after '5' second(s)

2560-10-19 15:00:40 - [MESSAGE][PASSED] - Web element with id: 'Object Repository/Page_Guru TMDA (6)/Page_Guru TMDA (5)/Page_Guru TMDA/div_progress-bar-zone' located by 'By.xpath: //div[count(. | /html[1]/body[1]/my-app[1]/app-multiple-verbatim[1]/div[@class="popup-zone"]/div[@class="progress-bar-zone"]) = count(/html[1]/body[1]/my-app[1]/app-multiple-verbatim[1]/div[@class="popup-zone"]/div[@class="progress-bar-zone"])]' is not present after '5' second(s)

2560-10-19 15:00:40 - [TEST_STEP][PASSED] - click: Unable to click on object 'Object Repository/Upload file without Labeling/Uploading/button_ (1)' (Root cause: com.kms.katalon.core.webui.exception.WebElementNotFoundException: Web element with id: 'Object Repository/Upload file without Labeling/Uploading/button_ (1)' located by 'By.xpath: //button[count(. | /html[@class="swal2-shown"]/body[@class="swal2-shown"]/div[@class="swal2-container swal2-fade swal2-shown"]/div[@class="swal2-modal swal2-show"]/button[@class="swal2-close"]) = count(/html[@class="swal2-shown"]/body[@class="swal2-shown"]/div[@class="swal2-container swal2-fade swal2-shown"]/div[@class="swal2-modal swal2-show"]/button[@class="swal2-close"])][count(. | //*[contains(.,'×')]) = count(//*[contains(.,'×')])][count(. | //*[@type = 'button']) = count(//*[@type = 'button'])][count(. | //*[@class = 'swal2-close']) = count(//*[@class = 'swal2-close'])][count(. | //*[@aria-label = 'Close this dialog']) = count(//*[@aria-label = 'Close this dialog'])]' not found)

2560-10-19 15:01:11 - [MESSAGE][WARNING] - Unable to click on object 'Object Repository/Upload file without Labeling/Uploading/button_ (1)' (Root cause: com.kms.katalon.core.webui.exception.WebElementNotFoundException: Web element with id: 'Object Repository/Upload file without Labeling/Uploading/button_ (1)' located by 'By.xpath: //button[count(. | /html[@class="swal2-shown"]/body[@class="swal2-shown"]/div[@class="swal2-container swal2-fade swal2-shown"]/div[@class="swal2-modal swal2-show"]/button[@class="swal2-close"]) = count(/html[@class="swal2-shown"]/body[@class="swal2-shown"]/div[@class="swal2-container swal2-fade swal2-shown"]/div[@class="swal2-modal swal2-show"]/button[@class="swal2-close"])][count(. | //*[contains(.,'×')]) = count(//*[contains(.,'×')])][count(. | //*[@type = 'button']) = count(//*[@type = 'button'])][count(. | //*[@class = 'swal2-close']) = count(//*[@class = 'swal2-close'])][count(. | //*[@aria-label = 'Close this dialog']) = count(//*[@aria-label = 'Close this dialog'])]' not found)
[[ATTACHMENT|C:\\Users\\PIEW\\Katalon Studio\\GuruTMDA\\Reports\\Basic work\\25601019_145938\\1508400070837.png]]

2560-10-19 15:01:11 - [TEST_STEP][PASSED] - selectOptionByValue: All options with value '1: withLabel' are selected in object 'Object Repository/Page_Guru TMDA (5)/select_sheet'  using regular expression

2560-10-19 15:01:11 - [MESSAGE][PASSED] - All options with value '1: withLabel' are selected in object 'Object Repository/Page_Guru TMDA (5)/select_sheet'  using regular expression

2560-10-19 15:01:11 - [TEST_STEP][PASSED] - waitForElementPresent: Object 'Object Repository/Page_Guru TMDA (6)/Page_Guru TMDA (1)/div_w3-padding-32 w3-center' is present

2560-10-19 15:01:16 - [MESSAGE][PASSED] - Object 'Object Repository/Page_Guru TMDA (6)/Page_Guru TMDA (1)/div_w3-padding-32 w3-center' is present

2560-10-19 15:01:16 - [TEST_STEP][PASSED] - click: Object: 'Object Repository/Page_Guru TMDA (6)/Page_Guru TMDA (3)/button_' is clicked on

2560-10-19 15:01:16 - [MESSAGE][PASSED] - Object: 'Object Repository/Page_Guru TMDA (6)/Page_Guru TMDA (3)/button_' is clicked on

2560-10-19 15:01:16 - [TEST_STEP][PASSED] - waitForElementNotPresent: Web element with id: 'Object Repository/Page_Guru TMDA (6)/Page_Guru TMDA (1)/div_w3-padding-32 w3-center' located by 'By.xpath: //div[count(. | id("swal2-content")/div[@class="w3-padding-32 w3-center"]) = count(id("swal2-content")/div[@class="w3-padding-32 w3-center"])]' is not present after '5' second(s)

2560-10-19 15:01:16 - [MESSAGE][PASSED] - Web element with id: 'Object Repository/Page_Guru TMDA (6)/Page_Guru TMDA (1)/div_w3-padding-32 w3-center' located by 'By.xpath: //div[count(. | id("swal2-content")/div[@class="w3-padding-32 w3-center"]) = count(id("swal2-content")/div[@class="w3-padding-32 w3-center"])]' is not present after '5' second(s)

2560-10-19 15:01:16 - [TEST_STEP][PASSED] - waitForElementPresent: Object 'Object Repository/Page_Guru TMDA (6)/Page_Guru TMDA (2)/i_fa fa-check w3-text-green' is present

2560-10-19 15:01:16 - [MESSAGE][PASSED] - Object 'Object Repository/Page_Guru TMDA (6)/Page_Guru TMDA (2)/i_fa fa-check w3-text-green' is present

2560-10-19 15:01:16 - [TEST_STEP][PASSED] - scrollToElement: Scroll to object 'Object Repository/Page_Guru TMDA (16)/button_Start' successfully

2560-10-19 15:01:16 - [MESSAGE][PASSED] - Scroll to object 'Object Repository/Page_Guru TMDA (16)/button_Start' successfully

2560-10-19 15:01:16 - [TEST_STEP][PASSED] - click: Object: 'Object Repository/Page_Guru TMDA (5)/button_Start' is clicked on

2560-10-19 15:01:16 - [MESSAGE][PASSED] - Object: 'Object Repository/Page_Guru TMDA (5)/button_Start' is clicked on

2560-10-19 15:01:16 - [TEST_STEP][PASSED] - verifyElementPresent: Object 'Object Repository/Upload file without Labeling/list/div_row' is present

2560-10-19 15:01:28 - [MESSAGE][PASSED] - Object 'Object Repository/Upload file without Labeling/list/div_row' is present

2560-10-19 15:01:28 - [TEST_STEP][NOT_RUN] - closeBrowser: NOT_RUN: closeBrowser

2560-10-19 15:01:28 - [MESSAGE][NOT_RUN] - NOT_RUN: closeBrowser]]></system-out>
         <system-err><![CDATA[]]></system-err>
      </testcase>
      <testcase name="Test Cases/Basic work/Predicted Multiple Verbatim/Prediction in details Select All list" classname="Test Cases/Basic work/Predicted Multiple Verbatim/Prediction in details Select All list" status="PASSED">
         <system-out><![CDATA[2560-10-19 15:01:28 - [TEST_CASE][PASSED] - Test Cases/Basic work/Predicted Multiple Verbatim/Prediction in details Select All list: Test Cases/Basic work/Predicted Multiple Verbatim/Prediction in details Select All list

2560-10-19 15:01:28 - [TEST_STEP][NOT_RUN] - openBrowser: NOT_RUN: openBrowser

2560-10-19 15:01:28 - [MESSAGE][NOT_RUN] - NOT_RUN: openBrowser

2560-10-19 15:01:28 - [TEST_STEP][NOT_RUN] - maximizeWindow: NOT_RUN: maximizeWindow

2560-10-19 15:01:28 - [MESSAGE][NOT_RUN] - NOT_RUN: maximizeWindow

2560-10-19 15:01:28 - [TEST_STEP][NOT_RUN] - navigateToUrl: NOT_RUN: navigateToUrl

2560-10-19 15:01:28 - [MESSAGE][NOT_RUN] - NOT_RUN: navigateToUrl

2560-10-19 15:01:28 - [TEST_STEP][NOT_RUN] - click: NOT_RUN: click

2560-10-19 15:01:28 - [MESSAGE][NOT_RUN] - NOT_RUN: click

2560-10-19 15:01:28 - [TEST_STEP][NOT_RUN] - setText: NOT_RUN: setText

2560-10-19 15:01:28 - [MESSAGE][NOT_RUN] - NOT_RUN: setText

2560-10-19 15:01:28 - [TEST_STEP][NOT_RUN] - setText: NOT_RUN: setText

2560-10-19 15:01:28 - [MESSAGE][NOT_RUN] - NOT_RUN: setText

2560-10-19 15:01:28 - [TEST_STEP][NOT_RUN] - click: NOT_RUN: click

2560-10-19 15:01:28 - [MESSAGE][NOT_RUN] - NOT_RUN: click

2560-10-19 15:01:28 - [TEST_STEP][NOT_RUN] - click: NOT_RUN: click

2560-10-19 15:01:28 - [MESSAGE][NOT_RUN] - NOT_RUN: click

2560-10-19 15:01:28 - [TEST_STEP][NOT_RUN] - click: NOT_RUN: click

2560-10-19 15:01:28 - [MESSAGE][NOT_RUN] - NOT_RUN: click

2560-10-19 15:01:28 - [TEST_STEP][NOT_RUN] - uploadFile: NOT_RUN: uploadFile

2560-10-19 15:01:28 - [MESSAGE][NOT_RUN] - NOT_RUN: uploadFile

2560-10-19 15:01:28 - [TEST_STEP][NOT_RUN] - waitForElementClickable: NOT_RUN: waitForElementClickable

2560-10-19 15:01:28 - [MESSAGE][NOT_RUN] - NOT_RUN: waitForElementClickable

2560-10-19 15:01:28 - [TEST_STEP][NOT_RUN] - click: NOT_RUN: click

2560-10-19 15:01:28 - [MESSAGE][NOT_RUN] - NOT_RUN: click

2560-10-19 15:01:28 - [TEST_STEP][NOT_RUN] - waitForElementNotPresent: NOT_RUN: waitForElementNotPresent

2560-10-19 15:01:28 - [MESSAGE][NOT_RUN] - NOT_RUN: waitForElementNotPresent

2560-10-19 15:01:28 - [TEST_STEP][NOT_RUN] - selectOptionByValue: NOT_RUN: selectOptionByValue

2560-10-19 15:01:28 - [MESSAGE][NOT_RUN] - NOT_RUN: selectOptionByValue

2560-10-19 15:01:29 - [TEST_STEP][NOT_RUN] - check: NOT_RUN: check

2560-10-19 15:01:29 - [MESSAGE][NOT_RUN] - NOT_RUN: check

2560-10-19 15:01:29 - [TEST_STEP][NOT_RUN] - click: NOT_RUN: click

2560-10-19 15:01:29 - [MESSAGE][NOT_RUN] - NOT_RUN: click

2560-10-19 15:01:29 - [TEST_STEP][NOT_RUN] - waitForElementNotPresent: NOT_RUN: waitForElementNotPresent

2560-10-19 15:01:29 - [MESSAGE][NOT_RUN] - NOT_RUN: waitForElementNotPresent

2560-10-19 15:01:29 - [TEST_STEP][NOT_RUN] - check: NOT_RUN: check

2560-10-19 15:01:29 - [MESSAGE][NOT_RUN] - NOT_RUN: check

2560-10-19 15:01:29 - [TEST_STEP][NOT_RUN] - scrollToElement: NOT_RUN: scrollToElement

2560-10-19 15:01:29 - [MESSAGE][NOT_RUN] - NOT_RUN: scrollToElement

2560-10-19 15:01:29 - [TEST_STEP][NOT_RUN] - click: NOT_RUN: click

2560-10-19 15:01:29 - [MESSAGE][NOT_RUN] - NOT_RUN: click

2560-10-19 15:01:29 - [TEST_STEP][PASSED] - verifyElementPresent: Object 'Object Repository/Display Accessibility list/Page_Guru TMDA (2)/div_row' is present

2560-10-19 15:01:29 - [MESSAGE][PASSED] - Object 'Object Repository/Display Accessibility list/Page_Guru TMDA (2)/div_row' is present

2560-10-19 15:01:29 - [TEST_STEP][NOT_RUN] - closeBrowser: NOT_RUN: closeBrowser

2560-10-19 15:01:29 - [MESSAGE][NOT_RUN] - NOT_RUN: closeBrowser]]></system-out>
         <system-err><![CDATA[]]></system-err>
      </testcase>
      <testcase name="Test Cases/Basic work/Predicted Multiple Verbatim/Prediction in details display Acccessibility list" classname="Test Cases/Basic work/Predicted Multiple Verbatim/Prediction in details display Acccessibility list" status="PASSED">
         <system-out><![CDATA[2560-10-19 15:01:29 - [TEST_CASE][PASSED] - Test Cases/Basic work/Predicted Multiple Verbatim/Prediction in details display Acccessibility list: Test Cases/Basic work/Predicted Multiple Verbatim/Prediction in details display Acccessibility list

2560-10-19 15:01:29 - [TEST_STEP][NOT_RUN] - openBrowser: NOT_RUN: openBrowser

2560-10-19 15:01:29 - [MESSAGE][NOT_RUN] - NOT_RUN: openBrowser

2560-10-19 15:01:29 - [TEST_STEP][NOT_RUN] - maximizeWindow: NOT_RUN: maximizeWindow

2560-10-19 15:01:29 - [MESSAGE][NOT_RUN] - NOT_RUN: maximizeWindow

2560-10-19 15:01:29 - [TEST_STEP][NOT_RUN] - navigateToUrl: NOT_RUN: navigateToUrl

2560-10-19 15:01:29 - [MESSAGE][NOT_RUN] - NOT_RUN: navigateToUrl

2560-10-19 15:01:29 - [TEST_STEP][NOT_RUN] - click: NOT_RUN: click

2560-10-19 15:01:29 - [MESSAGE][NOT_RUN] - NOT_RUN: click

2560-10-19 15:01:29 - [TEST_STEP][NOT_RUN] - setText: NOT_RUN: setText

2560-10-19 15:01:29 - [MESSAGE][NOT_RUN] - NOT_RUN: setText

2560-10-19 15:01:29 - [TEST_STEP][NOT_RUN] - setText: NOT_RUN: setText

2560-10-19 15:01:29 - [MESSAGE][NOT_RUN] - NOT_RUN: setText

2560-10-19 15:01:29 - [TEST_STEP][NOT_RUN] - click: NOT_RUN: click

2560-10-19 15:01:29 - [MESSAGE][NOT_RUN] - NOT_RUN: click

2560-10-19 15:01:29 - [TEST_STEP][NOT_RUN] - click: NOT_RUN: click

2560-10-19 15:01:29 - [MESSAGE][NOT_RUN] - NOT_RUN: click

2560-10-19 15:01:29 - [TEST_STEP][NOT_RUN] - click: NOT_RUN: click

2560-10-19 15:01:29 - [MESSAGE][NOT_RUN] - NOT_RUN: click

2560-10-19 15:01:29 - [TEST_STEP][NOT_RUN] - uploadFile: NOT_RUN: uploadFile

2560-10-19 15:01:29 - [MESSAGE][NOT_RUN] - NOT_RUN: uploadFile

2560-10-19 15:01:29 - [TEST_STEP][NOT_RUN] - waitForElementClickable: NOT_RUN: waitForElementClickable

2560-10-19 15:01:29 - [MESSAGE][NOT_RUN] - NOT_RUN: waitForElementClickable

2560-10-19 15:01:29 - [TEST_STEP][NOT_RUN] - click: NOT_RUN: click

2560-10-19 15:01:29 - [MESSAGE][NOT_RUN] - NOT_RUN: click

2560-10-19 15:01:29 - [TEST_STEP][NOT_RUN] - waitForElementNotPresent: NOT_RUN: waitForElementNotPresent

2560-10-19 15:01:29 - [MESSAGE][NOT_RUN] - NOT_RUN: waitForElementNotPresent

2560-10-19 15:01:29 - [TEST_STEP][NOT_RUN] - selectOptionByValue: NOT_RUN: selectOptionByValue

2560-10-19 15:01:29 - [MESSAGE][NOT_RUN] - NOT_RUN: selectOptionByValue

2560-10-19 15:01:29 - [TEST_STEP][NOT_RUN] - check: NOT_RUN: check

2560-10-19 15:01:29 - [MESSAGE][NOT_RUN] - NOT_RUN: check

2560-10-19 15:01:29 - [TEST_STEP][NOT_RUN] - click: NOT_RUN: click

2560-10-19 15:01:29 - [MESSAGE][NOT_RUN] - NOT_RUN: click

2560-10-19 15:01:29 - [TEST_STEP][NOT_RUN] - waitForElementNotPresent: NOT_RUN: waitForElementNotPresent

2560-10-19 15:01:29 - [MESSAGE][NOT_RUN] - NOT_RUN: waitForElementNotPresent

2560-10-19 15:01:29 - [TEST_STEP][NOT_RUN] - check: NOT_RUN: check

2560-10-19 15:01:29 - [MESSAGE][NOT_RUN] - NOT_RUN: check

2560-10-19 15:01:29 - [TEST_STEP][NOT_RUN] - scrollToElement: NOT_RUN: scrollToElement

2560-10-19 15:01:29 - [MESSAGE][NOT_RUN] - NOT_RUN: scrollToElement

2560-10-19 15:01:29 - [TEST_STEP][NOT_RUN] - click: NOT_RUN: click

2560-10-19 15:01:29 - [MESSAGE][NOT_RUN] - NOT_RUN: click

2560-10-19 15:01:29 - [TEST_STEP][PASSED] - click: Object: 'Object Repository/Display select all list/Page_Guru TMDA (2)/label_Select All' is clicked on

2560-10-19 15:01:29 - [MESSAGE][PASSED] - Object: 'Object Repository/Display select all list/Page_Guru TMDA (2)/label_Select All' is clicked on

2560-10-19 15:01:29 - [TEST_STEP][PASSED] - check: Object 'Object Repository/Display Accessibility list/Page_Guru TMDA (3)/label_Accessibility' is checked

2560-10-19 15:01:30 - [MESSAGE][PASSED] - Object 'Object Repository/Display Accessibility list/Page_Guru TMDA (3)/label_Accessibility' is checked

2560-10-19 15:01:30 - [TEST_STEP][PASSED] - verifyElementPresent: Object 'Object Repository/Display Accessibility list/Page_Guru TMDA (2)/div_row' is present

2560-10-19 15:01:30 - [MESSAGE][PASSED] - Object 'Object Repository/Display Accessibility list/Page_Guru TMDA (2)/div_row' is present

2560-10-19 15:01:30 - [TEST_STEP][NOT_RUN] - closeBrowser: NOT_RUN: closeBrowser

2560-10-19 15:01:30 - [MESSAGE][NOT_RUN] - NOT_RUN: closeBrowser]]></system-out>
         <system-err><![CDATA[]]></system-err>
      </testcase>
      <testcase name="Test Cases/Basic work/Predicted Multiple Verbatim/Prediction in details display Company Brand list" classname="Test Cases/Basic work/Predicted Multiple Verbatim/Prediction in details display Company Brand list" status="FAILED">
         <failure type="FAILED" message="Unable to verify object 'Object Repository/Display Accessibility list/Page_Guru TMDA (2)/div_row' is present (Root cause: com.kms.katalon.core.webui.exception.WebElementNotFoundException: Web element with id: 'Object Repository/Display Accessibility list/Page_Guru TMDA (2)/div_row' located by 'By.xpath: //div[count(. | /html[1]/body[1]/my-app[1]/app-predicted-results[1]/div[@class=&quot;container-fluid&quot;]/div[@class=&quot;row centurygothic-font&quot;]/div[@class=&quot;col-xs-12 col-sm-8 col-md-8 col-lg-9&quot;]/div[2]/div[@class=&quot;row&quot;]) = count(/html[1]/body[1]/my-app[1]/app-predicted-results[1]/div[@class=&quot;container-fluid&quot;]/div[@class=&quot;row centurygothic-font&quot;]/div[@class=&quot;col-xs-12 col-sm-8 col-md-8 col-lg-9&quot;]/div[2]/div[@class=&quot;row&quot;])]' not found)"/>
         <system-out><![CDATA[2560-10-19 15:01:30 - [TEST_CASE][FAILED] - Test Cases/Basic work/Predicted Multiple Verbatim/Prediction in details display Company Brand list: Test Cases/Basic work/Predicted Multiple Verbatim/Prediction in details display Company Brand list FAILED because (of) Unable to verify object 'Object Repository/Display Accessibility list/Page_Guru TMDA (2)/div_row' is present (Root cause: com.kms.katalon.core.webui.exception.WebElementNotFoundException: Web element with id: 'Object Repository/Display Accessibility list/Page_Guru TMDA (2)/div_row' located by 'By.xpath: //div[count(. | /html[1]/body[1]/my-app[1]/app-predicted-results[1]/div[@class="container-fluid"]/div[@class="row centurygothic-font"]/div[@class="col-xs-12 col-sm-8 col-md-8 col-lg-9"]/div[2]/div[@class="row"]) = count(/html[1]/body[1]/my-app[1]/app-predicted-results[1]/div[@class="container-fluid"]/div[@class="row centurygothic-font"]/div[@class="col-xs-12 col-sm-8 col-md-8 col-lg-9"]/div[2]/div[@class="row"])]' not found)

2560-10-19 15:01:31 - [TEST_STEP][NOT_RUN] - openBrowser: NOT_RUN: openBrowser

2560-10-19 15:01:31 - [MESSAGE][NOT_RUN] - NOT_RUN: openBrowser

2560-10-19 15:01:31 - [TEST_STEP][NOT_RUN] - maximizeWindow: NOT_RUN: maximizeWindow

2560-10-19 15:01:31 - [MESSAGE][NOT_RUN] - NOT_RUN: maximizeWindow

2560-10-19 15:01:31 - [TEST_STEP][NOT_RUN] - navigateToUrl: NOT_RUN: navigateToUrl

2560-10-19 15:01:31 - [MESSAGE][NOT_RUN] - NOT_RUN: navigateToUrl

2560-10-19 15:01:31 - [TEST_STEP][NOT_RUN] - click: NOT_RUN: click

2560-10-19 15:01:31 - [MESSAGE][NOT_RUN] - NOT_RUN: click

2560-10-19 15:01:31 - [TEST_STEP][NOT_RUN] - setText: NOT_RUN: setText

2560-10-19 15:01:31 - [MESSAGE][NOT_RUN] - NOT_RUN: setText

2560-10-19 15:01:31 - [TEST_STEP][NOT_RUN] - setText: NOT_RUN: setText

2560-10-19 15:01:31 - [MESSAGE][NOT_RUN] - NOT_RUN: setText

2560-10-19 15:01:31 - [TEST_STEP][NOT_RUN] - click: NOT_RUN: click

2560-10-19 15:01:31 - [MESSAGE][NOT_RUN] - NOT_RUN: click

2560-10-19 15:01:31 - [TEST_STEP][NOT_RUN] - click: NOT_RUN: click

2560-10-19 15:01:31 - [MESSAGE][NOT_RUN] - NOT_RUN: click

2560-10-19 15:01:31 - [TEST_STEP][NOT_RUN] - click: NOT_RUN: click

2560-10-19 15:01:31 - [MESSAGE][NOT_RUN] - NOT_RUN: click

2560-10-19 15:01:31 - [TEST_STEP][NOT_RUN] - uploadFile: NOT_RUN: uploadFile

2560-10-19 15:01:31 - [MESSAGE][NOT_RUN] - NOT_RUN: uploadFile

2560-10-19 15:01:31 - [TEST_STEP][NOT_RUN] - waitForElementClickable: NOT_RUN: waitForElementClickable

2560-10-19 15:01:31 - [MESSAGE][NOT_RUN] - NOT_RUN: waitForElementClickable

2560-10-19 15:01:31 - [TEST_STEP][NOT_RUN] - click: NOT_RUN: click

2560-10-19 15:01:31 - [MESSAGE][NOT_RUN] - NOT_RUN: click

2560-10-19 15:01:31 - [TEST_STEP][NOT_RUN] - waitForElementNotPresent: NOT_RUN: waitForElementNotPresent

2560-10-19 15:01:31 - [MESSAGE][NOT_RUN] - NOT_RUN: waitForElementNotPresent

2560-10-19 15:01:31 - [TEST_STEP][NOT_RUN] - selectOptionByValue: NOT_RUN: selectOptionByValue

2560-10-19 15:01:31 - [MESSAGE][NOT_RUN] - NOT_RUN: selectOptionByValue

2560-10-19 15:01:31 - [TEST_STEP][NOT_RUN] - check: NOT_RUN: check

2560-10-19 15:01:31 - [MESSAGE][NOT_RUN] - NOT_RUN: check

2560-10-19 15:01:31 - [TEST_STEP][NOT_RUN] - click: NOT_RUN: click

2560-10-19 15:01:31 - [MESSAGE][NOT_RUN] - NOT_RUN: click

2560-10-19 15:01:31 - [TEST_STEP][NOT_RUN] - waitForElementNotPresent: NOT_RUN: waitForElementNotPresent

2560-10-19 15:01:31 - [MESSAGE][NOT_RUN] - NOT_RUN: waitForElementNotPresent

2560-10-19 15:01:31 - [TEST_STEP][NOT_RUN] - check: NOT_RUN: check

2560-10-19 15:01:31 - [MESSAGE][NOT_RUN] - NOT_RUN: check

2560-10-19 15:01:31 - [TEST_STEP][NOT_RUN] - scrollToElement: NOT_RUN: scrollToElement

2560-10-19 15:01:31 - [MESSAGE][NOT_RUN] - NOT_RUN: scrollToElement

2560-10-19 15:01:31 - [TEST_STEP][NOT_RUN] - click: NOT_RUN: click

2560-10-19 15:01:31 - [MESSAGE][NOT_RUN] - NOT_RUN: click

2560-10-19 15:01:31 - [TEST_STEP][NOT_RUN] - click: NOT_RUN: click

2560-10-19 15:01:31 - [MESSAGE][NOT_RUN] - NOT_RUN: click

2560-10-19 15:01:31 - [TEST_STEP][PASSED] - click: Object: 'Object Repository/Display select all list/Page_Guru TMDA (2)/label_Select All' is clicked on

2560-10-19 15:01:31 - [MESSAGE][PASSED] - Object: 'Object Repository/Display select all list/Page_Guru TMDA (2)/label_Select All' is clicked on

2560-10-19 15:01:31 - [TEST_STEP][PASSED] - click: Object: 'Object Repository/Display select all list/Page_Guru TMDA (2)/label_Select All' is clicked on

2560-10-19 15:01:31 - [MESSAGE][PASSED] - Object: 'Object Repository/Display select all list/Page_Guru TMDA (2)/label_Select All' is clicked on

2560-10-19 15:01:31 - [TEST_STEP][PASSED] - check: Object 'Object Repository/Display Company brand list/Page_Guru TMDA (1)/label_Company Brand' is checked

2560-10-19 15:01:31 - [MESSAGE][PASSED] - Object 'Object Repository/Display Company brand list/Page_Guru TMDA (1)/label_Company Brand' is checked

2560-10-19 15:01:31 - [TEST_STEP][FAILED] - verifyElementPresent: Unable to verify object 'Object Repository/Display Accessibility list/Page_Guru TMDA (2)/div_row' is present (Root cause: com.kms.katalon.core.webui.exception.WebElementNotFoundException: Web element with id: 'Object Repository/Display Accessibility list/Page_Guru TMDA (2)/div_row' located by 'By.xpath: //div[count(. | /html[1]/body[1]/my-app[1]/app-predicted-results[1]/div[@class="container-fluid"]/div[@class="row centurygothic-font"]/div[@class="col-xs-12 col-sm-8 col-md-8 col-lg-9"]/div[2]/div[@class="row"]) = count(/html[1]/body[1]/my-app[1]/app-predicted-results[1]/div[@class="container-fluid"]/div[@class="row centurygothic-font"]/div[@class="col-xs-12 col-sm-8 col-md-8 col-lg-9"]/div[2]/div[@class="row"])]' not found)

2560-10-19 15:01:35 - [MESSAGE][FAILED] - com.kms.katalon.core.webui.exception.WebElementNotFoundException: Web element with id: 'Object Repository/Display Accessibility list/Page_Guru TMDA (2)/div_row' located by 'By.xpath: //div[count(. | /html[1]/body[1]/my-app[1]/app-predicted-results[1]/div[@class="container-fluid"]/div[@class="row centurygothic-font"]/div[@class="col-xs-12 col-sm-8 col-md-8 col-lg-9"]/div[2]/div[@class="row"]) = count(/html[1]/body[1]/my-app[1]/app-predicted-results[1]/div[@class="container-fluid"]/div[@class="row centurygothic-font"]/div[@class="col-xs-12 col-sm-8 col-md-8 col-lg-9"]/div[2]/div[@class="row"])]' not found
[[ATTACHMENT|C:\\Users\\PIEW\\Katalon Studio\\GuruTMDA\\Reports\\Basic work\\25601019_145938\\1508400094948.png]]

2560-10-19 15:01:35 - [MESSAGE][FAILED] - Unable to verify object 'Object Repository/Display Accessibility list/Page_Guru TMDA (2)/div_row' is present (Root cause: com.kms.katalon.core.webui.exception.WebElementNotFoundException: Web element with id: 'Object Repository/Display Accessibility list/Page_Guru TMDA (2)/div_row' located by 'By.xpath: //div[count(. | /html[1]/body[1]/my-app[1]/app-predicted-results[1]/div[@class="container-fluid"]/div[@class="row centurygothic-font"]/div[@class="col-xs-12 col-sm-8 col-md-8 col-lg-9"]/div[2]/div[@class="row"]) = count(/html[1]/body[1]/my-app[1]/app-predicted-results[1]/div[@class="container-fluid"]/div[@class="row centurygothic-font"]/div[@class="col-xs-12 col-sm-8 col-md-8 col-lg-9"]/div[2]/div[@class="row"])]' not found)
[[ATTACHMENT|C:\\Users\\PIEW\\Katalon Studio\\GuruTMDA\\Reports\\Basic work\\25601019_145938\\1508400095239.png]]]]></system-out>
         <system-err><![CDATA[2560-10-19 15:01:30 - [TEST_CASE][FAILED] - Test Cases/Basic work/Predicted Multiple Verbatim/Prediction in details display Company Brand list: Test Cases/Basic work/Predicted Multiple Verbatim/Prediction in details display Company Brand list FAILED because (of) Unable to verify object 'Object Repository/Display Accessibility list/Page_Guru TMDA (2)/div_row' is present (Root cause: com.kms.katalon.core.webui.exception.WebElementNotFoundException: Web element with id: 'Object Repository/Display Accessibility list/Page_Guru TMDA (2)/div_row' located by 'By.xpath: //div[count(. | /html[1]/body[1]/my-app[1]/app-predicted-results[1]/div[@class="container-fluid"]/div[@class="row centurygothic-font"]/div[@class="col-xs-12 col-sm-8 col-md-8 col-lg-9"]/div[2]/div[@class="row"]) = count(/html[1]/body[1]/my-app[1]/app-predicted-results[1]/div[@class="container-fluid"]/div[@class="row centurygothic-font"]/div[@class="col-xs-12 col-sm-8 col-md-8 col-lg-9"]/div[2]/div[@class="row"])]' not found)]]></system-err>
      </testcase>
      <testcase name="Test Cases/Basic work/Predicted Multiple Verbatim/Prediction in details display Competitors list" classname="Test Cases/Basic work/Predicted Multiple Verbatim/Prediction in details display Competitors list" status="FAILED">
         <failure type="FAILED" message="Unable to verify object 'Object Repository/Display Accessibility list/Page_Guru TMDA (2)/div_row' is present (Root cause: com.kms.katalon.core.webui.exception.WebElementNotFoundException: Web element with id: 'Object Repository/Display Accessibility list/Page_Guru TMDA (2)/div_row' located by 'By.xpath: //div[count(. | /html[1]/body[1]/my-app[1]/app-predicted-results[1]/div[@class=&quot;container-fluid&quot;]/div[@class=&quot;row centurygothic-font&quot;]/div[@class=&quot;col-xs-12 col-sm-8 col-md-8 col-lg-9&quot;]/div[2]/div[@class=&quot;row&quot;]) = count(/html[1]/body[1]/my-app[1]/app-predicted-results[1]/div[@class=&quot;container-fluid&quot;]/div[@class=&quot;row centurygothic-font&quot;]/div[@class=&quot;col-xs-12 col-sm-8 col-md-8 col-lg-9&quot;]/div[2]/div[@class=&quot;row&quot;])]' not found)"/>
         <system-out><![CDATA[2560-10-19 15:01:35 - [TEST_CASE][FAILED] - Test Cases/Basic work/Predicted Multiple Verbatim/Prediction in details display Competitors list: Test Cases/Basic work/Predicted Multiple Verbatim/Prediction in details display Competitors list FAILED because (of) Unable to verify object 'Object Repository/Display Accessibility list/Page_Guru TMDA (2)/div_row' is present (Root cause: com.kms.katalon.core.webui.exception.WebElementNotFoundException: Web element with id: 'Object Repository/Display Accessibility list/Page_Guru TMDA (2)/div_row' located by 'By.xpath: //div[count(. | /html[1]/body[1]/my-app[1]/app-predicted-results[1]/div[@class="container-fluid"]/div[@class="row centurygothic-font"]/div[@class="col-xs-12 col-sm-8 col-md-8 col-lg-9"]/div[2]/div[@class="row"]) = count(/html[1]/body[1]/my-app[1]/app-predicted-results[1]/div[@class="container-fluid"]/div[@class="row centurygothic-font"]/div[@class="col-xs-12 col-sm-8 col-md-8 col-lg-9"]/div[2]/div[@class="row"])]' not found)

2560-10-19 15:01:35 - [TEST_STEP][NOT_RUN] - openBrowser: NOT_RUN: openBrowser

2560-10-19 15:01:35 - [MESSAGE][NOT_RUN] - NOT_RUN: openBrowser

2560-10-19 15:01:35 - [TEST_STEP][NOT_RUN] - maximizeWindow: NOT_RUN: maximizeWindow

2560-10-19 15:01:35 - [MESSAGE][NOT_RUN] - NOT_RUN: maximizeWindow

2560-10-19 15:01:35 - [TEST_STEP][NOT_RUN] - navigateToUrl: NOT_RUN: navigateToUrl

2560-10-19 15:01:35 - [MESSAGE][NOT_RUN] - NOT_RUN: navigateToUrl

2560-10-19 15:01:35 - [TEST_STEP][NOT_RUN] - click: NOT_RUN: click

2560-10-19 15:01:35 - [MESSAGE][NOT_RUN] - NOT_RUN: click

2560-10-19 15:01:35 - [TEST_STEP][NOT_RUN] - setText: NOT_RUN: setText

2560-10-19 15:01:35 - [MESSAGE][NOT_RUN] - NOT_RUN: setText

2560-10-19 15:01:35 - [TEST_STEP][NOT_RUN] - setText: NOT_RUN: setText

2560-10-19 15:01:35 - [MESSAGE][NOT_RUN] - NOT_RUN: setText

2560-10-19 15:01:35 - [TEST_STEP][NOT_RUN] - click: NOT_RUN: click

2560-10-19 15:01:35 - [MESSAGE][NOT_RUN] - NOT_RUN: click

2560-10-19 15:01:35 - [TEST_STEP][NOT_RUN] - click: NOT_RUN: click

2560-10-19 15:01:35 - [MESSAGE][NOT_RUN] - NOT_RUN: click

2560-10-19 15:01:35 - [TEST_STEP][NOT_RUN] - click: NOT_RUN: click

2560-10-19 15:01:35 - [MESSAGE][NOT_RUN] - NOT_RUN: click

2560-10-19 15:01:35 - [TEST_STEP][NOT_RUN] - uploadFile: NOT_RUN: uploadFile

2560-10-19 15:01:35 - [MESSAGE][NOT_RUN] - NOT_RUN: uploadFile

2560-10-19 15:01:35 - [TEST_STEP][NOT_RUN] - waitForElementClickable: NOT_RUN: waitForElementClickable

2560-10-19 15:01:35 - [MESSAGE][NOT_RUN] - NOT_RUN: waitForElementClickable

2560-10-19 15:01:35 - [TEST_STEP][NOT_RUN] - click: NOT_RUN: click

2560-10-19 15:01:35 - [MESSAGE][NOT_RUN] - NOT_RUN: click

2560-10-19 15:01:35 - [TEST_STEP][NOT_RUN] - waitForElementNotPresent: NOT_RUN: waitForElementNotPresent

2560-10-19 15:01:35 - [MESSAGE][NOT_RUN] - NOT_RUN: waitForElementNotPresent

2560-10-19 15:01:35 - [TEST_STEP][NOT_RUN] - selectOptionByValue: NOT_RUN: selectOptionByValue

2560-10-19 15:01:35 - [MESSAGE][NOT_RUN] - NOT_RUN: selectOptionByValue

2560-10-19 15:01:35 - [TEST_STEP][NOT_RUN] - check: NOT_RUN: check

2560-10-19 15:01:35 - [MESSAGE][NOT_RUN] - NOT_RUN: check

2560-10-19 15:01:35 - [TEST_STEP][NOT_RUN] - click: NOT_RUN: click

2560-10-19 15:01:35 - [MESSAGE][NOT_RUN] - NOT_RUN: click

2560-10-19 15:01:35 - [TEST_STEP][NOT_RUN] - waitForElementNotPresent: NOT_RUN: waitForElementNotPresent

2560-10-19 15:01:35 - [MESSAGE][NOT_RUN] - NOT_RUN: waitForElementNotPresent

2560-10-19 15:01:35 - [TEST_STEP][NOT_RUN] - check: NOT_RUN: check

2560-10-19 15:01:35 - [MESSAGE][NOT_RUN] - NOT_RUN: check

2560-10-19 15:01:35 - [TEST_STEP][NOT_RUN] - scrollToElement: NOT_RUN: scrollToElement

2560-10-19 15:01:35 - [MESSAGE][NOT_RUN] - NOT_RUN: scrollToElement

2560-10-19 15:01:35 - [TEST_STEP][NOT_RUN] - click: NOT_RUN: click

2560-10-19 15:01:35 - [MESSAGE][NOT_RUN] - NOT_RUN: click

2560-10-19 15:01:35 - [TEST_STEP][NOT_RUN] - click: NOT_RUN: click

2560-10-19 15:01:35 - [MESSAGE][NOT_RUN] - NOT_RUN: click

2560-10-19 15:01:35 - [TEST_STEP][PASSED] - click: Object: 'Object Repository/Display select all list/Page_Guru TMDA (2)/label_Select All' is clicked on

2560-10-19 15:01:35 - [MESSAGE][PASSED] - Object: 'Object Repository/Display select all list/Page_Guru TMDA (2)/label_Select All' is clicked on

2560-10-19 15:01:35 - [TEST_STEP][PASSED] - click: Object: 'Object Repository/Display select all list/Page_Guru TMDA (2)/label_Select All' is clicked on

2560-10-19 15:01:36 - [MESSAGE][PASSED] - Object: 'Object Repository/Display select all list/Page_Guru TMDA (2)/label_Select All' is clicked on

2560-10-19 15:01:36 - [TEST_STEP][PASSED] - check: Object 'Object Repository/Display Competitors list/label_Competitors' is checked

2560-10-19 15:01:36 - [MESSAGE][PASSED] - Object 'Object Repository/Display Competitors list/label_Competitors' is checked

2560-10-19 15:01:36 - [TEST_STEP][FAILED] - verifyElementPresent: Unable to verify object 'Object Repository/Display Accessibility list/Page_Guru TMDA (2)/div_row' is present (Root cause: com.kms.katalon.core.webui.exception.WebElementNotFoundException: Web element with id: 'Object Repository/Display Accessibility list/Page_Guru TMDA (2)/div_row' located by 'By.xpath: //div[count(. | /html[1]/body[1]/my-app[1]/app-predicted-results[1]/div[@class="container-fluid"]/div[@class="row centurygothic-font"]/div[@class="col-xs-12 col-sm-8 col-md-8 col-lg-9"]/div[2]/div[@class="row"]) = count(/html[1]/body[1]/my-app[1]/app-predicted-results[1]/div[@class="container-fluid"]/div[@class="row centurygothic-font"]/div[@class="col-xs-12 col-sm-8 col-md-8 col-lg-9"]/div[2]/div[@class="row"])]' not found)

2560-10-19 15:01:40 - [MESSAGE][FAILED] - com.kms.katalon.core.webui.exception.WebElementNotFoundException: Web element with id: 'Object Repository/Display Accessibility list/Page_Guru TMDA (2)/div_row' located by 'By.xpath: //div[count(. | /html[1]/body[1]/my-app[1]/app-predicted-results[1]/div[@class="container-fluid"]/div[@class="row centurygothic-font"]/div[@class="col-xs-12 col-sm-8 col-md-8 col-lg-9"]/div[2]/div[@class="row"]) = count(/html[1]/body[1]/my-app[1]/app-predicted-results[1]/div[@class="container-fluid"]/div[@class="row centurygothic-font"]/div[@class="col-xs-12 col-sm-8 col-md-8 col-lg-9"]/div[2]/div[@class="row"])]' not found
[[ATTACHMENT|C:\\Users\\PIEW\\Katalon Studio\\GuruTMDA\\Reports\\Basic work\\25601019_145938\\1508400100036.png]]

2560-10-19 15:01:40 - [MESSAGE][FAILED] - Unable to verify object 'Object Repository/Display Accessibility list/Page_Guru TMDA (2)/div_row' is present (Root cause: com.kms.katalon.core.webui.exception.WebElementNotFoundException: Web element with id: 'Object Repository/Display Accessibility list/Page_Guru TMDA (2)/div_row' located by 'By.xpath: //div[count(. | /html[1]/body[1]/my-app[1]/app-predicted-results[1]/div[@class="container-fluid"]/div[@class="row centurygothic-font"]/div[@class="col-xs-12 col-sm-8 col-md-8 col-lg-9"]/div[2]/div[@class="row"]) = count(/html[1]/body[1]/my-app[1]/app-predicted-results[1]/div[@class="container-fluid"]/div[@class="row centurygothic-font"]/div[@class="col-xs-12 col-sm-8 col-md-8 col-lg-9"]/div[2]/div[@class="row"])]' not found)
[[ATTACHMENT|C:\\Users\\PIEW\\Katalon Studio\\GuruTMDA\\Reports\\Basic work\\25601019_145938\\1508400100366.png]]]]></system-out>
         <system-err><![CDATA[2560-10-19 15:01:35 - [TEST_CASE][FAILED] - Test Cases/Basic work/Predicted Multiple Verbatim/Prediction in details display Competitors list: Test Cases/Basic work/Predicted Multiple Verbatim/Prediction in details display Competitors list FAILED because (of) Unable to verify object 'Object Repository/Display Accessibility list/Page_Guru TMDA (2)/div_row' is present (Root cause: com.kms.katalon.core.webui.exception.WebElementNotFoundException: Web element with id: 'Object Repository/Display Accessibility list/Page_Guru TMDA (2)/div_row' located by 'By.xpath: //div[count(. | /html[1]/body[1]/my-app[1]/app-predicted-results[1]/div[@class="container-fluid"]/div[@class="row centurygothic-font"]/div[@class="col-xs-12 col-sm-8 col-md-8 col-lg-9"]/div[2]/div[@class="row"]) = count(/html[1]/body[1]/my-app[1]/app-predicted-results[1]/div[@class="container-fluid"]/div[@class="row centurygothic-font"]/div[@class="col-xs-12 col-sm-8 col-md-8 col-lg-9"]/div[2]/div[@class="row"])]' not found)]]></system-err>
      </testcase>
      <testcase name="Test Cases/Basic work/Predicted Multiple Verbatim/Prediction in details display Private Reason list" classname="Test Cases/Basic work/Predicted Multiple Verbatim/Prediction in details display Private Reason list" status="PASSED">
         <system-out><![CDATA[2560-10-19 15:01:40 - [TEST_CASE][PASSED] - Test Cases/Basic work/Predicted Multiple Verbatim/Prediction in details display Private Reason list: Test Cases/Basic work/Predicted Multiple Verbatim/Prediction in details display Private Reason list

2560-10-19 15:01:40 - [TEST_STEP][NOT_RUN] - openBrowser: NOT_RUN: openBrowser

2560-10-19 15:01:40 - [MESSAGE][NOT_RUN] - NOT_RUN: openBrowser

2560-10-19 15:01:40 - [TEST_STEP][NOT_RUN] - maximizeWindow: NOT_RUN: maximizeWindow

2560-10-19 15:01:40 - [MESSAGE][NOT_RUN] - NOT_RUN: maximizeWindow

2560-10-19 15:01:40 - [TEST_STEP][NOT_RUN] - navigateToUrl: NOT_RUN: navigateToUrl

2560-10-19 15:01:40 - [MESSAGE][NOT_RUN] - NOT_RUN: navigateToUrl

2560-10-19 15:01:40 - [TEST_STEP][NOT_RUN] - click: NOT_RUN: click

2560-10-19 15:01:40 - [MESSAGE][NOT_RUN] - NOT_RUN: click

2560-10-19 15:01:40 - [TEST_STEP][NOT_RUN] - setText: NOT_RUN: setText

2560-10-19 15:01:40 - [MESSAGE][NOT_RUN] - NOT_RUN: setText

2560-10-19 15:01:40 - [TEST_STEP][NOT_RUN] - setText: NOT_RUN: setText

2560-10-19 15:01:40 - [MESSAGE][NOT_RUN] - NOT_RUN: setText

2560-10-19 15:01:40 - [TEST_STEP][NOT_RUN] - click: NOT_RUN: click

2560-10-19 15:01:40 - [MESSAGE][NOT_RUN] - NOT_RUN: click

2560-10-19 15:01:40 - [TEST_STEP][NOT_RUN] - click: NOT_RUN: click

2560-10-19 15:01:40 - [MESSAGE][NOT_RUN] - NOT_RUN: click

2560-10-19 15:01:40 - [TEST_STEP][NOT_RUN] - click: NOT_RUN: click

2560-10-19 15:01:40 - [MESSAGE][NOT_RUN] - NOT_RUN: click

2560-10-19 15:01:40 - [TEST_STEP][NOT_RUN] - uploadFile: NOT_RUN: uploadFile

2560-10-19 15:01:40 - [MESSAGE][NOT_RUN] - NOT_RUN: uploadFile

2560-10-19 15:01:40 - [TEST_STEP][NOT_RUN] - waitForElementClickable: NOT_RUN: waitForElementClickable

2560-10-19 15:01:40 - [MESSAGE][NOT_RUN] - NOT_RUN: waitForElementClickable

2560-10-19 15:01:40 - [TEST_STEP][NOT_RUN] - click: NOT_RUN: click

2560-10-19 15:01:40 - [MESSAGE][NOT_RUN] - NOT_RUN: click

2560-10-19 15:01:40 - [TEST_STEP][NOT_RUN] - waitForElementNotPresent: NOT_RUN: waitForElementNotPresent

2560-10-19 15:01:40 - [MESSAGE][NOT_RUN] - NOT_RUN: waitForElementNotPresent

2560-10-19 15:01:40 - [TEST_STEP][NOT_RUN] - selectOptionByValue: NOT_RUN: selectOptionByValue

2560-10-19 15:01:40 - [MESSAGE][NOT_RUN] - NOT_RUN: selectOptionByValue

2560-10-19 15:01:40 - [TEST_STEP][NOT_RUN] - check: NOT_RUN: check

2560-10-19 15:01:40 - [MESSAGE][NOT_RUN] - NOT_RUN: check

2560-10-19 15:01:40 - [TEST_STEP][NOT_RUN] - click: NOT_RUN: click

2560-10-19 15:01:40 - [MESSAGE][NOT_RUN] - NOT_RUN: click

2560-10-19 15:01:40 - [TEST_STEP][NOT_RUN] - waitForElementNotPresent: NOT_RUN: waitForElementNotPresent

2560-10-19 15:01:40 - [MESSAGE][NOT_RUN] - NOT_RUN: waitForElementNotPresent

2560-10-19 15:01:40 - [TEST_STEP][NOT_RUN] - check: NOT_RUN: check

2560-10-19 15:01:40 - [MESSAGE][NOT_RUN] - NOT_RUN: check

2560-10-19 15:01:40 - [TEST_STEP][NOT_RUN] - scrollToElement: NOT_RUN: scrollToElement

2560-10-19 15:01:40 - [MESSAGE][NOT_RUN] - NOT_RUN: scrollToElement

2560-10-19 15:01:40 - [TEST_STEP][NOT_RUN] - click: NOT_RUN: click

2560-10-19 15:01:40 - [MESSAGE][NOT_RUN] - NOT_RUN: click

2560-10-19 15:01:40 - [TEST_STEP][NOT_RUN] - click: NOT_RUN: click

2560-10-19 15:01:40 - [MESSAGE][NOT_RUN] - NOT_RUN: click

2560-10-19 15:01:40 - [TEST_STEP][PASSED] - click: Object: 'Object Repository/Display select all list/Page_Guru TMDA (2)/label_Select All' is clicked on

2560-10-19 15:01:41 - [MESSAGE][PASSED] - Object: 'Object Repository/Display select all list/Page_Guru TMDA (2)/label_Select All' is clicked on

2560-10-19 15:01:41 - [TEST_STEP][PASSED] - click: Object: 'Object Repository/Display select all list/Page_Guru TMDA (2)/label_Select All' is clicked on

2560-10-19 15:01:41 - [MESSAGE][PASSED] - Object: 'Object Repository/Display select all list/Page_Guru TMDA (2)/label_Select All' is clicked on

2560-10-19 15:01:41 - [TEST_STEP][PASSED] - check: Object 'Object Repository/Display Private reason list/label_Private Reason' is checked

2560-10-19 15:01:41 - [MESSAGE][PASSED] - Object 'Object Repository/Display Private reason list/label_Private Reason' is checked

2560-10-19 15:01:41 - [TEST_STEP][PASSED] - verifyElementPresent: Object 'Object Repository/Display Accessibility list/Page_Guru TMDA (2)/div_row' is present

2560-10-19 15:01:41 - [MESSAGE][PASSED] - Object 'Object Repository/Display Accessibility list/Page_Guru TMDA (2)/div_row' is present

2560-10-19 15:01:41 - [TEST_STEP][NOT_RUN] - closeBrowser: NOT_RUN: closeBrowser

2560-10-19 15:01:41 - [MESSAGE][NOT_RUN] - NOT_RUN: closeBrowser]]></system-out>
         <system-err><![CDATA[]]></system-err>
      </testcase>
      <testcase name="Test Cases/Basic work/Predicted Multiple Verbatim/Prediction in details display Process list" classname="Test Cases/Basic work/Predicted Multiple Verbatim/Prediction in details display Process list" status="FAILED">
         <failure type="FAILED" message="Unable to verify object 'Object Repository/Display Accessibility list/Page_Guru TMDA (2)/div_row' is present (Root cause: com.kms.katalon.core.webui.exception.WebElementNotFoundException: Web element with id: 'Object Repository/Display Accessibility list/Page_Guru TMDA (2)/div_row' located by 'By.xpath: //div[count(. | /html[1]/body[1]/my-app[1]/app-predicted-results[1]/div[@class=&quot;container-fluid&quot;]/div[@class=&quot;row centurygothic-font&quot;]/div[@class=&quot;col-xs-12 col-sm-8 col-md-8 col-lg-9&quot;]/div[2]/div[@class=&quot;row&quot;]) = count(/html[1]/body[1]/my-app[1]/app-predicted-results[1]/div[@class=&quot;container-fluid&quot;]/div[@class=&quot;row centurygothic-font&quot;]/div[@class=&quot;col-xs-12 col-sm-8 col-md-8 col-lg-9&quot;]/div[2]/div[@class=&quot;row&quot;])]' not found)"/>
         <system-out><![CDATA[2560-10-19 15:01:41 - [TEST_CASE][FAILED] - Test Cases/Basic work/Predicted Multiple Verbatim/Prediction in details display Process list: Test Cases/Basic work/Predicted Multiple Verbatim/Prediction in details display Process list FAILED because (of) Unable to verify object 'Object Repository/Display Accessibility list/Page_Guru TMDA (2)/div_row' is present (Root cause: com.kms.katalon.core.webui.exception.WebElementNotFoundException: Web element with id: 'Object Repository/Display Accessibility list/Page_Guru TMDA (2)/div_row' located by 'By.xpath: //div[count(. | /html[1]/body[1]/my-app[1]/app-predicted-results[1]/div[@class="container-fluid"]/div[@class="row centurygothic-font"]/div[@class="col-xs-12 col-sm-8 col-md-8 col-lg-9"]/div[2]/div[@class="row"]) = count(/html[1]/body[1]/my-app[1]/app-predicted-results[1]/div[@class="container-fluid"]/div[@class="row centurygothic-font"]/div[@class="col-xs-12 col-sm-8 col-md-8 col-lg-9"]/div[2]/div[@class="row"])]' not found)

2560-10-19 15:01:41 - [TEST_STEP][NOT_RUN] - openBrowser: NOT_RUN: openBrowser

2560-10-19 15:01:41 - [MESSAGE][NOT_RUN] - NOT_RUN: openBrowser

2560-10-19 15:01:41 - [TEST_STEP][NOT_RUN] - maximizeWindow: NOT_RUN: maximizeWindow

2560-10-19 15:01:41 - [MESSAGE][NOT_RUN] - NOT_RUN: maximizeWindow

2560-10-19 15:01:41 - [TEST_STEP][NOT_RUN] - navigateToUrl: NOT_RUN: navigateToUrl

2560-10-19 15:01:41 - [MESSAGE][NOT_RUN] - NOT_RUN: navigateToUrl

2560-10-19 15:01:41 - [TEST_STEP][NOT_RUN] - click: NOT_RUN: click

2560-10-19 15:01:41 - [MESSAGE][NOT_RUN] - NOT_RUN: click

2560-10-19 15:01:41 - [TEST_STEP][NOT_RUN] - setText: NOT_RUN: setText

2560-10-19 15:01:41 - [MESSAGE][NOT_RUN] - NOT_RUN: setText

2560-10-19 15:01:41 - [TEST_STEP][NOT_RUN] - setText: NOT_RUN: setText

2560-10-19 15:01:41 - [MESSAGE][NOT_RUN] - NOT_RUN: setText

2560-10-19 15:01:41 - [TEST_STEP][NOT_RUN] - click: NOT_RUN: click

2560-10-19 15:01:41 - [MESSAGE][NOT_RUN] - NOT_RUN: click

2560-10-19 15:01:41 - [TEST_STEP][NOT_RUN] - click: NOT_RUN: click

2560-10-19 15:01:41 - [MESSAGE][NOT_RUN] - NOT_RUN: click

2560-10-19 15:01:41 - [TEST_STEP][NOT_RUN] - click: NOT_RUN: click

2560-10-19 15:01:42 - [MESSAGE][NOT_RUN] - NOT_RUN: click

2560-10-19 15:01:42 - [TEST_STEP][NOT_RUN] - uploadFile: NOT_RUN: uploadFile

2560-10-19 15:01:42 - [MESSAGE][NOT_RUN] - NOT_RUN: uploadFile

2560-10-19 15:01:42 - [TEST_STEP][NOT_RUN] - waitForElementClickable: NOT_RUN: waitForElementClickable

2560-10-19 15:01:42 - [MESSAGE][NOT_RUN] - NOT_RUN: waitForElementClickable

2560-10-19 15:01:42 - [TEST_STEP][NOT_RUN] - click: NOT_RUN: click

2560-10-19 15:01:42 - [MESSAGE][NOT_RUN] - NOT_RUN: click

2560-10-19 15:01:42 - [TEST_STEP][NOT_RUN] - waitForElementNotPresent: NOT_RUN: waitForElementNotPresent

2560-10-19 15:01:42 - [MESSAGE][NOT_RUN] - NOT_RUN: waitForElementNotPresent

2560-10-19 15:01:42 - [TEST_STEP][NOT_RUN] - selectOptionByValue: NOT_RUN: selectOptionByValue

2560-10-19 15:01:42 - [MESSAGE][NOT_RUN] - NOT_RUN: selectOptionByValue

2560-10-19 15:01:42 - [TEST_STEP][NOT_RUN] - check: NOT_RUN: check

2560-10-19 15:01:42 - [MESSAGE][NOT_RUN] - NOT_RUN: check

2560-10-19 15:01:42 - [TEST_STEP][NOT_RUN] - click: NOT_RUN: click

2560-10-19 15:01:42 - [MESSAGE][NOT_RUN] - NOT_RUN: click

2560-10-19 15:01:42 - [TEST_STEP][NOT_RUN] - waitForElementNotPresent: NOT_RUN: waitForElementNotPresent

2560-10-19 15:01:42 - [MESSAGE][NOT_RUN] - NOT_RUN: waitForElementNotPresent

2560-10-19 15:01:42 - [TEST_STEP][NOT_RUN] - check: NOT_RUN: check

2560-10-19 15:01:42 - [MESSAGE][NOT_RUN] - NOT_RUN: check

2560-10-19 15:01:42 - [TEST_STEP][NOT_RUN] - scrollToElement: NOT_RUN: scrollToElement

2560-10-19 15:01:42 - [MESSAGE][NOT_RUN] - NOT_RUN: scrollToElement

2560-10-19 15:01:42 - [TEST_STEP][NOT_RUN] - click: NOT_RUN: click

2560-10-19 15:01:42 - [MESSAGE][NOT_RUN] - NOT_RUN: click

2560-10-19 15:01:42 - [TEST_STEP][NOT_RUN] - click: NOT_RUN: click

2560-10-19 15:01:42 - [MESSAGE][NOT_RUN] - NOT_RUN: click

2560-10-19 15:01:42 - [TEST_STEP][PASSED] - click: Object: 'Object Repository/Display select all list/Page_Guru TMDA (2)/label_Select All' is clicked on

2560-10-19 15:01:43 - [MESSAGE][PASSED] - Object: 'Object Repository/Display select all list/Page_Guru TMDA (2)/label_Select All' is clicked on

2560-10-19 15:01:43 - [TEST_STEP][PASSED] - click: Object: 'Object Repository/Display select all list/Page_Guru TMDA (2)/label_Select All' is clicked on

2560-10-19 15:01:43 - [MESSAGE][PASSED] - Object: 'Object Repository/Display select all list/Page_Guru TMDA (2)/label_Select All' is clicked on

2560-10-19 15:01:43 - [TEST_STEP][PASSED] - check: Object 'Object Repository/Display Process list/label_Process' is checked

2560-10-19 15:01:43 - [MESSAGE][PASSED] - Object 'Object Repository/Display Process list/label_Process' is checked

2560-10-19 15:01:43 - [TEST_STEP][FAILED] - verifyElementPresent: Unable to verify object 'Object Repository/Display Accessibility list/Page_Guru TMDA (2)/div_row' is present (Root cause: com.kms.katalon.core.webui.exception.WebElementNotFoundException: Web element with id: 'Object Repository/Display Accessibility list/Page_Guru TMDA (2)/div_row' located by 'By.xpath: //div[count(. | /html[1]/body[1]/my-app[1]/app-predicted-results[1]/div[@class="container-fluid"]/div[@class="row centurygothic-font"]/div[@class="col-xs-12 col-sm-8 col-md-8 col-lg-9"]/div[2]/div[@class="row"]) = count(/html[1]/body[1]/my-app[1]/app-predicted-results[1]/div[@class="container-fluid"]/div[@class="row centurygothic-font"]/div[@class="col-xs-12 col-sm-8 col-md-8 col-lg-9"]/div[2]/div[@class="row"])]' not found)

2560-10-19 15:01:46 - [MESSAGE][FAILED] - com.kms.katalon.core.webui.exception.WebElementNotFoundException: Web element with id: 'Object Repository/Display Accessibility list/Page_Guru TMDA (2)/div_row' located by 'By.xpath: //div[count(. | /html[1]/body[1]/my-app[1]/app-predicted-results[1]/div[@class="container-fluid"]/div[@class="row centurygothic-font"]/div[@class="col-xs-12 col-sm-8 col-md-8 col-lg-9"]/div[2]/div[@class="row"]) = count(/html[1]/body[1]/my-app[1]/app-predicted-results[1]/div[@class="container-fluid"]/div[@class="row centurygothic-font"]/div[@class="col-xs-12 col-sm-8 col-md-8 col-lg-9"]/div[2]/div[@class="row"])]' not found
[[ATTACHMENT|C:\\Users\\PIEW\\Katalon Studio\\GuruTMDA\\Reports\\Basic work\\25601019_145938\\1508400106616.png]]

2560-10-19 15:01:47 - [MESSAGE][FAILED] - Unable to verify object 'Object Repository/Display Accessibility list/Page_Guru TMDA (2)/div_row' is present (Root cause: com.kms.katalon.core.webui.exception.WebElementNotFoundException: Web element with id: 'Object Repository/Display Accessibility list/Page_Guru TMDA (2)/div_row' located by 'By.xpath: //div[count(. | /html[1]/body[1]/my-app[1]/app-predicted-results[1]/div[@class="container-fluid"]/div[@class="row centurygothic-font"]/div[@class="col-xs-12 col-sm-8 col-md-8 col-lg-9"]/div[2]/div[@class="row"]) = count(/html[1]/body[1]/my-app[1]/app-predicted-results[1]/div[@class="container-fluid"]/div[@class="row centurygothic-font"]/div[@class="col-xs-12 col-sm-8 col-md-8 col-lg-9"]/div[2]/div[@class="row"])]' not found)
[[ATTACHMENT|C:\\Users\\PIEW\\Katalon Studio\\GuruTMDA\\Reports\\Basic work\\25601019_145938\\1508400106903.png]]]]></system-out>
         <system-err><![CDATA[2560-10-19 15:01:41 - [TEST_CASE][FAILED] - Test Cases/Basic work/Predicted Multiple Verbatim/Prediction in details display Process list: Test Cases/Basic work/Predicted Multiple Verbatim/Prediction in details display Process list FAILED because (of) Unable to verify object 'Object Repository/Display Accessibility list/Page_Guru TMDA (2)/div_row' is present (Root cause: com.kms.katalon.core.webui.exception.WebElementNotFoundException: Web element with id: 'Object Repository/Display Accessibility list/Page_Guru TMDA (2)/div_row' located by 'By.xpath: //div[count(. | /html[1]/body[1]/my-app[1]/app-predicted-results[1]/div[@class="container-fluid"]/div[@class="row centurygothic-font"]/div[@class="col-xs-12 col-sm-8 col-md-8 col-lg-9"]/div[2]/div[@class="row"]) = count(/html[1]/body[1]/my-app[1]/app-predicted-results[1]/div[@class="container-fluid"]/div[@class="row centurygothic-font"]/div[@class="col-xs-12 col-sm-8 col-md-8 col-lg-9"]/div[2]/div[@class="row"])]' not found)]]></system-err>
      </testcase>
      <testcase name="Test Cases/Basic work/Predicted Multiple Verbatim/Prediction in details display Product Feature list" classname="Test Cases/Basic work/Predicted Multiple Verbatim/Prediction in details display Product Feature list" status="FAILED">
         <failure type="FAILED" message="Unable to verify object 'Object Repository/Display Accessibility list/Page_Guru TMDA (2)/div_row' is present (Root cause: com.kms.katalon.core.webui.exception.WebElementNotFoundException: Web element with id: 'Object Repository/Display Accessibility list/Page_Guru TMDA (2)/div_row' located by 'By.xpath: //div[count(. | /html[1]/body[1]/my-app[1]/app-predicted-results[1]/div[@class=&quot;container-fluid&quot;]/div[@class=&quot;row centurygothic-font&quot;]/div[@class=&quot;col-xs-12 col-sm-8 col-md-8 col-lg-9&quot;]/div[2]/div[@class=&quot;row&quot;]) = count(/html[1]/body[1]/my-app[1]/app-predicted-results[1]/div[@class=&quot;container-fluid&quot;]/div[@class=&quot;row centurygothic-font&quot;]/div[@class=&quot;col-xs-12 col-sm-8 col-md-8 col-lg-9&quot;]/div[2]/div[@class=&quot;row&quot;])]' not found)"/>
         <system-out><![CDATA[2560-10-19 15:01:47 - [TEST_CASE][FAILED] - Test Cases/Basic work/Predicted Multiple Verbatim/Prediction in details display Product Feature list: Test Cases/Basic work/Predicted Multiple Verbatim/Prediction in details display Product Feature list FAILED because (of) Unable to verify object 'Object Repository/Display Accessibility list/Page_Guru TMDA (2)/div_row' is present (Root cause: com.kms.katalon.core.webui.exception.WebElementNotFoundException: Web element with id: 'Object Repository/Display Accessibility list/Page_Guru TMDA (2)/div_row' located by 'By.xpath: //div[count(. | /html[1]/body[1]/my-app[1]/app-predicted-results[1]/div[@class="container-fluid"]/div[@class="row centurygothic-font"]/div[@class="col-xs-12 col-sm-8 col-md-8 col-lg-9"]/div[2]/div[@class="row"]) = count(/html[1]/body[1]/my-app[1]/app-predicted-results[1]/div[@class="container-fluid"]/div[@class="row centurygothic-font"]/div[@class="col-xs-12 col-sm-8 col-md-8 col-lg-9"]/div[2]/div[@class="row"])]' not found)

2560-10-19 15:01:47 - [TEST_STEP][NOT_RUN] - openBrowser: NOT_RUN: openBrowser

2560-10-19 15:01:47 - [MESSAGE][NOT_RUN] - NOT_RUN: openBrowser

2560-10-19 15:01:47 - [TEST_STEP][NOT_RUN] - maximizeWindow: NOT_RUN: maximizeWindow

2560-10-19 15:01:47 - [MESSAGE][NOT_RUN] - NOT_RUN: maximizeWindow

2560-10-19 15:01:47 - [TEST_STEP][NOT_RUN] - navigateToUrl: NOT_RUN: navigateToUrl

2560-10-19 15:01:47 - [MESSAGE][NOT_RUN] - NOT_RUN: navigateToUrl

2560-10-19 15:01:47 - [TEST_STEP][NOT_RUN] - click: NOT_RUN: click

2560-10-19 15:01:47 - [MESSAGE][NOT_RUN] - NOT_RUN: click

2560-10-19 15:01:47 - [TEST_STEP][NOT_RUN] - setText: NOT_RUN: setText

2560-10-19 15:01:47 - [MESSAGE][NOT_RUN] - NOT_RUN: setText

2560-10-19 15:01:47 - [TEST_STEP][NOT_RUN] - setText: NOT_RUN: setText

2560-10-19 15:01:47 - [MESSAGE][NOT_RUN] - NOT_RUN: setText

2560-10-19 15:01:47 - [TEST_STEP][NOT_RUN] - click: NOT_RUN: click

2560-10-19 15:01:47 - [MESSAGE][NOT_RUN] - NOT_RUN: click

2560-10-19 15:01:47 - [TEST_STEP][NOT_RUN] - click: NOT_RUN: click

2560-10-19 15:01:47 - [MESSAGE][NOT_RUN] - NOT_RUN: click

2560-10-19 15:01:47 - [TEST_STEP][NOT_RUN] - click: NOT_RUN: click

2560-10-19 15:01:47 - [MESSAGE][NOT_RUN] - NOT_RUN: click

2560-10-19 15:01:47 - [TEST_STEP][NOT_RUN] - uploadFile: NOT_RUN: uploadFile

2560-10-19 15:01:47 - [MESSAGE][NOT_RUN] - NOT_RUN: uploadFile

2560-10-19 15:01:47 - [TEST_STEP][NOT_RUN] - waitForElementClickable: NOT_RUN: waitForElementClickable

2560-10-19 15:01:47 - [MESSAGE][NOT_RUN] - NOT_RUN: waitForElementClickable

2560-10-19 15:01:47 - [TEST_STEP][NOT_RUN] - click: NOT_RUN: click

2560-10-19 15:01:47 - [MESSAGE][NOT_RUN] - NOT_RUN: click

2560-10-19 15:01:47 - [TEST_STEP][NOT_RUN] - waitForElementNotPresent: NOT_RUN: waitForElementNotPresent

2560-10-19 15:01:47 - [MESSAGE][NOT_RUN] - NOT_RUN: waitForElementNotPresent

2560-10-19 15:01:47 - [TEST_STEP][NOT_RUN] - selectOptionByValue: NOT_RUN: selectOptionByValue

2560-10-19 15:01:47 - [MESSAGE][NOT_RUN] - NOT_RUN: selectOptionByValue

2560-10-19 15:01:47 - [TEST_STEP][NOT_RUN] - check: NOT_RUN: check

2560-10-19 15:01:47 - [MESSAGE][NOT_RUN] - NOT_RUN: check

2560-10-19 15:01:47 - [TEST_STEP][NOT_RUN] - click: NOT_RUN: click

2560-10-19 15:01:47 - [MESSAGE][NOT_RUN] - NOT_RUN: click

2560-10-19 15:01:47 - [TEST_STEP][NOT_RUN] - waitForElementNotPresent: NOT_RUN: waitForElementNotPresent

2560-10-19 15:01:47 - [MESSAGE][NOT_RUN] - NOT_RUN: waitForElementNotPresent

2560-10-19 15:01:47 - [TEST_STEP][NOT_RUN] - check: NOT_RUN: check

2560-10-19 15:01:47 - [MESSAGE][NOT_RUN] - NOT_RUN: check

2560-10-19 15:01:47 - [TEST_STEP][NOT_RUN] - scrollToElement: NOT_RUN: scrollToElement

2560-10-19 15:01:47 - [MESSAGE][NOT_RUN] - NOT_RUN: scrollToElement

2560-10-19 15:01:47 - [TEST_STEP][NOT_RUN] - click: NOT_RUN: click

2560-10-19 15:01:47 - [MESSAGE][NOT_RUN] - NOT_RUN: click

2560-10-19 15:01:47 - [TEST_STEP][NOT_RUN] - click: NOT_RUN: click

2560-10-19 15:01:47 - [MESSAGE][NOT_RUN] - NOT_RUN: click

2560-10-19 15:01:47 - [TEST_STEP][PASSED] - click: Object: 'Object Repository/Display select all list/Page_Guru TMDA (2)/label_Select All' is clicked on

2560-10-19 15:01:47 - [MESSAGE][PASSED] - Object: 'Object Repository/Display select all list/Page_Guru TMDA (2)/label_Select All' is clicked on

2560-10-19 15:01:47 - [TEST_STEP][PASSED] - click: Object: 'Object Repository/Display select all list/Page_Guru TMDA (2)/label_Select All' is clicked on

2560-10-19 15:01:47 - [MESSAGE][PASSED] - Object: 'Object Repository/Display select all list/Page_Guru TMDA (2)/label_Select All' is clicked on

2560-10-19 15:01:47 - [TEST_STEP][PASSED] - check: Object 'Object Repository/Display product feature list/label_Product Feature' is checked

2560-10-19 15:01:48 - [MESSAGE][PASSED] - Object 'Object Repository/Display product feature list/label_Product Feature' is checked

2560-10-19 15:01:48 - [TEST_STEP][FAILED] - verifyElementPresent: Unable to verify object 'Object Repository/Display Accessibility list/Page_Guru TMDA (2)/div_row' is present (Root cause: com.kms.katalon.core.webui.exception.WebElementNotFoundException: Web element with id: 'Object Repository/Display Accessibility list/Page_Guru TMDA (2)/div_row' located by 'By.xpath: //div[count(. | /html[1]/body[1]/my-app[1]/app-predicted-results[1]/div[@class="container-fluid"]/div[@class="row centurygothic-font"]/div[@class="col-xs-12 col-sm-8 col-md-8 col-lg-9"]/div[2]/div[@class="row"]) = count(/html[1]/body[1]/my-app[1]/app-predicted-results[1]/div[@class="container-fluid"]/div[@class="row centurygothic-font"]/div[@class="col-xs-12 col-sm-8 col-md-8 col-lg-9"]/div[2]/div[@class="row"])]' not found)

2560-10-19 15:01:51 - [MESSAGE][FAILED] - com.kms.katalon.core.webui.exception.WebElementNotFoundException: Web element with id: 'Object Repository/Display Accessibility list/Page_Guru TMDA (2)/div_row' located by 'By.xpath: //div[count(. | /html[1]/body[1]/my-app[1]/app-predicted-results[1]/div[@class="container-fluid"]/div[@class="row centurygothic-font"]/div[@class="col-xs-12 col-sm-8 col-md-8 col-lg-9"]/div[2]/div[@class="row"]) = count(/html[1]/body[1]/my-app[1]/app-predicted-results[1]/div[@class="container-fluid"]/div[@class="row centurygothic-font"]/div[@class="col-xs-12 col-sm-8 col-md-8 col-lg-9"]/div[2]/div[@class="row"])]' not found
[[ATTACHMENT|C:\\Users\\PIEW\\Katalon Studio\\GuruTMDA\\Reports\\Basic work\\25601019_145938\\1508400111363.png]]

2560-10-19 15:01:51 - [MESSAGE][FAILED] - Unable to verify object 'Object Repository/Display Accessibility list/Page_Guru TMDA (2)/div_row' is present (Root cause: com.kms.katalon.core.webui.exception.WebElementNotFoundException: Web element with id: 'Object Repository/Display Accessibility list/Page_Guru TMDA (2)/div_row' located by 'By.xpath: //div[count(. | /html[1]/body[1]/my-app[1]/app-predicted-results[1]/div[@class="container-fluid"]/div[@class="row centurygothic-font"]/div[@class="col-xs-12 col-sm-8 col-md-8 col-lg-9"]/div[2]/div[@class="row"]) = count(/html[1]/body[1]/my-app[1]/app-predicted-results[1]/div[@class="container-fluid"]/div[@class="row centurygothic-font"]/div[@class="col-xs-12 col-sm-8 col-md-8 col-lg-9"]/div[2]/div[@class="row"])]' not found)
[[ATTACHMENT|C:\\Users\\PIEW\\Katalon Studio\\GuruTMDA\\Reports\\Basic work\\25601019_145938\\1508400111656.png]]]]></system-out>
         <system-err><![CDATA[2560-10-19 15:01:47 - [TEST_CASE][FAILED] - Test Cases/Basic work/Predicted Multiple Verbatim/Prediction in details display Product Feature list: Test Cases/Basic work/Predicted Multiple Verbatim/Prediction in details display Product Feature list FAILED because (of) Unable to verify object 'Object Repository/Display Accessibility list/Page_Guru TMDA (2)/div_row' is present (Root cause: com.kms.katalon.core.webui.exception.WebElementNotFoundException: Web element with id: 'Object Repository/Display Accessibility list/Page_Guru TMDA (2)/div_row' located by 'By.xpath: //div[count(. | /html[1]/body[1]/my-app[1]/app-predicted-results[1]/div[@class="container-fluid"]/div[@class="row centurygothic-font"]/div[@class="col-xs-12 col-sm-8 col-md-8 col-lg-9"]/div[2]/div[@class="row"]) = count(/html[1]/body[1]/my-app[1]/app-predicted-results[1]/div[@class="container-fluid"]/div[@class="row centurygothic-font"]/div[@class="col-xs-12 col-sm-8 col-md-8 col-lg-9"]/div[2]/div[@class="row"])]' not found)]]></system-err>
      </testcase>
      <testcase name="Test Cases/Basic work/Predicted Multiple Verbatim/Prediction in details display Staff Quality list" classname="Test Cases/Basic work/Predicted Multiple Verbatim/Prediction in details display Staff Quality list" status="PASSED">
         <system-out><![CDATA[2560-10-19 15:01:52 - [TEST_CASE][PASSED] - Test Cases/Basic work/Predicted Multiple Verbatim/Prediction in details display Staff Quality list: Test Cases/Basic work/Predicted Multiple Verbatim/Prediction in details display Staff Quality list

2560-10-19 15:01:52 - [TEST_STEP][NOT_RUN] - openBrowser: NOT_RUN: openBrowser

2560-10-19 15:01:52 - [MESSAGE][NOT_RUN] - NOT_RUN: openBrowser

2560-10-19 15:01:52 - [TEST_STEP][NOT_RUN] - maximizeWindow: NOT_RUN: maximizeWindow

2560-10-19 15:01:52 - [MESSAGE][NOT_RUN] - NOT_RUN: maximizeWindow

2560-10-19 15:01:52 - [TEST_STEP][NOT_RUN] - navigateToUrl: NOT_RUN: navigateToUrl

2560-10-19 15:01:52 - [MESSAGE][NOT_RUN] - NOT_RUN: navigateToUrl

2560-10-19 15:01:52 - [TEST_STEP][NOT_RUN] - click: NOT_RUN: click

2560-10-19 15:01:52 - [MESSAGE][NOT_RUN] - NOT_RUN: click

2560-10-19 15:01:52 - [TEST_STEP][NOT_RUN] - setText: NOT_RUN: setText

2560-10-19 15:01:52 - [MESSAGE][NOT_RUN] - NOT_RUN: setText

2560-10-19 15:01:52 - [TEST_STEP][NOT_RUN] - setText: NOT_RUN: setText

2560-10-19 15:01:52 - [MESSAGE][NOT_RUN] - NOT_RUN: setText

2560-10-19 15:01:52 - [TEST_STEP][NOT_RUN] - click: NOT_RUN: click

2560-10-19 15:01:52 - [MESSAGE][NOT_RUN] - NOT_RUN: click

2560-10-19 15:01:52 - [TEST_STEP][NOT_RUN] - click: NOT_RUN: click

2560-10-19 15:01:52 - [MESSAGE][NOT_RUN] - NOT_RUN: click

2560-10-19 15:01:52 - [TEST_STEP][NOT_RUN] - click: NOT_RUN: click

2560-10-19 15:01:52 - [MESSAGE][NOT_RUN] - NOT_RUN: click

2560-10-19 15:01:52 - [TEST_STEP][NOT_RUN] - uploadFile: NOT_RUN: uploadFile

2560-10-19 15:01:52 - [MESSAGE][NOT_RUN] - NOT_RUN: uploadFile

2560-10-19 15:01:52 - [TEST_STEP][NOT_RUN] - waitForElementClickable: NOT_RUN: waitForElementClickable

2560-10-19 15:01:52 - [MESSAGE][NOT_RUN] - NOT_RUN: waitForElementClickable

2560-10-19 15:01:52 - [TEST_STEP][NOT_RUN] - click: NOT_RUN: click

2560-10-19 15:01:52 - [MESSAGE][NOT_RUN] - NOT_RUN: click

2560-10-19 15:01:52 - [TEST_STEP][NOT_RUN] - waitForElementNotPresent: NOT_RUN: waitForElementNotPresent

2560-10-19 15:01:52 - [MESSAGE][NOT_RUN] - NOT_RUN: waitForElementNotPresent

2560-10-19 15:01:52 - [TEST_STEP][NOT_RUN] - selectOptionByValue: NOT_RUN: selectOptionByValue

2560-10-19 15:01:52 - [MESSAGE][NOT_RUN] - NOT_RUN: selectOptionByValue

2560-10-19 15:01:52 - [TEST_STEP][NOT_RUN] - check: NOT_RUN: check

2560-10-19 15:01:52 - [MESSAGE][NOT_RUN] - NOT_RUN: check

2560-10-19 15:01:52 - [TEST_STEP][NOT_RUN] - click: NOT_RUN: click

2560-10-19 15:01:52 - [MESSAGE][NOT_RUN] - NOT_RUN: click

2560-10-19 15:01:52 - [TEST_STEP][NOT_RUN] - waitForElementNotPresent: NOT_RUN: waitForElementNotPresent

2560-10-19 15:01:52 - [MESSAGE][NOT_RUN] - NOT_RUN: waitForElementNotPresent

2560-10-19 15:01:52 - [TEST_STEP][NOT_RUN] - check: NOT_RUN: check

2560-10-19 15:01:52 - [MESSAGE][NOT_RUN] - NOT_RUN: check

2560-10-19 15:01:52 - [TEST_STEP][NOT_RUN] - scrollToElement: NOT_RUN: scrollToElement

2560-10-19 15:01:52 - [MESSAGE][NOT_RUN] - NOT_RUN: scrollToElement

2560-10-19 15:01:52 - [TEST_STEP][NOT_RUN] - click: NOT_RUN: click

2560-10-19 15:01:52 - [MESSAGE][NOT_RUN] - NOT_RUN: click

2560-10-19 15:01:52 - [TEST_STEP][NOT_RUN] - click: NOT_RUN: click

2560-10-19 15:01:52 - [MESSAGE][NOT_RUN] - NOT_RUN: click

2560-10-19 15:01:52 - [TEST_STEP][PASSED] - click: Object: 'Object Repository/Display select all list/Page_Guru TMDA (2)/label_Select All' is clicked on

2560-10-19 15:01:52 - [MESSAGE][PASSED] - Object: 'Object Repository/Display select all list/Page_Guru TMDA (2)/label_Select All' is clicked on

2560-10-19 15:01:52 - [TEST_STEP][PASSED] - click: Object: 'Object Repository/Display select all list/Page_Guru TMDA (2)/label_Select All' is clicked on

2560-10-19 15:01:52 - [MESSAGE][PASSED] - Object: 'Object Repository/Display select all list/Page_Guru TMDA (2)/label_Select All' is clicked on

2560-10-19 15:01:52 - [TEST_STEP][PASSED] - check: Object 'Object Repository/Display staff Quality list/label_Staff Quality' is checked

2560-10-19 15:01:52 - [MESSAGE][PASSED] - Object 'Object Repository/Display staff Quality list/label_Staff Quality' is checked

2560-10-19 15:01:53 - [TEST_STEP][PASSED] - verifyElementPresent: Object 'Object Repository/Display Accessibility list/Page_Guru TMDA (2)/div_row' is present

2560-10-19 15:01:53 - [MESSAGE][PASSED] - Object 'Object Repository/Display Accessibility list/Page_Guru TMDA (2)/div_row' is present

2560-10-19 15:01:53 - [TEST_STEP][NOT_RUN] - closeBrowser: NOT_RUN: closeBrowser

2560-10-19 15:01:53 - [MESSAGE][NOT_RUN] - NOT_RUN: closeBrowser]]></system-out>
         <system-err><![CDATA[]]></system-err>
      </testcase>
      <testcase name="Test Cases/Basic work/Predicted Multiple Verbatim/Prediction in details display Timing list" classname="Test Cases/Basic work/Predicted Multiple Verbatim/Prediction in details display Timing list" status="PASSED">
         <system-out><![CDATA[2560-10-19 15:01:53 - [TEST_CASE][PASSED] - Test Cases/Basic work/Predicted Multiple Verbatim/Prediction in details display Timing list: Test Cases/Basic work/Predicted Multiple Verbatim/Prediction in details display Timing list

2560-10-19 15:01:53 - [TEST_STEP][NOT_RUN] - openBrowser: NOT_RUN: openBrowser

2560-10-19 15:01:53 - [MESSAGE][NOT_RUN] - NOT_RUN: openBrowser

2560-10-19 15:01:53 - [TEST_STEP][NOT_RUN] - maximizeWindow: NOT_RUN: maximizeWindow

2560-10-19 15:01:53 - [MESSAGE][NOT_RUN] - NOT_RUN: maximizeWindow

2560-10-19 15:01:53 - [TEST_STEP][NOT_RUN] - navigateToUrl: NOT_RUN: navigateToUrl

2560-10-19 15:01:53 - [MESSAGE][NOT_RUN] - NOT_RUN: navigateToUrl

2560-10-19 15:01:53 - [TEST_STEP][NOT_RUN] - click: NOT_RUN: click

2560-10-19 15:01:53 - [MESSAGE][NOT_RUN] - NOT_RUN: click

2560-10-19 15:01:53 - [TEST_STEP][NOT_RUN] - setText: NOT_RUN: setText

2560-10-19 15:01:53 - [MESSAGE][NOT_RUN] - NOT_RUN: setText

2560-10-19 15:01:53 - [TEST_STEP][NOT_RUN] - setText: NOT_RUN: setText

2560-10-19 15:01:53 - [MESSAGE][NOT_RUN] - NOT_RUN: setText

2560-10-19 15:01:53 - [TEST_STEP][NOT_RUN] - click: NOT_RUN: click

2560-10-19 15:01:53 - [MESSAGE][NOT_RUN] - NOT_RUN: click

2560-10-19 15:01:53 - [TEST_STEP][NOT_RUN] - click: NOT_RUN: click

2560-10-19 15:01:53 - [MESSAGE][NOT_RUN] - NOT_RUN: click

2560-10-19 15:01:53 - [TEST_STEP][NOT_RUN] - click: NOT_RUN: click

2560-10-19 15:01:54 - [MESSAGE][NOT_RUN] - NOT_RUN: click

2560-10-19 15:01:54 - [TEST_STEP][NOT_RUN] - uploadFile: NOT_RUN: uploadFile

2560-10-19 15:01:54 - [MESSAGE][NOT_RUN] - NOT_RUN: uploadFile

2560-10-19 15:01:54 - [TEST_STEP][NOT_RUN] - waitForElementClickable: NOT_RUN: waitForElementClickable

2560-10-19 15:01:54 - [MESSAGE][NOT_RUN] - NOT_RUN: waitForElementClickable

2560-10-19 15:01:54 - [TEST_STEP][NOT_RUN] - click: NOT_RUN: click

2560-10-19 15:01:54 - [MESSAGE][NOT_RUN] - NOT_RUN: click

2560-10-19 15:01:54 - [TEST_STEP][NOT_RUN] - waitForElementNotPresent: NOT_RUN: waitForElementNotPresent

2560-10-19 15:01:54 - [MESSAGE][NOT_RUN] - NOT_RUN: waitForElementNotPresent

2560-10-19 15:01:54 - [TEST_STEP][NOT_RUN] - selectOptionByValue: NOT_RUN: selectOptionByValue

2560-10-19 15:01:54 - [MESSAGE][NOT_RUN] - NOT_RUN: selectOptionByValue

2560-10-19 15:01:54 - [TEST_STEP][NOT_RUN] - check: NOT_RUN: check

2560-10-19 15:01:54 - [MESSAGE][NOT_RUN] - NOT_RUN: check

2560-10-19 15:01:54 - [TEST_STEP][NOT_RUN] - click: NOT_RUN: click

2560-10-19 15:01:54 - [MESSAGE][NOT_RUN] - NOT_RUN: click

2560-10-19 15:01:54 - [TEST_STEP][NOT_RUN] - waitForElementNotPresent: NOT_RUN: waitForElementNotPresent

2560-10-19 15:01:54 - [MESSAGE][NOT_RUN] - NOT_RUN: waitForElementNotPresent

2560-10-19 15:01:54 - [TEST_STEP][NOT_RUN] - check: NOT_RUN: check

2560-10-19 15:01:54 - [MESSAGE][NOT_RUN] - NOT_RUN: check

2560-10-19 15:01:54 - [TEST_STEP][NOT_RUN] - scrollToElement: NOT_RUN: scrollToElement

2560-10-19 15:01:54 - [MESSAGE][NOT_RUN] - NOT_RUN: scrollToElement

2560-10-19 15:01:54 - [TEST_STEP][NOT_RUN] - click: NOT_RUN: click

2560-10-19 15:01:54 - [MESSAGE][NOT_RUN] - NOT_RUN: click

2560-10-19 15:01:54 - [TEST_STEP][NOT_RUN] - click: NOT_RUN: click

2560-10-19 15:01:54 - [MESSAGE][NOT_RUN] - NOT_RUN: click

2560-10-19 15:01:54 - [TEST_STEP][PASSED] - click: Object: 'Object Repository/Display select all list/Page_Guru TMDA (2)/label_Select All' is clicked on

2560-10-19 15:01:55 - [MESSAGE][PASSED] - Object: 'Object Repository/Display select all list/Page_Guru TMDA (2)/label_Select All' is clicked on

2560-10-19 15:01:55 - [TEST_STEP][PASSED] - click: Object: 'Object Repository/Display select all list/Page_Guru TMDA (2)/label_Select All' is clicked on

2560-10-19 15:01:55 - [MESSAGE][PASSED] - Object: 'Object Repository/Display select all list/Page_Guru TMDA (2)/label_Select All' is clicked on

2560-10-19 15:01:55 - [TEST_STEP][PASSED] - check: Object 'Object Repository/Display timing list/label_Timing' is checked

2560-10-19 15:01:55 - [MESSAGE][PASSED] - Object 'Object Repository/Display timing list/label_Timing' is checked

2560-10-19 15:01:55 - [TEST_STEP][PASSED] - verifyElementPresent: Object 'Object Repository/Display Accessibility list/Page_Guru TMDA (2)/div_row' is present

2560-10-19 15:01:55 - [MESSAGE][PASSED] - Object 'Object Repository/Display Accessibility list/Page_Guru TMDA (2)/div_row' is present

2560-10-19 15:01:55 - [TEST_STEP][NOT_RUN] - closeBrowser: NOT_RUN: closeBrowser

2560-10-19 15:01:55 - [MESSAGE][NOT_RUN] - NOT_RUN: closeBrowser]]></system-out>
         <system-err><![CDATA[]]></system-err>
      </testcase>
      <testcase name="Test Cases/User management/Search user list" classname="Test Cases/User management/Search user list" status="PASSED">
         <system-out><![CDATA[2560-10-19 15:01:55 - [TEST_CASE][PASSED] - Test Cases/User management/Search user list: Test Cases/User management/Search user list

2560-10-19 15:01:55 - [TEST_STEP][NOT_RUN] - openBrowser: NOT_RUN: openBrowser

2560-10-19 15:01:56 - [MESSAGE][NOT_RUN] - NOT_RUN: openBrowser

2560-10-19 15:01:56 - [TEST_STEP][NOT_RUN] - maximizeWindow: NOT_RUN: maximizeWindow

2560-10-19 15:01:56 - [MESSAGE][NOT_RUN] - NOT_RUN: maximizeWindow

2560-10-19 15:01:56 - [TEST_STEP][NOT_RUN] - navigateToUrl: NOT_RUN: navigateToUrl

2560-10-19 15:01:56 - [MESSAGE][NOT_RUN] - NOT_RUN: navigateToUrl

2560-10-19 15:01:56 - [TEST_STEP][NOT_RUN] - click: NOT_RUN: click

2560-10-19 15:01:56 - [MESSAGE][NOT_RUN] - NOT_RUN: click

2560-10-19 15:01:56 - [TEST_STEP][NOT_RUN] - setText: NOT_RUN: setText

2560-10-19 15:01:56 - [MESSAGE][NOT_RUN] - NOT_RUN: setText

2560-10-19 15:01:56 - [TEST_STEP][NOT_RUN] - setText: NOT_RUN: setText

2560-10-19 15:01:56 - [MESSAGE][NOT_RUN] - NOT_RUN: setText

2560-10-19 15:01:56 - [TEST_STEP][NOT_RUN] - submit: NOT_RUN: submit

2560-10-19 15:01:56 - [MESSAGE][NOT_RUN] - NOT_RUN: submit

2560-10-19 15:01:56 - [TEST_STEP][PASSED] - click: Object: 'Object Repository/Chage status/Page_Guru TMDA/a_User Management' is clicked on

2560-10-19 15:01:56 - [MESSAGE][PASSED] - Object: 'Object Repository/Chage status/Page_Guru TMDA/a_User Management' is clicked on

2560-10-19 15:01:56 - [TEST_STEP][PASSED] - setText: Text 'fortest' is set on object 'Object Repository/Search user list/Page_Guru TMDA (2)/input_ng-untouched ng-valid ng'

2560-10-19 15:01:57 - [MESSAGE][PASSED] - Text 'fortest' is set on object 'Object Repository/Search user list/Page_Guru TMDA (2)/input_ng-untouched ng-valid ng'

2560-10-19 15:01:57 - [TEST_STEP][PASSED] - verifyElementPresent: Object 'Object Repository/Search user list/Page_Guru TMDA (5)/td_fortest' is present

2560-10-19 15:01:57 - [MESSAGE][PASSED] - Object 'Object Repository/Search user list/Page_Guru TMDA (5)/td_fortest' is present

2560-10-19 15:01:57 - [TEST_STEP][NOT_RUN] - closeBrowser: NOT_RUN: closeBrowser

2560-10-19 15:01:57 - [MESSAGE][NOT_RUN] - NOT_RUN: closeBrowser]]></system-out>
         <system-err><![CDATA[]]></system-err>
      </testcase>
      <testcase name="Test Cases/User management/Change role" classname="Test Cases/User management/Change role" status="FAILED">
         <failure type="FAILED" message="Unable to click on object 'Object Repository/Change role/Page_Guru TMDA (2)/button_Admin (1)' (Root cause: org.openqa.selenium.WebDriverException: chrome not reachable
  (Session info: chrome=61.0.3163.100)
  (Driver info: chromedriver=2.31.488763 (092de99f48a300323ecf8c2a4e2e7cab51de5ba8),platform=Windows NT 6.1.7601 SP1 x86_64) (WARNING: The server did not provide any stacktrace information)
Command duration or timeout: 3.08 seconds
Build info: version: '2.53.0', revision: '35ae25b', time: '2016-03-15 17:00:58'
System info: host: 'PIEW-PC', ip: '192.168.11.220', os.name: 'Windows 7', os.arch: 'amd64', os.version: '6.1', java.version: '1.8.0_102'
Driver info: com.kms.katalon.selenium.driver.CChromeDriver
Capabilities [{applicationCacheEnabled=false, rotatable=false, mobileEmulationEnabled=false, networkConnectionEnabled=false, chrome={chromedriverVersion=2.31.488763 (092de99f48a300323ecf8c2a4e2e7cab51de5ba8), userDataDir=C:\Users\PIEW\AppData\Local\Temp\scoped_dir9632_11053}, takesHeapSnapshot=true, pageLoadStrategy=normal, databaseEnabled=false, handlesAlerts=true, hasTouchScreen=false, version=61.0.3163.100, platform=XP, browserConnectionEnabled=false, nativeEvents=true, acceptSslCerts=true, locationContextEnabled=true, webStorageEnabled=true, browserName=chrome, takesScreenshot=true, javascriptEnabled=true, cssSelectorsEnabled=true, setWindowRect=true, unexpectedAlertBehaviour=}]
Session ID: daf0d23a3f1742499c3c7afaef908c16
*** Element info: {Using=xpath, value=//button[count(. | //*[@id = 'dropdownBasic1']) = count(//*[@id = 'dropdownBasic1'])][count(. | //*[contains(.,'Admin')]) = count(//*[contains(.,'Admin')])]})"/>
         <system-out><![CDATA[2560-10-19 15:01:57 - [TEST_CASE][FAILED] - Test Cases/User management/Change role: Test Cases/User management/Change role FAILED because (of) Unable to click on object 'Object Repository/Change role/Page_Guru TMDA (2)/button_Admin (1)' (Root cause: org.openqa.selenium.WebDriverException: chrome not reachable
  (Session info: chrome=61.0.3163.100)
  (Driver info: chromedriver=2.31.488763 (092de99f48a300323ecf8c2a4e2e7cab51de5ba8),platform=Windows NT 6.1.7601 SP1 x86_64) (WARNING: The server did not provide any stacktrace information)
Command duration or timeout: 3.08 seconds
Build info: version: '2.53.0', revision: '35ae25b', time: '2016-03-15 17:00:58'
System info: host: 'PIEW-PC', ip: '192.168.11.220', os.name: 'Windows 7', os.arch: 'amd64', os.version: '6.1', java.version: '1.8.0_102'
Driver info: com.kms.katalon.selenium.driver.CChromeDriver
Capabilities [{applicationCacheEnabled=false, rotatable=false, mobileEmulationEnabled=false, networkConnectionEnabled=false, chrome={chromedriverVersion=2.31.488763 (092de99f48a300323ecf8c2a4e2e7cab51de5ba8), userDataDir=C:\Users\PIEW\AppData\Local\Temp\scoped_dir9632_11053}, takesHeapSnapshot=true, pageLoadStrategy=normal, databaseEnabled=false, handlesAlerts=true, hasTouchScreen=false, version=61.0.3163.100, platform=XP, browserConnectionEnabled=false, nativeEvents=true, acceptSslCerts=true, locationContextEnabled=true, webStorageEnabled=true, browserName=chrome, takesScreenshot=true, javascriptEnabled=true, cssSelectorsEnabled=true, setWindowRect=true, unexpectedAlertBehaviour=}]
Session ID: daf0d23a3f1742499c3c7afaef908c16
*** Element info: {Using=xpath, value=//button[count(. | //*[@id = 'dropdownBasic1']) = count(//*[@id = 'dropdownBasic1'])][count(. | //*[contains(.,'Admin')]) = count(//*[contains(.,'Admin')])]})

2560-10-19 15:01:57 - [TEST_STEP][NOT_RUN] - openBrowser: NOT_RUN: openBrowser

2560-10-19 15:01:57 - [MESSAGE][NOT_RUN] - NOT_RUN: openBrowser

2560-10-19 15:01:57 - [TEST_STEP][NOT_RUN] - maximizeWindow: NOT_RUN: maximizeWindow

2560-10-19 15:01:57 - [MESSAGE][NOT_RUN] - NOT_RUN: maximizeWindow

2560-10-19 15:01:57 - [TEST_STEP][NOT_RUN] - navigateToUrl: NOT_RUN: navigateToUrl

2560-10-19 15:01:57 - [MESSAGE][NOT_RUN] - NOT_RUN: navigateToUrl

2560-10-19 15:01:57 - [TEST_STEP][NOT_RUN] - click: NOT_RUN: click

2560-10-19 15:01:57 - [MESSAGE][NOT_RUN] - NOT_RUN: click

2560-10-19 15:01:57 - [TEST_STEP][NOT_RUN] - setText: NOT_RUN: setText

2560-10-19 15:01:57 - [MESSAGE][NOT_RUN] - NOT_RUN: setText

2560-10-19 15:01:57 - [TEST_STEP][NOT_RUN] - setText: NOT_RUN: setText

2560-10-19 15:01:57 - [MESSAGE][NOT_RUN] - NOT_RUN: setText

2560-10-19 15:01:57 - [TEST_STEP][NOT_RUN] - submit: NOT_RUN: submit

2560-10-19 15:01:57 - [MESSAGE][NOT_RUN] - NOT_RUN: submit

2560-10-19 15:01:57 - [TEST_STEP][NOT_RUN] - click: NOT_RUN: click

2560-10-19 15:01:57 - [MESSAGE][NOT_RUN] - NOT_RUN: click

2560-10-19 15:01:58 - [TEST_STEP][NOT_RUN] - setText: NOT_RUN: setText

2560-10-19 15:01:58 - [MESSAGE][NOT_RUN] - NOT_RUN: setText

2560-10-19 15:01:58 - [TEST_STEP][PASSED] - click: Object: 'Object Repository/Change role/Page_Guru TMDA (2)/button_User' is clicked on

2560-10-19 15:01:58 - [MESSAGE][PASSED] - Object: 'Object Repository/Change role/Page_Guru TMDA (2)/button_User' is clicked on

2560-10-19 15:01:58 - [TEST_STEP][PASSED] - click: Object: 'Object Repository/Change role/Page_Guru TMDA (2)/button_ADMIN' is clicked on

2560-10-19 15:01:58 - [MESSAGE][PASSED] - Object: 'Object Repository/Change role/Page_Guru TMDA (2)/button_ADMIN' is clicked on

2560-10-19 15:01:58 - [TEST_STEP][PASSED] - click: Object: 'Object Repository/Change role/Page_Guru TMDA (2)/button_SUBMIT' is clicked on

2560-10-19 15:01:58 - [MESSAGE][PASSED] - Object: 'Object Repository/Change role/Page_Guru TMDA (2)/button_SUBMIT' is clicked on

2560-10-19 15:01:58 - [TEST_STEP][PASSED] - verifyElementPresent: Object 'Object Repository/Change role/Page_Guru TMDA (2)/div_User Management Successful' is present

2560-10-19 15:01:59 - [MESSAGE][PASSED] - Object 'Object Repository/Change role/Page_Guru TMDA (2)/div_User Management Successful' is present

2560-10-19 15:01:59 - [TEST_STEP][PASSED] - Statement - If (false): null

2560-10-19 15:01:59 - [TEST_STEP][PASSED] - click: Object: 'Object Repository/Change role/Page_Guru TMDA (2)/button_' is clicked on

2560-10-19 15:01:59 - [MESSAGE][PASSED] - Object: 'Object Repository/Change role/Page_Guru TMDA (2)/button_' is clicked on

2560-10-19 15:01:59 - [TEST_STEP][PASSED] - waitForElementNotPresent: Web element with id: 'Object Repository/Change role/Page_Guru TMDA (2)/div_w3-padding-32 w3-center' located by 'By.xpath: //div[count(. | id("swal2-content")/div[@class="w3-padding-32 w3-center"]) = count(id("swal2-content")/div[@class="w3-padding-32 w3-center"])]' is not present after '5' second(s)

2560-10-19 15:02:00 - [MESSAGE][PASSED] - Web element with id: 'Object Repository/Change role/Page_Guru TMDA (2)/div_w3-padding-32 w3-center' located by 'By.xpath: //div[count(. | id("swal2-content")/div[@class="w3-padding-32 w3-center"]) = count(id("swal2-content")/div[@class="w3-padding-32 w3-center"])]' is not present after '5' second(s)

2560-10-19 15:02:00 - [TEST_STEP][FAILED] - click: Unable to click on object 'Object Repository/Change role/Page_Guru TMDA (2)/button_Admin (1)' (Root cause: org.openqa.selenium.WebDriverException: chrome not reachable
  (Session info: chrome=61.0.3163.100)
  (Driver info: chromedriver=2.31.488763 (092de99f48a300323ecf8c2a4e2e7cab51de5ba8),platform=Windows NT 6.1.7601 SP1 x86_64) (WARNING: The server did not provide any stacktrace information)
Command duration or timeout: 3.08 seconds
Build info: version: '2.53.0', revision: '35ae25b', time: '2016-03-15 17:00:58'
System info: host: 'PIEW-PC', ip: '192.168.11.220', os.name: 'Windows 7', os.arch: 'amd64', os.version: '6.1', java.version: '1.8.0_102'
Driver info: com.kms.katalon.selenium.driver.CChromeDriver
Capabilities [{applicationCacheEnabled=false, rotatable=false, mobileEmulationEnabled=false, networkConnectionEnabled=false, chrome={chromedriverVersion=2.31.488763 (092de99f48a300323ecf8c2a4e2e7cab51de5ba8), userDataDir=C:\Users\PIEW\AppData\Local\Temp\scoped_dir9632_11053}, takesHeapSnapshot=true, pageLoadStrategy=normal, databaseEnabled=false, handlesAlerts=true, hasTouchScreen=false, version=61.0.3163.100, platform=XP, browserConnectionEnabled=false, nativeEvents=true, acceptSslCerts=true, locationContextEnabled=true, webStorageEnabled=true, browserName=chrome, takesScreenshot=true, javascriptEnabled=true, cssSelectorsEnabled=true, setWindowRect=true, unexpectedAlertBehaviour=}]
Session ID: daf0d23a3f1742499c3c7afaef908c16
*** Element info: {Using=xpath, value=//button[count(. | //*[@id = 'dropdownBasic1']) = count(//*[@id = 'dropdownBasic1'])][count(. | //*[contains(.,'Admin')]) = count(//*[contains(.,'Admin')])]})

2560-10-19 15:02:32 - [MESSAGE][WARNING] - Cannot take screenshot

2560-10-19 15:02:32 - [MESSAGE][FAILED] - Unable to click on object 'Object Repository/Change role/Page_Guru TMDA (2)/button_Admin (1)' (Root cause: org.openqa.selenium.WebDriverException: chrome not reachable
  (Session info: chrome=61.0.3163.100)
  (Driver info: chromedriver=2.31.488763 (092de99f48a300323ecf8c2a4e2e7cab51de5ba8),platform=Windows NT 6.1.7601 SP1 x86_64) (WARNING: The server did not provide any stacktrace information)
Command duration or timeout: 3.08 seconds
Build info: version: '2.53.0', revision: '35ae25b', time: '2016-03-15 17:00:58'
System info: host: 'PIEW-PC', ip: '192.168.11.220', os.name: 'Windows 7', os.arch: 'amd64', os.version: '6.1', java.version: '1.8.0_102'
Driver info: com.kms.katalon.selenium.driver.CChromeDriver
Capabilities [{applicationCacheEnabled=false, rotatable=false, mobileEmulationEnabled=false, networkConnectionEnabled=false, chrome={chromedriverVersion=2.31.488763 (092de99f48a300323ecf8c2a4e2e7cab51de5ba8), userDataDir=C:\Users\PIEW\AppData\Local\Temp\scoped_dir9632_11053}, takesHeapSnapshot=true, pageLoadStrategy=normal, databaseEnabled=false, handlesAlerts=true, hasTouchScreen=false, version=61.0.3163.100, platform=XP, browserConnectionEnabled=false, nativeEvents=true, acceptSslCerts=true, locationContextEnabled=true, webStorageEnabled=true, browserName=chrome, takesScreenshot=true, javascriptEnabled=true, cssSelectorsEnabled=true, setWindowRect=true, unexpectedAlertBehaviour=}]
Session ID: daf0d23a3f1742499c3c7afaef908c16
*** Element info: {Using=xpath, value=//button[count(. | //*[@id = 'dropdownBasic1']) = count(//*[@id = 'dropdownBasic1'])][count(. | //*[contains(.,'Admin')]) = count(//*[contains(.,'Admin')])]})]]></system-out>
         <system-err><![CDATA[2560-10-19 15:01:57 - [TEST_CASE][FAILED] - Test Cases/User management/Change role: Test Cases/User management/Change role FAILED because (of) Unable to click on object 'Object Repository/Change role/Page_Guru TMDA (2)/button_Admin (1)' (Root cause: org.openqa.selenium.WebDriverException: chrome not reachable
  (Session info: chrome=61.0.3163.100)
  (Driver info: chromedriver=2.31.488763 (092de99f48a300323ecf8c2a4e2e7cab51de5ba8),platform=Windows NT 6.1.7601 SP1 x86_64) (WARNING: The server did not provide any stacktrace information)
Command duration or timeout: 3.08 seconds
Build info: version: '2.53.0', revision: '35ae25b', time: '2016-03-15 17:00:58'
System info: host: 'PIEW-PC', ip: '192.168.11.220', os.name: 'Windows 7', os.arch: 'amd64', os.version: '6.1', java.version: '1.8.0_102'
Driver info: com.kms.katalon.selenium.driver.CChromeDriver
Capabilities [{applicationCacheEnabled=false, rotatable=false, mobileEmulationEnabled=false, networkConnectionEnabled=false, chrome={chromedriverVersion=2.31.488763 (092de99f48a300323ecf8c2a4e2e7cab51de5ba8), userDataDir=C:\Users\PIEW\AppData\Local\Temp\scoped_dir9632_11053}, takesHeapSnapshot=true, pageLoadStrategy=normal, databaseEnabled=false, handlesAlerts=true, hasTouchScreen=false, version=61.0.3163.100, platform=XP, browserConnectionEnabled=false, nativeEvents=true, acceptSslCerts=true, locationContextEnabled=true, webStorageEnabled=true, browserName=chrome, takesScreenshot=true, javascriptEnabled=true, cssSelectorsEnabled=true, setWindowRect=true, unexpectedAlertBehaviour=}]
Session ID: daf0d23a3f1742499c3c7afaef908c16
*** Element info: {Using=xpath, value=//button[count(. | //*[@id = 'dropdownBasic1']) = count(//*[@id = 'dropdownBasic1'])][count(. | //*[contains(.,'Admin')]) = count(//*[contains(.,'Admin')])]})]]></system-err>
      </testcase>
      <testcase name="Test Cases/User management/Change status" classname="Test Cases/User management/Change status" status="FAILED">
         <failure type="FAILED" message="Unable to click on object 'Object Repository/Chage status/Page_Guru TMDA (2)/button_DEACTIVATED' (Root cause: org.openqa.selenium.WebDriverException: chrome not reachable
  (Session info: chrome=61.0.3163.100)
  (Driver info: chromedriver=2.31.488763 (092de99f48a300323ecf8c2a4e2e7cab51de5ba8),platform=Windows NT 6.1.7601 SP1 x86_64) (WARNING: The server did not provide any stacktrace information)
Command duration or timeout: 3.02 seconds
Build info: version: '2.53.0', revision: '35ae25b', time: '2016-03-15 17:00:58'
System info: host: 'PIEW-PC', ip: '192.168.11.220', os.name: 'Windows 7', os.arch: 'amd64', os.version: '6.1', java.version: '1.8.0_102'
Driver info: com.kms.katalon.selenium.driver.CChromeDriver
Capabilities [{applicationCacheEnabled=false, rotatable=false, mobileEmulationEnabled=false, networkConnectionEnabled=false, chrome={chromedriverVersion=2.31.488763 (092de99f48a300323ecf8c2a4e2e7cab51de5ba8), userDataDir=C:\Users\PIEW\AppData\Local\Temp\scoped_dir9632_11053}, takesHeapSnapshot=true, pageLoadStrategy=normal, databaseEnabled=false, handlesAlerts=true, hasTouchScreen=false, version=61.0.3163.100, platform=XP, browserConnectionEnabled=false, nativeEvents=true, acceptSslCerts=true, locationContextEnabled=true, webStorageEnabled=true, browserName=chrome, takesScreenshot=true, javascriptEnabled=true, cssSelectorsEnabled=true, setWindowRect=true, unexpectedAlertBehaviour=}]
Session ID: daf0d23a3f1742499c3c7afaef908c16
*** Element info: {Using=xpath, value=//button[count(. | //*[@id = 'dropdownBasic2']) = count(//*[@id = 'dropdownBasic2'])][count(. | //*[contains(.,'DEACTIVATED')]) = count(//*[contains(.,'DEACTIVATED')])]})"/>
         <system-out><![CDATA[2560-10-19 15:02:32 - [TEST_CASE][FAILED] - Test Cases/User management/Change status: Test Cases/User management/Change status FAILED because (of) Unable to click on object 'Object Repository/Chage status/Page_Guru TMDA (2)/button_DEACTIVATED' (Root cause: org.openqa.selenium.WebDriverException: chrome not reachable
  (Session info: chrome=61.0.3163.100)
  (Driver info: chromedriver=2.31.488763 (092de99f48a300323ecf8c2a4e2e7cab51de5ba8),platform=Windows NT 6.1.7601 SP1 x86_64) (WARNING: The server did not provide any stacktrace information)
Command duration or timeout: 3.02 seconds
Build info: version: '2.53.0', revision: '35ae25b', time: '2016-03-15 17:00:58'
System info: host: 'PIEW-PC', ip: '192.168.11.220', os.name: 'Windows 7', os.arch: 'amd64', os.version: '6.1', java.version: '1.8.0_102'
Driver info: com.kms.katalon.selenium.driver.CChromeDriver
Capabilities [{applicationCacheEnabled=false, rotatable=false, mobileEmulationEnabled=false, networkConnectionEnabled=false, chrome={chromedriverVersion=2.31.488763 (092de99f48a300323ecf8c2a4e2e7cab51de5ba8), userDataDir=C:\Users\PIEW\AppData\Local\Temp\scoped_dir9632_11053}, takesHeapSnapshot=true, pageLoadStrategy=normal, databaseEnabled=false, handlesAlerts=true, hasTouchScreen=false, version=61.0.3163.100, platform=XP, browserConnectionEnabled=false, nativeEvents=true, acceptSslCerts=true, locationContextEnabled=true, webStorageEnabled=true, browserName=chrome, takesScreenshot=true, javascriptEnabled=true, cssSelectorsEnabled=true, setWindowRect=true, unexpectedAlertBehaviour=}]
Session ID: daf0d23a3f1742499c3c7afaef908c16
*** Element info: {Using=xpath, value=//button[count(. | //*[@id = 'dropdownBasic2']) = count(//*[@id = 'dropdownBasic2'])][count(. | //*[contains(.,'DEACTIVATED')]) = count(//*[contains(.,'DEACTIVATED')])]})

2560-10-19 15:02:32 - [TEST_STEP][NOT_RUN] - openBrowser: NOT_RUN: openBrowser

2560-10-19 15:02:32 - [MESSAGE][NOT_RUN] - NOT_RUN: openBrowser

2560-10-19 15:02:32 - [TEST_STEP][NOT_RUN] - maximizeWindow: NOT_RUN: maximizeWindow

2560-10-19 15:02:32 - [MESSAGE][NOT_RUN] - NOT_RUN: maximizeWindow

2560-10-19 15:02:32 - [TEST_STEP][NOT_RUN] - navigateToUrl: NOT_RUN: navigateToUrl

2560-10-19 15:02:32 - [MESSAGE][NOT_RUN] - NOT_RUN: navigateToUrl

2560-10-19 15:02:32 - [TEST_STEP][NOT_RUN] - click: NOT_RUN: click

2560-10-19 15:02:32 - [MESSAGE][NOT_RUN] - NOT_RUN: click

2560-10-19 15:02:32 - [TEST_STEP][NOT_RUN] - setText: NOT_RUN: setText

2560-10-19 15:02:32 - [MESSAGE][NOT_RUN] - NOT_RUN: setText

2560-10-19 15:02:32 - [TEST_STEP][NOT_RUN] - setText: NOT_RUN: setText

2560-10-19 15:02:32 - [MESSAGE][NOT_RUN] - NOT_RUN: setText

2560-10-19 15:02:32 - [TEST_STEP][NOT_RUN] - submit: NOT_RUN: submit

2560-10-19 15:02:32 - [MESSAGE][NOT_RUN] - NOT_RUN: submit

2560-10-19 15:02:32 - [TEST_STEP][NOT_RUN] - click: NOT_RUN: click

2560-10-19 15:02:32 - [MESSAGE][NOT_RUN] - NOT_RUN: click

2560-10-19 15:02:32 - [TEST_STEP][NOT_RUN] - setText: NOT_RUN: setText

2560-10-19 15:02:32 - [MESSAGE][NOT_RUN] - NOT_RUN: setText

2560-10-19 15:02:32 - [TEST_STEP][FAILED] - click: Unable to click on object 'Object Repository/Chage status/Page_Guru TMDA (2)/button_DEACTIVATED' (Root cause: org.openqa.selenium.WebDriverException: chrome not reachable
  (Session info: chrome=61.0.3163.100)
  (Driver info: chromedriver=2.31.488763 (092de99f48a300323ecf8c2a4e2e7cab51de5ba8),platform=Windows NT 6.1.7601 SP1 x86_64) (WARNING: The server did not provide any stacktrace information)
Command duration or timeout: 3.02 seconds
Build info: version: '2.53.0', revision: '35ae25b', time: '2016-03-15 17:00:58'
System info: host: 'PIEW-PC', ip: '192.168.11.220', os.name: 'Windows 7', os.arch: 'amd64', os.version: '6.1', java.version: '1.8.0_102'
Driver info: com.kms.katalon.selenium.driver.CChromeDriver
Capabilities [{applicationCacheEnabled=false, rotatable=false, mobileEmulationEnabled=false, networkConnectionEnabled=false, chrome={chromedriverVersion=2.31.488763 (092de99f48a300323ecf8c2a4e2e7cab51de5ba8), userDataDir=C:\Users\PIEW\AppData\Local\Temp\scoped_dir9632_11053}, takesHeapSnapshot=true, pageLoadStrategy=normal, databaseEnabled=false, handlesAlerts=true, hasTouchScreen=false, version=61.0.3163.100, platform=XP, browserConnectionEnabled=false, nativeEvents=true, acceptSslCerts=true, locationContextEnabled=true, webStorageEnabled=true, browserName=chrome, takesScreenshot=true, javascriptEnabled=true, cssSelectorsEnabled=true, setWindowRect=true, unexpectedAlertBehaviour=}]
Session ID: daf0d23a3f1742499c3c7afaef908c16
*** Element info: {Using=xpath, value=//button[count(. | //*[@id = 'dropdownBasic2']) = count(//*[@id = 'dropdownBasic2'])][count(. | //*[contains(.,'DEACTIVATED')]) = count(//*[contains(.,'DEACTIVATED')])]})

2560-10-19 15:02:38 - [MESSAGE][WARNING] - Cannot take screenshot

2560-10-19 15:02:38 - [MESSAGE][FAILED] - Unable to click on object 'Object Repository/Chage status/Page_Guru TMDA (2)/button_DEACTIVATED' (Root cause: org.openqa.selenium.WebDriverException: chrome not reachable
  (Session info: chrome=61.0.3163.100)
  (Driver info: chromedriver=2.31.488763 (092de99f48a300323ecf8c2a4e2e7cab51de5ba8),platform=Windows NT 6.1.7601 SP1 x86_64) (WARNING: The server did not provide any stacktrace information)
Command duration or timeout: 3.02 seconds
Build info: version: '2.53.0', revision: '35ae25b', time: '2016-03-15 17:00:58'
System info: host: 'PIEW-PC', ip: '192.168.11.220', os.name: 'Windows 7', os.arch: 'amd64', os.version: '6.1', java.version: '1.8.0_102'
Driver info: com.kms.katalon.selenium.driver.CChromeDriver
Capabilities [{applicationCacheEnabled=false, rotatable=false, mobileEmulationEnabled=false, networkConnectionEnabled=false, chrome={chromedriverVersion=2.31.488763 (092de99f48a300323ecf8c2a4e2e7cab51de5ba8), userDataDir=C:\Users\PIEW\AppData\Local\Temp\scoped_dir9632_11053}, takesHeapSnapshot=true, pageLoadStrategy=normal, databaseEnabled=false, handlesAlerts=true, hasTouchScreen=false, version=61.0.3163.100, platform=XP, browserConnectionEnabled=false, nativeEvents=true, acceptSslCerts=true, locationContextEnabled=true, webStorageEnabled=true, browserName=chrome, takesScreenshot=true, javascriptEnabled=true, cssSelectorsEnabled=true, setWindowRect=true, unexpectedAlertBehaviour=}]
Session ID: daf0d23a3f1742499c3c7afaef908c16
*** Element info: {Using=xpath, value=//button[count(. | //*[@id = 'dropdownBasic2']) = count(//*[@id = 'dropdownBasic2'])][count(. | //*[contains(.,'DEACTIVATED')]) = count(//*[contains(.,'DEACTIVATED')])]})]]></system-out>
         <system-err><![CDATA[2560-10-19 15:02:32 - [TEST_CASE][FAILED] - Test Cases/User management/Change status: Test Cases/User management/Change status FAILED because (of) Unable to click on object 'Object Repository/Chage status/Page_Guru TMDA (2)/button_DEACTIVATED' (Root cause: org.openqa.selenium.WebDriverException: chrome not reachable
  (Session info: chrome=61.0.3163.100)
  (Driver info: chromedriver=2.31.488763 (092de99f48a300323ecf8c2a4e2e7cab51de5ba8),platform=Windows NT 6.1.7601 SP1 x86_64) (WARNING: The server did not provide any stacktrace information)
Command duration or timeout: 3.02 seconds
Build info: version: '2.53.0', revision: '35ae25b', time: '2016-03-15 17:00:58'
System info: host: 'PIEW-PC', ip: '192.168.11.220', os.name: 'Windows 7', os.arch: 'amd64', os.version: '6.1', java.version: '1.8.0_102'
Driver info: com.kms.katalon.selenium.driver.CChromeDriver
Capabilities [{applicationCacheEnabled=false, rotatable=false, mobileEmulationEnabled=false, networkConnectionEnabled=false, chrome={chromedriverVersion=2.31.488763 (092de99f48a300323ecf8c2a4e2e7cab51de5ba8), userDataDir=C:\Users\PIEW\AppData\Local\Temp\scoped_dir9632_11053}, takesHeapSnapshot=true, pageLoadStrategy=normal, databaseEnabled=false, handlesAlerts=true, hasTouchScreen=false, version=61.0.3163.100, platform=XP, browserConnectionEnabled=false, nativeEvents=true, acceptSslCerts=true, locationContextEnabled=true, webStorageEnabled=true, browserName=chrome, takesScreenshot=true, javascriptEnabled=true, cssSelectorsEnabled=true, setWindowRect=true, unexpectedAlertBehaviour=}]
Session ID: daf0d23a3f1742499c3c7afaef908c16
*** Element info: {Using=xpath, value=//button[count(. | //*[@id = 'dropdownBasic2']) = count(//*[@id = 'dropdownBasic2'])][count(. | //*[contains(.,'DEACTIVATED')]) = count(//*[contains(.,'DEACTIVATED')])]})]]></system-err>
      </testcase>
      <testcase name="Test Cases/User management/Edit user profile/Edit user profile" classname="Test Cases/User management/Edit user profile/Edit user profile" status="FAILED">
         <failure type="FAILED" message="Unable to click on object 'Object Repository/Edit user profile/list/i_fa fa-pencil-square-o' (Root cause: org.openqa.selenium.WebDriverException: chrome not reachable
  (Session info: chrome=61.0.3163.100)
  (Driver info: chromedriver=2.31.488763 (092de99f48a300323ecf8c2a4e2e7cab51de5ba8),platform=Windows NT 6.1.7601 SP1 x86_64) (WARNING: The server did not provide any stacktrace information)
Command duration or timeout: 3.02 seconds
Build info: version: '2.53.0', revision: '35ae25b', time: '2016-03-15 17:00:58'
System info: host: 'PIEW-PC', ip: '192.168.11.220', os.name: 'Windows 7', os.arch: 'amd64', os.version: '6.1', java.version: '1.8.0_102'
Driver info: com.kms.katalon.selenium.driver.CChromeDriver
Capabilities [{applicationCacheEnabled=false, rotatable=false, mobileEmulationEnabled=false, networkConnectionEnabled=false, chrome={chromedriverVersion=2.31.488763 (092de99f48a300323ecf8c2a4e2e7cab51de5ba8), userDataDir=C:\Users\PIEW\AppData\Local\Temp\scoped_dir9632_11053}, takesHeapSnapshot=true, pageLoadStrategy=normal, databaseEnabled=false, handlesAlerts=true, hasTouchScreen=false, version=61.0.3163.100, platform=XP, browserConnectionEnabled=false, nativeEvents=true, acceptSslCerts=true, locationContextEnabled=true, webStorageEnabled=true, browserName=chrome, takesScreenshot=true, javascriptEnabled=true, cssSelectorsEnabled=true, setWindowRect=true, unexpectedAlertBehaviour=}]
Session ID: daf0d23a3f1742499c3c7afaef908c16
*** Element info: {Using=xpath, value=//i[count(. | /html[1]/body[1]/my-app[1]/app-user-management[1]/div[@class=&quot;container-fluid&quot;]/div[2]/div[@class=&quot;table-responsive&quot;]/table[@class=&quot;table centurygothic-font&quot;]/tbody[1]/tr[2]/td[@class=&quot;w3-center&quot;]/button[@class=&quot;btn w3-text-white btn-edit w3-circle padding-0&quot;]/i[@class=&quot;fa fa-pencil-square-o&quot;]) = count(/html[1]/body[1]/my-app[1]/app-user-management[1]/div[@class=&quot;container-fluid&quot;]/div[2]/div[@class=&quot;table-responsive&quot;]/table[@class=&quot;table centurygothic-font&quot;]/tbody[1]/tr[2]/td[@class=&quot;w3-center&quot;]/button[@class=&quot;btn w3-text-white btn-edit w3-circle padding-0&quot;]/i[@class=&quot;fa fa-pencil-square-o&quot;])]})"/>
         <system-out><![CDATA[2560-10-19 15:02:38 - [TEST_CASE][FAILED] - Test Cases/User management/Edit user profile/Edit user profile: Test Cases/User management/Edit user profile/Edit user profile FAILED because (of) Unable to click on object 'Object Repository/Edit user profile/list/i_fa fa-pencil-square-o' (Root cause: org.openqa.selenium.WebDriverException: chrome not reachable
  (Session info: chrome=61.0.3163.100)
  (Driver info: chromedriver=2.31.488763 (092de99f48a300323ecf8c2a4e2e7cab51de5ba8),platform=Windows NT 6.1.7601 SP1 x86_64) (WARNING: The server did not provide any stacktrace information)
Command duration or timeout: 3.02 seconds
Build info: version: '2.53.0', revision: '35ae25b', time: '2016-03-15 17:00:58'
System info: host: 'PIEW-PC', ip: '192.168.11.220', os.name: 'Windows 7', os.arch: 'amd64', os.version: '6.1', java.version: '1.8.0_102'
Driver info: com.kms.katalon.selenium.driver.CChromeDriver
Capabilities [{applicationCacheEnabled=false, rotatable=false, mobileEmulationEnabled=false, networkConnectionEnabled=false, chrome={chromedriverVersion=2.31.488763 (092de99f48a300323ecf8c2a4e2e7cab51de5ba8), userDataDir=C:\Users\PIEW\AppData\Local\Temp\scoped_dir9632_11053}, takesHeapSnapshot=true, pageLoadStrategy=normal, databaseEnabled=false, handlesAlerts=true, hasTouchScreen=false, version=61.0.3163.100, platform=XP, browserConnectionEnabled=false, nativeEvents=true, acceptSslCerts=true, locationContextEnabled=true, webStorageEnabled=true, browserName=chrome, takesScreenshot=true, javascriptEnabled=true, cssSelectorsEnabled=true, setWindowRect=true, unexpectedAlertBehaviour=}]
Session ID: daf0d23a3f1742499c3c7afaef908c16
*** Element info: {Using=xpath, value=//i[count(. | /html[1]/body[1]/my-app[1]/app-user-management[1]/div[@class="container-fluid"]/div[2]/div[@class="table-responsive"]/table[@class="table centurygothic-font"]/tbody[1]/tr[2]/td[@class="w3-center"]/button[@class="btn w3-text-white btn-edit w3-circle padding-0"]/i[@class="fa fa-pencil-square-o"]) = count(/html[1]/body[1]/my-app[1]/app-user-management[1]/div[@class="container-fluid"]/div[2]/div[@class="table-responsive"]/table[@class="table centurygothic-font"]/tbody[1]/tr[2]/td[@class="w3-center"]/button[@class="btn w3-text-white btn-edit w3-circle padding-0"]/i[@class="fa fa-pencil-square-o"])]})

2560-10-19 15:02:38 - [TEST_STEP][NOT_RUN] - openBrowser: NOT_RUN: openBrowser

2560-10-19 15:02:38 - [MESSAGE][NOT_RUN] - NOT_RUN: openBrowser

2560-10-19 15:02:38 - [TEST_STEP][NOT_RUN] - maximizeWindow: NOT_RUN: maximizeWindow

2560-10-19 15:02:38 - [MESSAGE][NOT_RUN] - NOT_RUN: maximizeWindow

2560-10-19 15:02:38 - [TEST_STEP][NOT_RUN] - navigateToUrl: NOT_RUN: navigateToUrl

2560-10-19 15:02:38 - [MESSAGE][NOT_RUN] - NOT_RUN: navigateToUrl

2560-10-19 15:02:38 - [TEST_STEP][NOT_RUN] - click: NOT_RUN: click

2560-10-19 15:02:38 - [MESSAGE][NOT_RUN] - NOT_RUN: click

2560-10-19 15:02:38 - [TEST_STEP][NOT_RUN] - setText: NOT_RUN: setText

2560-10-19 15:02:38 - [MESSAGE][NOT_RUN] - NOT_RUN: setText

2560-10-19 15:02:38 - [TEST_STEP][NOT_RUN] - setText: NOT_RUN: setText

2560-10-19 15:02:38 - [MESSAGE][NOT_RUN] - NOT_RUN: setText

2560-10-19 15:02:38 - [TEST_STEP][NOT_RUN] - submit: NOT_RUN: submit

2560-10-19 15:02:38 - [MESSAGE][NOT_RUN] - NOT_RUN: submit

2560-10-19 15:02:38 - [TEST_STEP][NOT_RUN] - click: NOT_RUN: click

2560-10-19 15:02:38 - [MESSAGE][NOT_RUN] - NOT_RUN: click

2560-10-19 15:02:38 - [TEST_STEP][NOT_RUN] - setText: NOT_RUN: setText

2560-10-19 15:02:38 - [MESSAGE][NOT_RUN] - NOT_RUN: setText

2560-10-19 15:02:38 - [TEST_STEP][FAILED] - click: Unable to click on object 'Object Repository/Edit user profile/list/i_fa fa-pencil-square-o' (Root cause: org.openqa.selenium.WebDriverException: chrome not reachable
  (Session info: chrome=61.0.3163.100)
  (Driver info: chromedriver=2.31.488763 (092de99f48a300323ecf8c2a4e2e7cab51de5ba8),platform=Windows NT 6.1.7601 SP1 x86_64) (WARNING: The server did not provide any stacktrace information)
Command duration or timeout: 3.02 seconds
Build info: version: '2.53.0', revision: '35ae25b', time: '2016-03-15 17:00:58'
System info: host: 'PIEW-PC', ip: '192.168.11.220', os.name: 'Windows 7', os.arch: 'amd64', os.version: '6.1', java.version: '1.8.0_102'
Driver info: com.kms.katalon.selenium.driver.CChromeDriver
Capabilities [{applicationCacheEnabled=false, rotatable=false, mobileEmulationEnabled=false, networkConnectionEnabled=false, chrome={chromedriverVersion=2.31.488763 (092de99f48a300323ecf8c2a4e2e7cab51de5ba8), userDataDir=C:\Users\PIEW\AppData\Local\Temp\scoped_dir9632_11053}, takesHeapSnapshot=true, pageLoadStrategy=normal, databaseEnabled=false, handlesAlerts=true, hasTouchScreen=false, version=61.0.3163.100, platform=XP, browserConnectionEnabled=false, nativeEvents=true, acceptSslCerts=true, locationContextEnabled=true, webStorageEnabled=true, browserName=chrome, takesScreenshot=true, javascriptEnabled=true, cssSelectorsEnabled=true, setWindowRect=true, unexpectedAlertBehaviour=}]
Session ID: daf0d23a3f1742499c3c7afaef908c16
*** Element info: {Using=xpath, value=//i[count(. | /html[1]/body[1]/my-app[1]/app-user-management[1]/div[@class="container-fluid"]/div[2]/div[@class="table-responsive"]/table[@class="table centurygothic-font"]/tbody[1]/tr[2]/td[@class="w3-center"]/button[@class="btn w3-text-white btn-edit w3-circle padding-0"]/i[@class="fa fa-pencil-square-o"]) = count(/html[1]/body[1]/my-app[1]/app-user-management[1]/div[@class="container-fluid"]/div[2]/div[@class="table-responsive"]/table[@class="table centurygothic-font"]/tbody[1]/tr[2]/td[@class="w3-center"]/button[@class="btn w3-text-white btn-edit w3-circle padding-0"]/i[@class="fa fa-pencil-square-o"])]})

2560-10-19 15:02:44 - [MESSAGE][WARNING] - Cannot take screenshot

2560-10-19 15:02:44 - [MESSAGE][FAILED] - Unable to click on object 'Object Repository/Edit user profile/list/i_fa fa-pencil-square-o' (Root cause: org.openqa.selenium.WebDriverException: chrome not reachable
  (Session info: chrome=61.0.3163.100)
  (Driver info: chromedriver=2.31.488763 (092de99f48a300323ecf8c2a4e2e7cab51de5ba8),platform=Windows NT 6.1.7601 SP1 x86_64) (WARNING: The server did not provide any stacktrace information)
Command duration or timeout: 3.02 seconds
Build info: version: '2.53.0', revision: '35ae25b', time: '2016-03-15 17:00:58'
System info: host: 'PIEW-PC', ip: '192.168.11.220', os.name: 'Windows 7', os.arch: 'amd64', os.version: '6.1', java.version: '1.8.0_102'
Driver info: com.kms.katalon.selenium.driver.CChromeDriver
Capabilities [{applicationCacheEnabled=false, rotatable=false, mobileEmulationEnabled=false, networkConnectionEnabled=false, chrome={chromedriverVersion=2.31.488763 (092de99f48a300323ecf8c2a4e2e7cab51de5ba8), userDataDir=C:\Users\PIEW\AppData\Local\Temp\scoped_dir9632_11053}, takesHeapSnapshot=true, pageLoadStrategy=normal, databaseEnabled=false, handlesAlerts=true, hasTouchScreen=false, version=61.0.3163.100, platform=XP, browserConnectionEnabled=false, nativeEvents=true, acceptSslCerts=true, locationContextEnabled=true, webStorageEnabled=true, browserName=chrome, takesScreenshot=true, javascriptEnabled=true, cssSelectorsEnabled=true, setWindowRect=true, unexpectedAlertBehaviour=}]
Session ID: daf0d23a3f1742499c3c7afaef908c16
*** Element info: {Using=xpath, value=//i[count(. | /html[1]/body[1]/my-app[1]/app-user-management[1]/div[@class="container-fluid"]/div[2]/div[@class="table-responsive"]/table[@class="table centurygothic-font"]/tbody[1]/tr[2]/td[@class="w3-center"]/button[@class="btn w3-text-white btn-edit w3-circle padding-0"]/i[@class="fa fa-pencil-square-o"]) = count(/html[1]/body[1]/my-app[1]/app-user-management[1]/div[@class="container-fluid"]/div[2]/div[@class="table-responsive"]/table[@class="table centurygothic-font"]/tbody[1]/tr[2]/td[@class="w3-center"]/button[@class="btn w3-text-white btn-edit w3-circle padding-0"]/i[@class="fa fa-pencil-square-o"])]})]]></system-out>
         <system-err><![CDATA[2560-10-19 15:02:38 - [TEST_CASE][FAILED] - Test Cases/User management/Edit user profile/Edit user profile: Test Cases/User management/Edit user profile/Edit user profile FAILED because (of) Unable to click on object 'Object Repository/Edit user profile/list/i_fa fa-pencil-square-o' (Root cause: org.openqa.selenium.WebDriverException: chrome not reachable
  (Session info: chrome=61.0.3163.100)
  (Driver info: chromedriver=2.31.488763 (092de99f48a300323ecf8c2a4e2e7cab51de5ba8),platform=Windows NT 6.1.7601 SP1 x86_64) (WARNING: The server did not provide any stacktrace information)
Command duration or timeout: 3.02 seconds
Build info: version: '2.53.0', revision: '35ae25b', time: '2016-03-15 17:00:58'
System info: host: 'PIEW-PC', ip: '192.168.11.220', os.name: 'Windows 7', os.arch: 'amd64', os.version: '6.1', java.version: '1.8.0_102'
Driver info: com.kms.katalon.selenium.driver.CChromeDriver
Capabilities [{applicationCacheEnabled=false, rotatable=false, mobileEmulationEnabled=false, networkConnectionEnabled=false, chrome={chromedriverVersion=2.31.488763 (092de99f48a300323ecf8c2a4e2e7cab51de5ba8), userDataDir=C:\Users\PIEW\AppData\Local\Temp\scoped_dir9632_11053}, takesHeapSnapshot=true, pageLoadStrategy=normal, databaseEnabled=false, handlesAlerts=true, hasTouchScreen=false, version=61.0.3163.100, platform=XP, browserConnectionEnabled=false, nativeEvents=true, acceptSslCerts=true, locationContextEnabled=true, webStorageEnabled=true, browserName=chrome, takesScreenshot=true, javascriptEnabled=true, cssSelectorsEnabled=true, setWindowRect=true, unexpectedAlertBehaviour=}]
Session ID: daf0d23a3f1742499c3c7afaef908c16
*** Element info: {Using=xpath, value=//i[count(. | /html[1]/body[1]/my-app[1]/app-user-management[1]/div[@class="container-fluid"]/div[2]/div[@class="table-responsive"]/table[@class="table centurygothic-font"]/tbody[1]/tr[2]/td[@class="w3-center"]/button[@class="btn w3-text-white btn-edit w3-circle padding-0"]/i[@class="fa fa-pencil-square-o"]) = count(/html[1]/body[1]/my-app[1]/app-user-management[1]/div[@class="container-fluid"]/div[2]/div[@class="table-responsive"]/table[@class="table centurygothic-font"]/tbody[1]/tr[2]/td[@class="w3-center"]/button[@class="btn w3-text-white btn-edit w3-circle padding-0"]/i[@class="fa fa-pencil-square-o"])]})]]></system-err>
      </testcase>
      <testcase name="Test Cases/User management/Edit user profile/Reset password" classname="Test Cases/User management/Edit user profile/Reset password" status="FAILED">
         <failure type="FAILED" message="Unable to set text 'fortest' of object 'Object Repository/reset password/list/input_ng-untouched ng-valid ng' (Root cause: org.openqa.selenium.WebDriverException: chrome not reachable
  (Session info: chrome=61.0.3163.100)
  (Driver info: chromedriver=2.31.488763 (092de99f48a300323ecf8c2a4e2e7cab51de5ba8),platform=Windows NT 6.1.7601 SP1 x86_64) (WARNING: The server did not provide any stacktrace information)
Command duration or timeout: 3.02 seconds
Build info: version: '2.53.0', revision: '35ae25b', time: '2016-03-15 17:00:58'
System info: host: 'PIEW-PC', ip: '192.168.11.220', os.name: 'Windows 7', os.arch: 'amd64', os.version: '6.1', java.version: '1.8.0_102'
Driver info: com.kms.katalon.selenium.driver.CChromeDriver
Capabilities [{applicationCacheEnabled=false, rotatable=false, mobileEmulationEnabled=false, networkConnectionEnabled=false, chrome={chromedriverVersion=2.31.488763 (092de99f48a300323ecf8c2a4e2e7cab51de5ba8), userDataDir=C:\Users\PIEW\AppData\Local\Temp\scoped_dir9632_11053}, takesHeapSnapshot=true, pageLoadStrategy=normal, databaseEnabled=false, handlesAlerts=true, hasTouchScreen=false, version=61.0.3163.100, platform=XP, browserConnectionEnabled=false, nativeEvents=true, acceptSslCerts=true, locationContextEnabled=true, webStorageEnabled=true, browserName=chrome, takesScreenshot=true, javascriptEnabled=true, cssSelectorsEnabled=true, setWindowRect=true, unexpectedAlertBehaviour=}]
Session ID: daf0d23a3f1742499c3c7afaef908c16
*** Element info: {Using=xpath, value=//input[count(. | //*[@placeholder = 'Search']) = count(//*[@placeholder = 'Search'])][count(. | //*[@type = 'text']) = count(//*[@type = 'text'])]})"/>
         <system-out><![CDATA[2560-10-19 15:02:44 - [TEST_CASE][FAILED] - Test Cases/User management/Edit user profile/Reset password: Test Cases/User management/Edit user profile/Reset password FAILED because (of) Unable to set text 'fortest' of object 'Object Repository/reset password/list/input_ng-untouched ng-valid ng' (Root cause: org.openqa.selenium.WebDriverException: chrome not reachable
  (Session info: chrome=61.0.3163.100)
  (Driver info: chromedriver=2.31.488763 (092de99f48a300323ecf8c2a4e2e7cab51de5ba8),platform=Windows NT 6.1.7601 SP1 x86_64) (WARNING: The server did not provide any stacktrace information)
Command duration or timeout: 3.02 seconds
Build info: version: '2.53.0', revision: '35ae25b', time: '2016-03-15 17:00:58'
System info: host: 'PIEW-PC', ip: '192.168.11.220', os.name: 'Windows 7', os.arch: 'amd64', os.version: '6.1', java.version: '1.8.0_102'
Driver info: com.kms.katalon.selenium.driver.CChromeDriver
Capabilities [{applicationCacheEnabled=false, rotatable=false, mobileEmulationEnabled=false, networkConnectionEnabled=false, chrome={chromedriverVersion=2.31.488763 (092de99f48a300323ecf8c2a4e2e7cab51de5ba8), userDataDir=C:\Users\PIEW\AppData\Local\Temp\scoped_dir9632_11053}, takesHeapSnapshot=true, pageLoadStrategy=normal, databaseEnabled=false, handlesAlerts=true, hasTouchScreen=false, version=61.0.3163.100, platform=XP, browserConnectionEnabled=false, nativeEvents=true, acceptSslCerts=true, locationContextEnabled=true, webStorageEnabled=true, browserName=chrome, takesScreenshot=true, javascriptEnabled=true, cssSelectorsEnabled=true, setWindowRect=true, unexpectedAlertBehaviour=}]
Session ID: daf0d23a3f1742499c3c7afaef908c16
*** Element info: {Using=xpath, value=//input[count(. | //*[@placeholder = 'Search']) = count(//*[@placeholder = 'Search'])][count(. | //*[@type = 'text']) = count(//*[@type = 'text'])]})

2560-10-19 15:02:44 - [TEST_STEP][NOT_RUN] - openBrowser: NOT_RUN: openBrowser

2560-10-19 15:02:44 - [MESSAGE][NOT_RUN] - NOT_RUN: openBrowser

2560-10-19 15:02:44 - [TEST_STEP][NOT_RUN] - maximizeWindow: NOT_RUN: maximizeWindow

2560-10-19 15:02:44 - [MESSAGE][NOT_RUN] - NOT_RUN: maximizeWindow

2560-10-19 15:02:44 - [TEST_STEP][NOT_RUN] - navigateToUrl: NOT_RUN: navigateToUrl

2560-10-19 15:02:44 - [MESSAGE][NOT_RUN] - NOT_RUN: navigateToUrl

2560-10-19 15:02:44 - [TEST_STEP][NOT_RUN] - click: NOT_RUN: click

2560-10-19 15:02:44 - [MESSAGE][NOT_RUN] - NOT_RUN: click

2560-10-19 15:02:44 - [TEST_STEP][NOT_RUN] - setText: NOT_RUN: setText

2560-10-19 15:02:44 - [MESSAGE][NOT_RUN] - NOT_RUN: setText

2560-10-19 15:02:44 - [TEST_STEP][NOT_RUN] - setText: NOT_RUN: setText

2560-10-19 15:02:44 - [MESSAGE][NOT_RUN] - NOT_RUN: setText

2560-10-19 15:02:44 - [TEST_STEP][NOT_RUN] - submit: NOT_RUN: submit

2560-10-19 15:02:44 - [MESSAGE][NOT_RUN] - NOT_RUN: submit

2560-10-19 15:02:44 - [TEST_STEP][NOT_RUN] - click: NOT_RUN: click

2560-10-19 15:02:44 - [MESSAGE][NOT_RUN] - NOT_RUN: click

2560-10-19 15:02:44 - [TEST_STEP][FAILED] - setText: Unable to set text 'fortest' of object 'Object Repository/reset password/list/input_ng-untouched ng-valid ng' (Root cause: org.openqa.selenium.WebDriverException: chrome not reachable
  (Session info: chrome=61.0.3163.100)
  (Driver info: chromedriver=2.31.488763 (092de99f48a300323ecf8c2a4e2e7cab51de5ba8),platform=Windows NT 6.1.7601 SP1 x86_64) (WARNING: The server did not provide any stacktrace information)
Command duration or timeout: 3.02 seconds
Build info: version: '2.53.0', revision: '35ae25b', time: '2016-03-15 17:00:58'
System info: host: 'PIEW-PC', ip: '192.168.11.220', os.name: 'Windows 7', os.arch: 'amd64', os.version: '6.1', java.version: '1.8.0_102'
Driver info: com.kms.katalon.selenium.driver.CChromeDriver
Capabilities [{applicationCacheEnabled=false, rotatable=false, mobileEmulationEnabled=false, networkConnectionEnabled=false, chrome={chromedriverVersion=2.31.488763 (092de99f48a300323ecf8c2a4e2e7cab51de5ba8), userDataDir=C:\Users\PIEW\AppData\Local\Temp\scoped_dir9632_11053}, takesHeapSnapshot=true, pageLoadStrategy=normal, databaseEnabled=false, handlesAlerts=true, hasTouchScreen=false, version=61.0.3163.100, platform=XP, browserConnectionEnabled=false, nativeEvents=true, acceptSslCerts=true, locationContextEnabled=true, webStorageEnabled=true, browserName=chrome, takesScreenshot=true, javascriptEnabled=true, cssSelectorsEnabled=true, setWindowRect=true, unexpectedAlertBehaviour=}]
Session ID: daf0d23a3f1742499c3c7afaef908c16
*** Element info: {Using=xpath, value=//input[count(. | //*[@placeholder = 'Search']) = count(//*[@placeholder = 'Search'])][count(. | //*[@type = 'text']) = count(//*[@type = 'text'])]})

2560-10-19 15:02:51 - [MESSAGE][WARNING] - Cannot take screenshot

2560-10-19 15:02:51 - [MESSAGE][FAILED] - Unable to set text 'fortest' of object 'Object Repository/reset password/list/input_ng-untouched ng-valid ng' (Root cause: org.openqa.selenium.WebDriverException: chrome not reachable
  (Session info: chrome=61.0.3163.100)
  (Driver info: chromedriver=2.31.488763 (092de99f48a300323ecf8c2a4e2e7cab51de5ba8),platform=Windows NT 6.1.7601 SP1 x86_64) (WARNING: The server did not provide any stacktrace information)
Command duration or timeout: 3.02 seconds
Build info: version: '2.53.0', revision: '35ae25b', time: '2016-03-15 17:00:58'
System info: host: 'PIEW-PC', ip: '192.168.11.220', os.name: 'Windows 7', os.arch: 'amd64', os.version: '6.1', java.version: '1.8.0_102'
Driver info: com.kms.katalon.selenium.driver.CChromeDriver
Capabilities [{applicationCacheEnabled=false, rotatable=false, mobileEmulationEnabled=false, networkConnectionEnabled=false, chrome={chromedriverVersion=2.31.488763 (092de99f48a300323ecf8c2a4e2e7cab51de5ba8), userDataDir=C:\Users\PIEW\AppData\Local\Temp\scoped_dir9632_11053}, takesHeapSnapshot=true, pageLoadStrategy=normal, databaseEnabled=false, handlesAlerts=true, hasTouchScreen=false, version=61.0.3163.100, platform=XP, browserConnectionEnabled=false, nativeEvents=true, acceptSslCerts=true, locationContextEnabled=true, webStorageEnabled=true, browserName=chrome, takesScreenshot=true, javascriptEnabled=true, cssSelectorsEnabled=true, setWindowRect=true, unexpectedAlertBehaviour=}]
Session ID: daf0d23a3f1742499c3c7afaef908c16
*** Element info: {Using=xpath, value=//input[count(. | //*[@placeholder = 'Search']) = count(//*[@placeholder = 'Search'])][count(. | //*[@type = 'text']) = count(//*[@type = 'text'])]})]]></system-out>
         <system-err><![CDATA[2560-10-19 15:02:44 - [TEST_CASE][FAILED] - Test Cases/User management/Edit user profile/Reset password: Test Cases/User management/Edit user profile/Reset password FAILED because (of) Unable to set text 'fortest' of object 'Object Repository/reset password/list/input_ng-untouched ng-valid ng' (Root cause: org.openqa.selenium.WebDriverException: chrome not reachable
  (Session info: chrome=61.0.3163.100)
  (Driver info: chromedriver=2.31.488763 (092de99f48a300323ecf8c2a4e2e7cab51de5ba8),platform=Windows NT 6.1.7601 SP1 x86_64) (WARNING: The server did not provide any stacktrace information)
Command duration or timeout: 3.02 seconds
Build info: version: '2.53.0', revision: '35ae25b', time: '2016-03-15 17:00:58'
System info: host: 'PIEW-PC', ip: '192.168.11.220', os.name: 'Windows 7', os.arch: 'amd64', os.version: '6.1', java.version: '1.8.0_102'
Driver info: com.kms.katalon.selenium.driver.CChromeDriver
Capabilities [{applicationCacheEnabled=false, rotatable=false, mobileEmulationEnabled=false, networkConnectionEnabled=false, chrome={chromedriverVersion=2.31.488763 (092de99f48a300323ecf8c2a4e2e7cab51de5ba8), userDataDir=C:\Users\PIEW\AppData\Local\Temp\scoped_dir9632_11053}, takesHeapSnapshot=true, pageLoadStrategy=normal, databaseEnabled=false, handlesAlerts=true, hasTouchScreen=false, version=61.0.3163.100, platform=XP, browserConnectionEnabled=false, nativeEvents=true, acceptSslCerts=true, locationContextEnabled=true, webStorageEnabled=true, browserName=chrome, takesScreenshot=true, javascriptEnabled=true, cssSelectorsEnabled=true, setWindowRect=true, unexpectedAlertBehaviour=}]
Session ID: daf0d23a3f1742499c3c7afaef908c16
*** Element info: {Using=xpath, value=//input[count(. | //*[@placeholder = 'Search']) = count(//*[@placeholder = 'Search'])][count(. | //*[@type = 'text']) = count(//*[@type = 'text'])]})]]></system-err>
      </testcase>
      <testcase name="Test Cases/History Log/Search history log" classname="Test Cases/History Log/Search history log" status="FAILED">
         <failure type="FAILED" message="Unable to click on object 'Object Repository/Search history log/Page_Guru TMDA/a_Log' (Root cause: org.openqa.selenium.WebDriverException: chrome not reachable
  (Session info: chrome=61.0.3163.100)
  (Driver info: chromedriver=2.31.488763 (092de99f48a300323ecf8c2a4e2e7cab51de5ba8),platform=Windows NT 6.1.7601 SP1 x86_64) (WARNING: The server did not provide any stacktrace information)
Command duration or timeout: 3.01 seconds
Build info: version: '2.53.0', revision: '35ae25b', time: '2016-03-15 17:00:58'
System info: host: 'PIEW-PC', ip: '192.168.11.220', os.name: 'Windows 7', os.arch: 'amd64', os.version: '6.1', java.version: '1.8.0_102'
Driver info: com.kms.katalon.selenium.driver.CChromeDriver
Capabilities [{applicationCacheEnabled=false, rotatable=false, mobileEmulationEnabled=false, networkConnectionEnabled=false, chrome={chromedriverVersion=2.31.488763 (092de99f48a300323ecf8c2a4e2e7cab51de5ba8), userDataDir=C:\Users\PIEW\AppData\Local\Temp\scoped_dir9632_11053}, takesHeapSnapshot=true, pageLoadStrategy=normal, databaseEnabled=false, handlesAlerts=true, hasTouchScreen=false, version=61.0.3163.100, platform=XP, browserConnectionEnabled=false, nativeEvents=true, acceptSslCerts=true, locationContextEnabled=true, webStorageEnabled=true, browserName=chrome, takesScreenshot=true, javascriptEnabled=true, cssSelectorsEnabled=true, setWindowRect=true, unexpectedAlertBehaviour=}]
Session ID: daf0d23a3f1742499c3c7afaef908c16
*** Element info: {Using=xpath, value=//a[count(. | //*[@href = '/history-log']) = count(//*[@href = '/history-log'])][count(. | //*[contains(.,'Log')]) = count(//*[contains(.,'Log')])]})"/>
         <system-out><![CDATA[2560-10-19 15:02:51 - [TEST_CASE][FAILED] - Test Cases/History Log/Search history log: Test Cases/History Log/Search history log FAILED because (of) Unable to click on object 'Object Repository/Search history log/Page_Guru TMDA/a_Log' (Root cause: org.openqa.selenium.WebDriverException: chrome not reachable
  (Session info: chrome=61.0.3163.100)
  (Driver info: chromedriver=2.31.488763 (092de99f48a300323ecf8c2a4e2e7cab51de5ba8),platform=Windows NT 6.1.7601 SP1 x86_64) (WARNING: The server did not provide any stacktrace information)
Command duration or timeout: 3.01 seconds
Build info: version: '2.53.0', revision: '35ae25b', time: '2016-03-15 17:00:58'
System info: host: 'PIEW-PC', ip: '192.168.11.220', os.name: 'Windows 7', os.arch: 'amd64', os.version: '6.1', java.version: '1.8.0_102'
Driver info: com.kms.katalon.selenium.driver.CChromeDriver
Capabilities [{applicationCacheEnabled=false, rotatable=false, mobileEmulationEnabled=false, networkConnectionEnabled=false, chrome={chromedriverVersion=2.31.488763 (092de99f48a300323ecf8c2a4e2e7cab51de5ba8), userDataDir=C:\Users\PIEW\AppData\Local\Temp\scoped_dir9632_11053}, takesHeapSnapshot=true, pageLoadStrategy=normal, databaseEnabled=false, handlesAlerts=true, hasTouchScreen=false, version=61.0.3163.100, platform=XP, browserConnectionEnabled=false, nativeEvents=true, acceptSslCerts=true, locationContextEnabled=true, webStorageEnabled=true, browserName=chrome, takesScreenshot=true, javascriptEnabled=true, cssSelectorsEnabled=true, setWindowRect=true, unexpectedAlertBehaviour=}]
Session ID: daf0d23a3f1742499c3c7afaef908c16
*** Element info: {Using=xpath, value=//a[count(. | //*[@href = '/history-log']) = count(//*[@href = '/history-log'])][count(. | //*[contains(.,'Log')]) = count(//*[contains(.,'Log')])]})

2560-10-19 15:02:51 - [TEST_STEP][NOT_RUN] - openBrowser: NOT_RUN: openBrowser

2560-10-19 15:02:51 - [MESSAGE][NOT_RUN] - NOT_RUN: openBrowser

2560-10-19 15:02:51 - [TEST_STEP][NOT_RUN] - maximizeWindow: NOT_RUN: maximizeWindow

2560-10-19 15:02:51 - [MESSAGE][NOT_RUN] - NOT_RUN: maximizeWindow

2560-10-19 15:02:51 - [TEST_STEP][NOT_RUN] - navigateToUrl: NOT_RUN: navigateToUrl

2560-10-19 15:02:51 - [MESSAGE][NOT_RUN] - NOT_RUN: navigateToUrl

2560-10-19 15:02:51 - [TEST_STEP][NOT_RUN] - click: NOT_RUN: click

2560-10-19 15:02:51 - [MESSAGE][NOT_RUN] - NOT_RUN: click

2560-10-19 15:02:51 - [TEST_STEP][NOT_RUN] - setText: NOT_RUN: setText

2560-10-19 15:02:51 - [MESSAGE][NOT_RUN] - NOT_RUN: setText

2560-10-19 15:02:51 - [TEST_STEP][NOT_RUN] - setText: NOT_RUN: setText

2560-10-19 15:02:51 - [MESSAGE][NOT_RUN] - NOT_RUN: setText

2560-10-19 15:02:51 - [TEST_STEP][NOT_RUN] - submit: NOT_RUN: submit

2560-10-19 15:02:51 - [MESSAGE][NOT_RUN] - NOT_RUN: submit

2560-10-19 15:02:51 - [TEST_STEP][FAILED] - click: Unable to click on object 'Object Repository/Search history log/Page_Guru TMDA/a_Log' (Root cause: org.openqa.selenium.WebDriverException: chrome not reachable
  (Session info: chrome=61.0.3163.100)
  (Driver info: chromedriver=2.31.488763 (092de99f48a300323ecf8c2a4e2e7cab51de5ba8),platform=Windows NT 6.1.7601 SP1 x86_64) (WARNING: The server did not provide any stacktrace information)
Command duration or timeout: 3.01 seconds
Build info: version: '2.53.0', revision: '35ae25b', time: '2016-03-15 17:00:58'
System info: host: 'PIEW-PC', ip: '192.168.11.220', os.name: 'Windows 7', os.arch: 'amd64', os.version: '6.1', java.version: '1.8.0_102'
Driver info: com.kms.katalon.selenium.driver.CChromeDriver
Capabilities [{applicationCacheEnabled=false, rotatable=false, mobileEmulationEnabled=false, networkConnectionEnabled=false, chrome={chromedriverVersion=2.31.488763 (092de99f48a300323ecf8c2a4e2e7cab51de5ba8), userDataDir=C:\Users\PIEW\AppData\Local\Temp\scoped_dir9632_11053}, takesHeapSnapshot=true, pageLoadStrategy=normal, databaseEnabled=false, handlesAlerts=true, hasTouchScreen=false, version=61.0.3163.100, platform=XP, browserConnectionEnabled=false, nativeEvents=true, acceptSslCerts=true, locationContextEnabled=true, webStorageEnabled=true, browserName=chrome, takesScreenshot=true, javascriptEnabled=true, cssSelectorsEnabled=true, setWindowRect=true, unexpectedAlertBehaviour=}]
Session ID: daf0d23a3f1742499c3c7afaef908c16
*** Element info: {Using=xpath, value=//a[count(. | //*[@href = '/history-log']) = count(//*[@href = '/history-log'])][count(. | //*[contains(.,'Log')]) = count(//*[contains(.,'Log')])]})

2560-10-19 15:02:57 - [MESSAGE][WARNING] - Cannot take screenshot

2560-10-19 15:02:57 - [MESSAGE][FAILED] - Unable to click on object 'Object Repository/Search history log/Page_Guru TMDA/a_Log' (Root cause: org.openqa.selenium.WebDriverException: chrome not reachable
  (Session info: chrome=61.0.3163.100)
  (Driver info: chromedriver=2.31.488763 (092de99f48a300323ecf8c2a4e2e7cab51de5ba8),platform=Windows NT 6.1.7601 SP1 x86_64) (WARNING: The server did not provide any stacktrace information)
Command duration or timeout: 3.01 seconds
Build info: version: '2.53.0', revision: '35ae25b', time: '2016-03-15 17:00:58'
System info: host: 'PIEW-PC', ip: '192.168.11.220', os.name: 'Windows 7', os.arch: 'amd64', os.version: '6.1', java.version: '1.8.0_102'
Driver info: com.kms.katalon.selenium.driver.CChromeDriver
Capabilities [{applicationCacheEnabled=false, rotatable=false, mobileEmulationEnabled=false, networkConnectionEnabled=false, chrome={chromedriverVersion=2.31.488763 (092de99f48a300323ecf8c2a4e2e7cab51de5ba8), userDataDir=C:\Users\PIEW\AppData\Local\Temp\scoped_dir9632_11053}, takesHeapSnapshot=true, pageLoadStrategy=normal, databaseEnabled=false, handlesAlerts=true, hasTouchScreen=false, version=61.0.3163.100, platform=XP, browserConnectionEnabled=false, nativeEvents=true, acceptSslCerts=true, locationContextEnabled=true, webStorageEnabled=true, browserName=chrome, takesScreenshot=true, javascriptEnabled=true, cssSelectorsEnabled=true, setWindowRect=true, unexpectedAlertBehaviour=}]
Session ID: daf0d23a3f1742499c3c7afaef908c16
*** Element info: {Using=xpath, value=//a[count(. | //*[@href = '/history-log']) = count(//*[@href = '/history-log'])][count(. | //*[contains(.,'Log')]) = count(//*[contains(.,'Log')])]})]]></system-out>
         <system-err><![CDATA[2560-10-19 15:02:51 - [TEST_CASE][FAILED] - Test Cases/History Log/Search history log: Test Cases/History Log/Search history log FAILED because (of) Unable to click on object 'Object Repository/Search history log/Page_Guru TMDA/a_Log' (Root cause: org.openqa.selenium.WebDriverException: chrome not reachable
  (Session info: chrome=61.0.3163.100)
  (Driver info: chromedriver=2.31.488763 (092de99f48a300323ecf8c2a4e2e7cab51de5ba8),platform=Windows NT 6.1.7601 SP1 x86_64) (WARNING: The server did not provide any stacktrace information)
Command duration or timeout: 3.01 seconds
Build info: version: '2.53.0', revision: '35ae25b', time: '2016-03-15 17:00:58'
System info: host: 'PIEW-PC', ip: '192.168.11.220', os.name: 'Windows 7', os.arch: 'amd64', os.version: '6.1', java.version: '1.8.0_102'
Driver info: com.kms.katalon.selenium.driver.CChromeDriver
Capabilities [{applicationCacheEnabled=false, rotatable=false, mobileEmulationEnabled=false, networkConnectionEnabled=false, chrome={chromedriverVersion=2.31.488763 (092de99f48a300323ecf8c2a4e2e7cab51de5ba8), userDataDir=C:\Users\PIEW\AppData\Local\Temp\scoped_dir9632_11053}, takesHeapSnapshot=true, pageLoadStrategy=normal, databaseEnabled=false, handlesAlerts=true, hasTouchScreen=false, version=61.0.3163.100, platform=XP, browserConnectionEnabled=false, nativeEvents=true, acceptSslCerts=true, locationContextEnabled=true, webStorageEnabled=true, browserName=chrome, takesScreenshot=true, javascriptEnabled=true, cssSelectorsEnabled=true, setWindowRect=true, unexpectedAlertBehaviour=}]
Session ID: daf0d23a3f1742499c3c7afaef908c16
*** Element info: {Using=xpath, value=//a[count(. | //*[@href = '/history-log']) = count(//*[@href = '/history-log'])][count(. | //*[contains(.,'Log')]) = count(//*[contains(.,'Log')])]})]]></system-err>
      </testcase>
      <system-out><![CDATA[2560-10-19 14:59:39 - [TEST_SUITE][FAILED] - Basic work: Test Cases/Basic work/Predicted Multiple Verbatim/Prediction in details display Company Brand list FAILED because (of) Unable to verify object 'Object Repository/Display Accessibility list/Page_Guru TMDA (2)/div_row' is present (Root cause: com.kms.katalon.core.webui.exception.WebElementNotFoundException: Web element with id: 'Object Repository/Display Accessibility list/Page_Guru TMDA (2)/div_row' located by 'By.xpath: //div[count(. | /html[1]/body[1]/my-app[1]/app-predicted-results[1]/div[@class="container-fluid"]/div[@class="row centurygothic-font"]/div[@class="col-xs-12 col-sm-8 col-md-8 col-lg-9"]/div[2]/div[@class="row"]) = count(/html[1]/body[1]/my-app[1]/app-predicted-results[1]/div[@class="container-fluid"]/div[@class="row centurygothic-font"]/div[@class="col-xs-12 col-sm-8 col-md-8 col-lg-9"]/div[2]/div[@class="row"])]' not found)]]></system-out>
      <system-err><![CDATA[2560-10-19 14:59:39 - [TEST_SUITE][FAILED] - Basic work: Test Cases/Basic work/Predicted Multiple Verbatim/Prediction in details display Company Brand list FAILED because (of) Unable to verify object 'Object Repository/Display Accessibility list/Page_Guru TMDA (2)/div_row' is present (Root cause: com.kms.katalon.core.webui.exception.WebElementNotFoundException: Web element with id: 'Object Repository/Display Accessibility list/Page_Guru TMDA (2)/div_row' located by 'By.xpath: //div[count(. | /html[1]/body[1]/my-app[1]/app-predicted-results[1]/div[@class="container-fluid"]/div[@class="row centurygothic-font"]/div[@class="col-xs-12 col-sm-8 col-md-8 col-lg-9"]/div[2]/div[@class="row"]) = count(/html[1]/body[1]/my-app[1]/app-predicted-results[1]/div[@class="container-fluid"]/div[@class="row centurygothic-font"]/div[@class="col-xs-12 col-sm-8 col-md-8 col-lg-9"]/div[2]/div[@class="row"])]' not found)]]></system-err>
   </testsuite>
</testsuites>
