<?xml version="1.0" encoding="UTF-8"?>
<testsuites name="Basic work" time="380" tests="10" failures="11" errors="0">
   <testsuite name="Basic work" tests="10" failures="11" errors="0" time="380" timestamp="2560-10-30 16:47:31" hostname="PIEW - 192.168.11.220" id="Test Suites/Basic work">
      <properties>
         <property name="deviceName" value=""/>
         <property name="devicePlatform" value=""/>
         <property name="logFolder" value="C:\\Users\\PIEW\\Katalon Studio\\GuruTMDA\\Reports\\Basic work\\25601030_164729"/>
         <property name="logFiles" value="C:\\Users\\PIEW\\Katalon Studio\\GuruTMDA\\Reports\\Basic work\\25601030_164729\\execution0.log"/>
         <property name="attachments" value="C:\\Users\\PIEW\\Katalon Studio\\GuruTMDA\\Reports\\Basic work\\25601030_164729\\1509356904586.png, C:\\Users\\PIEW\\Katalon Studio\\GuruTMDA\\Reports\\Basic work\\25601030_164729\\1509356904902.png, C:\\Users\\PIEW\\Katalon Studio\\GuruTMDA\\Reports\\Basic work\\25601030_164729\\1509356958321.png, C:\\Users\\PIEW\\Katalon Studio\\GuruTMDA\\Reports\\Basic work\\25601030_164729\\1509357022547.png, C:\\Users\\PIEW\\Katalon Studio\\GuruTMDA\\Reports\\Basic work\\25601030_164729\\1509357022838.png, C:\\Users\\PIEW\\Katalon Studio\\GuruTMDA\\Reports\\Basic work\\25601030_164729\\1509357027106.png, C:\\Users\\PIEW\\Katalon Studio\\GuruTMDA\\Reports\\Basic work\\25601030_164729\\1509357027383.png, C:\\Users\\PIEW\\Katalon Studio\\GuruTMDA\\Reports\\Basic work\\25601030_164729\\1509357033466.png, C:\\Users\\PIEW\\Katalon Studio\\GuruTMDA\\Reports\\Basic work\\25601030_164729\\1509357033754.png, C:\\Users\\PIEW\\Katalon Studio\\GuruTMDA\\Reports\\Basic work\\25601030_164729\\1509357038146.png, C:\\Users\\PIEW\\Katalon Studio\\GuruTMDA\\Reports\\Basic work\\25601030_164729\\1509357038428.png, C:\\Users\\PIEW\\Katalon Studio\\GuruTMDA\\Reports\\Basic work\\25601030_164729\\1509357072687.png, C:\\Users\\PIEW\\Katalon Studio\\GuruTMDA\\Reports\\Basic work\\25601030_164729\\1509357103817.png, C:\\Users\\PIEW\\Katalon Studio\\GuruTMDA\\Reports\\Basic work\\25601030_164729\\1509357134851.png, C:\\Users\\PIEW\\Katalon Studio\\GuruTMDA\\Reports\\Basic work\\25601030_164729\\1509357165836.png, C:\\Users\\PIEW\\Katalon Studio\\GuruTMDA\\Reports\\Basic work\\25601030_164729\\1509357196948.png, C:\\Users\\PIEW\\Katalon Studio\\GuruTMDA\\Reports\\Basic work\\25601030_164729\\1509357228845.png"/>
         <property name="hostName" value="PIEW - 192.168.11.220"/>
         <property name="os" value="Windows 7 64bit"/>
         <property name="katalonVersion" value="5.0.0.1"/>
         <property name="browser" value="Chrome 61.0.3163.100"/>
         <property name="hostAddress" value="192.168.11.220"/>
         <property name="sessionId" value="4330ba84d5a2f5fe9eeaa39834152ad8"/>
         <property name="seleniumVersion" value="2.53.0"/>
         <property name="proxyInformation" value="ProxyInformation{proxyOption=NO_PROXY, proxyServerType=HTTP, password=, proxyServerAddress=, proxyServerPort=0}"/>
         <property name="platform" value="Windows 7"/>
      </properties>
      <testcase name="Test Cases/1. Start Page (without login)/Prediction Single Verbatim without login" classname="Test Cases/1. Start Page (without login)/Prediction Single Verbatim without login" status="PASSED">
         <system-out><![CDATA[2560-10-30 16:47:32 - [TEST_CASE][PASSED] - Test Cases/1. Start Page (without login)/Prediction Single Verbatim without login: Test Cases/1. Start Page (without login)/Prediction Single Verbatim without login

2560-10-30 16:47:33 - [TEST_STEP][PASSED] - openBrowser: Browser is opened with url: ''

2560-10-30 16:47:36 - [MESSAGE][PASSED] - Browser is opened with url: ''

2560-10-30 16:47:36 - [TEST_STEP][PASSED] - maximizeWindow: Current window maximized

2560-10-30 16:47:36 - [MESSAGE][PASSED] - Current window maximized

2560-10-30 16:47:36 - [TEST_STEP][PASSED] - navigateToUrl: Navigate to 'http://192.168.11.59' successfully

2560-10-30 16:47:43 - [MESSAGE][PASSED] - Navigate to 'http://192.168.11.59' successfully

2560-10-30 16:47:43 - [TEST_STEP][PASSED] - click: Object: 'Object Repository/Page single/Page_Guru TMDA/button_btn btn-link' is clicked on

2560-10-30 16:47:43 - [MESSAGE][PASSED] - Object: 'Object Repository/Page single/Page_Guru TMDA/button_btn btn-link' is clicked on

2560-10-30 16:47:43 - [TEST_STEP][PASSED] - verifyElementPresent: Object 'Object Repository/Single verbatim without login/span_Verbatim is not null' is present

2560-10-30 16:47:43 - [MESSAGE][PASSED] - Object 'Object Repository/Single verbatim without login/span_Verbatim is not null' is present

2560-10-30 16:47:43 - [TEST_STEP][PASSED] - setText: Text 'บริการดี แต่รอคิวนาน' is set on object 'Object Repository/Page_Guru TMDA (2)/input_input-text w3-large inpu'

2560-10-30 16:47:43 - [MESSAGE][PASSED] - Text 'บริการดี แต่รอคิวนาน' is set on object 'Object Repository/Page_Guru TMDA (2)/input_input-text w3-large inpu'

2560-10-30 16:47:43 - [TEST_STEP][PASSED] - click: Object: 'Object Repository/Page single/Page_Guru TMDA/button_btn btn-link' is clicked on

2560-10-30 16:47:43 - [MESSAGE][PASSED] - Object: 'Object Repository/Page single/Page_Guru TMDA/button_btn btn-link' is clicked on

2560-10-30 16:47:43 - [TEST_STEP][PASSED] - click: Object: 'Object Repository/Page_Guru TMDA (2)/div_row' is clicked on

2560-10-30 16:48:02 - [MESSAGE][PASSED] - Object: 'Object Repository/Page_Guru TMDA (2)/div_row' is clicked on

2560-10-30 16:48:02 - [TEST_STEP][PASSED] - click: Object: 'Object Repository/Page_Guru TMDA (2)/div_predict-result' is clicked on

2560-10-30 16:48:03 - [MESSAGE][PASSED] - Object: 'Object Repository/Page_Guru TMDA (2)/div_predict-result' is clicked on

2560-10-30 16:48:03 - [TEST_STEP][NOT_RUN] - closeBrowser: NOT_RUN: closeBrowser

2560-10-30 16:48:03 - [MESSAGE][NOT_RUN] - NOT_RUN: closeBrowser]]></system-out>
         <system-err><![CDATA[]]></system-err>
      </testcase>
      <testcase name="Test Cases/2. Login/Sign Up" classname="Test Cases/2. Login/Sign Up" status="PASSED">
         <system-out><![CDATA[2560-10-30 16:48:03 - [TEST_CASE][PASSED] - Test Cases/2. Login/Sign Up: Test Cases/2. Login/Sign Up

2560-10-30 16:48:03 - [TEST_STEP][NOT_RUN] - openBrowser: NOT_RUN: openBrowser

2560-10-30 16:48:03 - [MESSAGE][NOT_RUN] - NOT_RUN: openBrowser

2560-10-30 16:48:03 - [TEST_STEP][NOT_RUN] - maximizeWindow: NOT_RUN: maximizeWindow

2560-10-30 16:48:03 - [MESSAGE][NOT_RUN] - NOT_RUN: maximizeWindow

2560-10-30 16:48:03 - [TEST_STEP][NOT_RUN] - navigateToUrl: NOT_RUN: navigateToUrl

2560-10-30 16:48:03 - [MESSAGE][NOT_RUN] - NOT_RUN: navigateToUrl

2560-10-30 16:48:03 - [TEST_STEP][PASSED] - click: Object: 'Object Repository/signup/start/span_Login' is clicked on

2560-10-30 16:48:03 - [MESSAGE][PASSED] - Object: 'Object Repository/signup/start/span_Login' is clicked on

2560-10-30 16:48:03 - [TEST_STEP][PASSED] - scrollToElement: Scroll to object 'Object Repository/signup/login/a_Sign Up' successfully

2560-10-30 16:48:03 - [MESSAGE][PASSED] - Scroll to object 'Object Repository/signup/login/a_Sign Up' successfully

2560-10-30 16:48:03 - [TEST_STEP][PASSED] - click: Object: 'Object Repository/signup/login/a_Sign Up' is clicked on

2560-10-30 16:48:04 - [MESSAGE][PASSED] - Object: 'Object Repository/signup/login/a_Sign Up' is clicked on

2560-10-30 16:48:04 - [TEST_STEP][PASSED] - Statement - date = new java.util.Date(): null

2560-10-30 16:48:04 - [TEST_STEP][PASSED] - Statement - out.println("Current Date : " + date.toString()): null

2560-10-30 16:48:04 - [TEST_STEP][PASSED] - verifyElementNotClickable: Object 'Object Repository/signup/signup/button_Sign Up' is NOT clickable

2560-10-30 16:48:04 - [MESSAGE][PASSED] - Object 'Object Repository/signup/signup/button_Sign Up' is NOT clickable

2560-10-30 16:48:04 - [TEST_STEP][PASSED] - uploadFile: File 'C:\Penguins.jpg' sent to object: 'Object Repository/signup/signup/input_file-input'

2560-10-30 16:48:04 - [MESSAGE][PASSED] - File 'C:\Penguins.jpg' sent to object: 'Object Repository/signup/signup/input_file-input'

2560-10-30 16:48:04 - [TEST_STEP][PASSED] - setText: Text 'piew' is set on object 'Object Repository/signup/signup/input_username'

2560-10-30 16:48:04 - [MESSAGE][PASSED] - Text 'piew' is set on object 'Object Repository/signup/signup/input_username'

2560-10-30 16:48:04 - [TEST_STEP][PASSED] - setText: Text 'piew' is set on object 'Object Repository/signup/signup/input_password'

2560-10-30 16:48:05 - [MESSAGE][PASSED] - Text 'piew' is set on object 'Object Repository/signup/signup/input_password'

2560-10-30 16:48:05 - [TEST_STEP][PASSED] - setText: Text '1111' is set on object 'Object Repository/signup/signup/input_cfpassword'

2560-10-30 16:48:05 - [MESSAGE][PASSED] - Text '1111' is set on object 'Object Repository/signup/signup/input_cfpassword'

2560-10-30 16:48:05 - [TEST_STEP][PASSED] - verifyElementPresent: Object 'Object Repository/signup/signup/div_Password and Confirm Passw' is present

2560-10-30 16:48:05 - [MESSAGE][PASSED] - Object 'Object Repository/signup/signup/div_Password and Confirm Passw' is present

2560-10-30 16:48:05 - [TEST_STEP][PASSED] - setText: Text 'piew' is set on object 'Object Repository/signup/signup/input_cfpassword'

2560-10-30 16:48:05 - [MESSAGE][PASSED] - Text 'piew' is set on object 'Object Repository/signup/signup/input_cfpassword'

2560-10-30 16:48:05 - [TEST_STEP][PASSED] - setText: Text '1' is set on object 'Object Repository/signup/signup/input_first_name'

2560-10-30 16:48:05 - [MESSAGE][PASSED] - Text '1' is set on object 'Object Repository/signup/signup/input_first_name'

2560-10-30 16:48:05 - [TEST_STEP][PASSED] - verifyElementPresent: Object 'Object Repository/signup/signup/div_Firstname is not pattern.' is present

2560-10-30 16:48:05 - [MESSAGE][PASSED] - Object 'Object Repository/signup/signup/div_Firstname is not pattern.' is present

2560-10-30 16:48:05 - [TEST_STEP][PASSED] - setText: Text '' is set on object 'Object Repository/signup/signup/input_first_name (1)'

2560-10-30 16:48:05 - [MESSAGE][PASSED] - Text '' is set on object 'Object Repository/signup/signup/input_first_name (1)'

2560-10-30 16:48:06 - [TEST_STEP][PASSED] - setText: Text 'e' is set on object 'Object Repository/signup/signup/input_first_name (2)'

2560-10-30 16:48:06 - [MESSAGE][PASSED] - Text 'e' is set on object 'Object Repository/signup/signup/input_first_name (2)'

2560-10-30 16:48:06 - [TEST_STEP][PASSED] - setText: Text '' is set on object 'Object Repository/signup/signup/input_first_name (3)'

2560-10-30 16:48:06 - [MESSAGE][PASSED] - Text '' is set on object 'Object Repository/signup/signup/input_first_name (3)'

2560-10-30 16:48:06 - [TEST_STEP][PASSED] - setText: Text 'test' is set on object 'Object Repository/signup/signup/input_first_name (2)'

2560-10-30 16:48:06 - [MESSAGE][PASSED] - Text 'test' is set on object 'Object Repository/signup/signup/input_first_name (2)'

2560-10-30 16:48:06 - [TEST_STEP][PASSED] - setText: Text '1' is set on object 'Object Repository/signup/signup/input_last_name'

2560-10-30 16:48:07 - [MESSAGE][PASSED] - Text '1' is set on object 'Object Repository/signup/signup/input_last_name'

2560-10-30 16:48:07 - [TEST_STEP][PASSED] - verifyElementPresent: Object 'Object Repository/signup/signup/div_Lastname is not pattern.' is present

2560-10-30 16:48:07 - [MESSAGE][PASSED] - Object 'Object Repository/signup/signup/div_Lastname is not pattern.' is present

2560-10-30 16:48:07 - [TEST_STEP][PASSED] - setText: Text '' is set on object 'Object Repository/signup/signup/input_last_name (1)'

2560-10-30 16:48:07 - [MESSAGE][PASSED] - Text '' is set on object 'Object Repository/signup/signup/input_last_name (1)'

2560-10-30 16:48:07 - [TEST_STEP][PASSED] - setText: Text 'test' is set on object 'Object Repository/signup/signup/input_last_name (2)'

2560-10-30 16:48:07 - [MESSAGE][PASSED] - Text 'test' is set on object 'Object Repository/signup/signup/input_last_name (2)'

2560-10-30 16:48:07 - [TEST_STEP][PASSED] - setText: Text 'test' is set on object 'Object Repository/signup/signup/input_email'

2560-10-30 16:48:08 - [MESSAGE][PASSED] - Text 'test' is set on object 'Object Repository/signup/signup/input_email'

2560-10-30 16:48:08 - [TEST_STEP][PASSED] - verifyElementPresent: Object 'Object Repository/signup/signup/div_Email is not pattern.' is present

2560-10-30 16:48:08 - [MESSAGE][PASSED] - Object 'Object Repository/signup/signup/div_Email is not pattern.' is present

2560-10-30 16:48:08 - [TEST_STEP][PASSED] - setText: Text 'test@test.com' is set on object 'Object Repository/signup/signup/input_email (2)'

2560-10-30 16:48:08 - [MESSAGE][PASSED] - Text 'test@test.com' is set on object 'Object Repository/signup/signup/input_email (2)'

2560-10-30 16:48:08 - [TEST_STEP][PASSED] - selectOptionByValue: All options with value '1' are selected in object 'Object Repository/signup/signup/select_question'  using regular expression

2560-10-30 16:48:08 - [MESSAGE][PASSED] - All options with value '1' are selected in object 'Object Repository/signup/signup/select_question'  using regular expression

2560-10-30 16:48:08 - [TEST_STEP][PASSED] - setText: Text '1test' is set on object 'Object Repository/signup/signup/input_answer'

2560-10-30 16:48:09 - [MESSAGE][PASSED] - Text '1test' is set on object 'Object Repository/signup/signup/input_answer'

2560-10-30 16:48:09 - [TEST_STEP][PASSED] - click: Object: 'Object Repository/signup/signup/button_Sign Up' is clicked on

2560-10-30 16:48:09 - [MESSAGE][PASSED] - Object: 'Object Repository/signup/signup/button_Sign Up' is clicked on

2560-10-30 16:48:09 - [TEST_STEP][PASSED] - verifyElementPresent: Object 'Object Repository/signup/signup//div_Username is existing accou' is present

2560-10-30 16:48:09 - [MESSAGE][PASSED] - Object 'Object Repository/signup/signup//div_Username is existing accou' is present

2560-10-30 16:48:09 - [TEST_STEP][PASSED] - click: Object: 'Object Repository/signup/signup//button_' is clicked on

2560-10-30 16:48:10 - [MESSAGE][PASSED] - Object: 'Object Repository/signup/signup//button_' is clicked on

2560-10-30 16:48:10 - [TEST_STEP][PASSED] - setText: Text '' is set on object 'Object Repository/signup/signup/input_username'

2560-10-30 16:48:10 - [MESSAGE][PASSED] - Text '' is set on object 'Object Repository/signup/signup/input_username'

2560-10-30 16:48:10 - [TEST_STEP][PASSED] - setText: Text 'e' is set on object 'Object Repository/signup/signup/input_username'

2560-10-30 16:48:10 - [MESSAGE][PASSED] - Text 'e' is set on object 'Object Repository/signup/signup/input_username'

2560-10-30 16:48:10 - [TEST_STEP][PASSED] - sendKeys: Keys 'BACK_SPACE + ' sent to object: 'Object Repository/signup/signup/input_username'

2560-10-30 16:48:10 - [MESSAGE][PASSED] - Keys 'BACK_SPACE + ' sent to object: 'Object Repository/signup/signup/input_username'

2560-10-30 16:48:10 - [TEST_STEP][PASSED] - verifyElementNotClickable: Object 'Object Repository/signup/signup/button_Sign Up' is NOT clickable

2560-10-30 16:48:10 - [MESSAGE][PASSED] - Object 'Object Repository/signup/signup/button_Sign Up' is NOT clickable

2560-10-30 16:48:10 - [TEST_STEP][PASSED] - setText: Text 'Mon Oct 30 16:48:04 ICT 2017' is set on object 'Object Repository/signup/signup/input_username'

2560-10-30 16:48:11 - [MESSAGE][PASSED] - Text 'Mon Oct 30 16:48:04 ICT 2017' is set on object 'Object Repository/signup/signup/input_username'

2560-10-30 16:48:11 - [TEST_STEP][PASSED] - setText: Text '' is set on object 'Object Repository/signup/signup/input_password'

2560-10-30 16:48:11 - [MESSAGE][PASSED] - Text '' is set on object 'Object Repository/signup/signup/input_password'

2560-10-30 16:48:11 - [TEST_STEP][PASSED] - setText: Text 'e' is set on object 'Object Repository/signup/signup/input_password'

2560-10-30 16:48:11 - [MESSAGE][PASSED] - Text 'e' is set on object 'Object Repository/signup/signup/input_password'

2560-10-30 16:48:11 - [TEST_STEP][PASSED] - sendKeys: Keys 'BACK_SPACE + ' sent to object: 'Object Repository/signup/signup/input_password'

2560-10-30 16:48:11 - [MESSAGE][PASSED] - Keys 'BACK_SPACE + ' sent to object: 'Object Repository/signup/signup/input_password'

2560-10-30 16:48:11 - [TEST_STEP][PASSED] - verifyElementNotClickable: Object 'Object Repository/signup/signup/button_Sign Up' is NOT clickable

2560-10-30 16:48:12 - [MESSAGE][PASSED] - Object 'Object Repository/signup/signup/button_Sign Up' is NOT clickable

2560-10-30 16:48:12 - [TEST_STEP][PASSED] - setText: Text 'Mon Oct 30 16:48:04 ICT 2017' is set on object 'Object Repository/signup/signup/input_password'

2560-10-30 16:48:12 - [MESSAGE][PASSED] - Text 'Mon Oct 30 16:48:04 ICT 2017' is set on object 'Object Repository/signup/signup/input_password'

2560-10-30 16:48:12 - [TEST_STEP][PASSED] - setText: Text '' is set on object 'Object Repository/signup/signup/input_cfpassword'

2560-10-30 16:48:12 - [MESSAGE][PASSED] - Text '' is set on object 'Object Repository/signup/signup/input_cfpassword'

2560-10-30 16:48:12 - [TEST_STEP][PASSED] - setText: Text 'e' is set on object 'Object Repository/signup/signup/input_cfpassword'

2560-10-30 16:48:12 - [MESSAGE][PASSED] - Text 'e' is set on object 'Object Repository/signup/signup/input_cfpassword'

2560-10-30 16:48:12 - [TEST_STEP][PASSED] - sendKeys: Keys 'BACK_SPACE + ' sent to object: 'Object Repository/signup/signup/input_cfpassword'

2560-10-30 16:48:13 - [MESSAGE][PASSED] - Keys 'BACK_SPACE + ' sent to object: 'Object Repository/signup/signup/input_cfpassword'

2560-10-30 16:48:13 - [TEST_STEP][PASSED] - verifyElementNotClickable: Object 'Object Repository/signup/signup/button_Sign Up' is NOT clickable

2560-10-30 16:48:13 - [MESSAGE][PASSED] - Object 'Object Repository/signup/signup/button_Sign Up' is NOT clickable

2560-10-30 16:48:13 - [TEST_STEP][PASSED] - setText: Text 'Mon Oct 30 16:48:04 ICT 2017' is set on object 'Object Repository/signup/signup/input_cfpassword'

2560-10-30 16:48:13 - [MESSAGE][PASSED] - Text 'Mon Oct 30 16:48:04 ICT 2017' is set on object 'Object Repository/signup/signup/input_cfpassword'

2560-10-30 16:48:13 - [TEST_STEP][PASSED] - setText: Text '' is set on object 'Object Repository/signup/signup/input_first_name'

2560-10-30 16:48:13 - [MESSAGE][PASSED] - Text '' is set on object 'Object Repository/signup/signup/input_first_name'

2560-10-30 16:48:13 - [TEST_STEP][PASSED] - setText: Text 'e' is set on object 'Object Repository/signup/signup/input_first_name'

2560-10-30 16:48:14 - [MESSAGE][PASSED] - Text 'e' is set on object 'Object Repository/signup/signup/input_first_name'

2560-10-30 16:48:14 - [TEST_STEP][PASSED] - sendKeys: Keys 'BACK_SPACE + ' sent to object: 'Object Repository/signup/signup/input_first_name'

2560-10-30 16:48:14 - [MESSAGE][PASSED] - Keys 'BACK_SPACE + ' sent to object: 'Object Repository/signup/signup/input_first_name'

2560-10-30 16:48:14 - [TEST_STEP][PASSED] - verifyElementNotClickable: Object 'Object Repository/signup/signup/button_Sign Up' is NOT clickable

2560-10-30 16:48:14 - [MESSAGE][PASSED] - Object 'Object Repository/signup/signup/button_Sign Up' is NOT clickable

2560-10-30 16:48:14 - [TEST_STEP][PASSED] - setText: Text 'test' is set on object 'Object Repository/signup/signup/input_first_name (2)'

2560-10-30 16:48:14 - [MESSAGE][PASSED] - Text 'test' is set on object 'Object Repository/signup/signup/input_first_name (2)'

2560-10-30 16:48:14 - [TEST_STEP][PASSED] - setText: Text '' is set on object 'Object Repository/signup/signup/input_last_name'

2560-10-30 16:48:14 - [MESSAGE][PASSED] - Text '' is set on object 'Object Repository/signup/signup/input_last_name'

2560-10-30 16:48:14 - [TEST_STEP][PASSED] - setText: Text 'e' is set on object 'Object Repository/signup/signup/input_last_name'

2560-10-30 16:48:15 - [MESSAGE][PASSED] - Text 'e' is set on object 'Object Repository/signup/signup/input_last_name'

2560-10-30 16:48:15 - [TEST_STEP][PASSED] - sendKeys: Keys 'BACK_SPACE + ' sent to object: 'Object Repository/signup/signup/input_last_name'

2560-10-30 16:48:15 - [MESSAGE][PASSED] - Keys 'BACK_SPACE + ' sent to object: 'Object Repository/signup/signup/input_last_name'

2560-10-30 16:48:15 - [TEST_STEP][PASSED] - verifyElementNotClickable: Object 'Object Repository/signup/signup/button_Sign Up' is NOT clickable

2560-10-30 16:48:15 - [MESSAGE][PASSED] - Object 'Object Repository/signup/signup/button_Sign Up' is NOT clickable

2560-10-30 16:48:15 - [TEST_STEP][PASSED] - setText: Text 'test' is set on object 'Object Repository/signup/signup/input_last_name (2)'

2560-10-30 16:48:15 - [MESSAGE][PASSED] - Text 'test' is set on object 'Object Repository/signup/signup/input_last_name (2)'

2560-10-30 16:48:15 - [TEST_STEP][PASSED] - setText: Text '' is set on object 'Object Repository/signup/signup/input_email'

2560-10-30 16:48:16 - [MESSAGE][PASSED] - Text '' is set on object 'Object Repository/signup/signup/input_email'

2560-10-30 16:48:16 - [TEST_STEP][PASSED] - setText: Text 'e' is set on object 'Object Repository/signup/signup/input_email'

2560-10-30 16:48:16 - [MESSAGE][PASSED] - Text 'e' is set on object 'Object Repository/signup/signup/input_email'

2560-10-30 16:48:16 - [TEST_STEP][PASSED] - sendKeys: Keys 'BACK_SPACE + ' sent to object: 'Object Repository/signup/signup/input_email'

2560-10-30 16:48:16 - [MESSAGE][PASSED] - Keys 'BACK_SPACE + ' sent to object: 'Object Repository/signup/signup/input_email'

2560-10-30 16:48:16 - [TEST_STEP][PASSED] - verifyElementNotClickable: Object 'Object Repository/signup/signup/button_Sign Up' is NOT clickable

2560-10-30 16:48:16 - [MESSAGE][PASSED] - Object 'Object Repository/signup/signup/button_Sign Up' is NOT clickable

2560-10-30 16:48:16 - [TEST_STEP][PASSED] - setText: Text 'test@test.com' is set on object 'Object Repository/signup/signup/input_email (2)'

2560-10-30 16:48:17 - [MESSAGE][PASSED] - Text 'test@test.com' is set on object 'Object Repository/signup/signup/input_email (2)'

2560-10-30 16:48:17 - [TEST_STEP][PASSED] - selectOptionByLabel: All options with label 'Please Select Question' are selected in object 'Object Repository/signup/signup/00000/select_question'  using regular expression

2560-10-30 16:48:17 - [MESSAGE][PASSED] - All options with label 'Please Select Question' are selected in object 'Object Repository/signup/signup/00000/select_question'  using regular expression

2560-10-30 16:48:17 - [TEST_STEP][PASSED] - verifyElementNotClickable: Object 'Object Repository/signup/signup/button_Sign Up' is NOT clickable

2560-10-30 16:48:17 - [MESSAGE][PASSED] - Object 'Object Repository/signup/signup/button_Sign Up' is NOT clickable

2560-10-30 16:48:17 - [TEST_STEP][PASSED] - selectOptionByValue: All options with value '1' are selected in object 'Object Repository/signup/signup/select_question'  using regular expression

2560-10-30 16:48:18 - [MESSAGE][PASSED] - All options with value '1' are selected in object 'Object Repository/signup/signup/select_question'  using regular expression

2560-10-30 16:48:18 - [TEST_STEP][PASSED] - setText: Text '' is set on object 'Object Repository/signup/signup/input_answer'

2560-10-30 16:48:18 - [MESSAGE][PASSED] - Text '' is set on object 'Object Repository/signup/signup/input_answer'

2560-10-30 16:48:18 - [TEST_STEP][PASSED] - setText: Text 'e' is set on object 'Object Repository/signup/signup/input_answer'

2560-10-30 16:48:18 - [MESSAGE][PASSED] - Text 'e' is set on object 'Object Repository/signup/signup/input_answer'

2560-10-30 16:48:18 - [TEST_STEP][PASSED] - sendKeys: Keys 'BACK_SPACE + ' sent to object: 'Object Repository/signup/signup/input_answer'

2560-10-30 16:48:18 - [MESSAGE][PASSED] - Keys 'BACK_SPACE + ' sent to object: 'Object Repository/signup/signup/input_answer'

2560-10-30 16:48:18 - [TEST_STEP][PASSED] - verifyElementNotClickable: Object 'Object Repository/signup/signup/button_Sign Up' is NOT clickable

2560-10-30 16:48:18 - [MESSAGE][PASSED] - Object 'Object Repository/signup/signup/button_Sign Up' is NOT clickable

2560-10-30 16:48:19 - [TEST_STEP][PASSED] - setText: Text '1test' is set on object 'Object Repository/signup/signup/input_answer'

2560-10-30 16:48:19 - [MESSAGE][PASSED] - Text '1test' is set on object 'Object Repository/signup/signup/input_answer'

2560-10-30 16:48:19 - [TEST_STEP][PASSED] - click: Object: 'Object Repository/signup/signup/button_Sign Up' is clicked on

2560-10-30 16:48:19 - [MESSAGE][PASSED] - Object: 'Object Repository/signup/signup/button_Sign Up' is clicked on

2560-10-30 16:48:19 - [TEST_STEP][PASSED] - verifyElementPresent: Object 'Object Repository/signup/signup/div_Sign Up Successful' is present

2560-10-30 16:48:20 - [MESSAGE][PASSED] - Object 'Object Repository/signup/signup/div_Sign Up Successful' is present

2560-10-30 16:48:20 - [TEST_STEP][PASSED] - click: Object: 'Object Repository/signup/signup//button_' is clicked on

2560-10-30 16:48:20 - [MESSAGE][PASSED] - Object: 'Object Repository/signup/signup//button_' is clicked on

2560-10-30 16:48:20 - [TEST_STEP][PASSED] - scrollToElement: Scroll to object 'Object Repository/signup/start/span_Login' successfully

2560-10-30 16:48:20 - [MESSAGE][PASSED] - Scroll to object 'Object Repository/signup/start/span_Login' successfully

2560-10-30 16:48:20 - [TEST_STEP][NOT_RUN] - closeBrowser: NOT_RUN: closeBrowser

2560-10-30 16:48:20 - [MESSAGE][NOT_RUN] - NOT_RUN: closeBrowser]]></system-out>
         <system-err><![CDATA[]]></system-err>
      </testcase>
      <testcase name="Test Cases/2. Login/Login" classname="Test Cases/2. Login/Login" status="FAILED">
         <failure type="FAILED" message="Unable to verify object 'Object Repository/Login/div_User Not Activate' is present (Root cause: com.kms.katalon.core.webui.exception.WebElementNotFoundException: Web element with id: 'Object Repository/Login/div_User Not Activate' located by 'By.xpath: //div[count(. | //*[contains(.,'User Not Activate')]) = count(//*[contains(.,'User Not Activate')])]' not found)"/>
         <system-out><![CDATA[2560-10-30 16:48:20 - [TEST_CASE][FAILED] - Test Cases/2. Login/Login: Test Cases/2. Login/Login FAILED because (of) Unable to verify object 'Object Repository/Login/div_User Not Activate' is present (Root cause: com.kms.katalon.core.webui.exception.WebElementNotFoundException: Web element with id: 'Object Repository/Login/div_User Not Activate' located by 'By.xpath: //div[count(. | //*[contains(.,'User Not Activate')]) = count(//*[contains(.,'User Not Activate')])]' not found)

2560-10-30 16:48:20 - [TEST_STEP][NOT_RUN] - openBrowser: NOT_RUN: openBrowser

2560-10-30 16:48:20 - [MESSAGE][NOT_RUN] - NOT_RUN: openBrowser

2560-10-30 16:48:20 - [TEST_STEP][NOT_RUN] - maximizeWindow: NOT_RUN: maximizeWindow

2560-10-30 16:48:20 - [MESSAGE][NOT_RUN] - NOT_RUN: maximizeWindow

2560-10-30 16:48:20 - [TEST_STEP][NOT_RUN] - navigateToUrl: NOT_RUN: navigateToUrl

2560-10-30 16:48:20 - [MESSAGE][NOT_RUN] - NOT_RUN: navigateToUrl

2560-10-30 16:48:20 - [TEST_STEP][PASSED] - click: Object: 'Object Repository/Page_Guru TMDA/span_Login' is clicked on

2560-10-30 16:48:20 - [MESSAGE][PASSED] - Object: 'Object Repository/Page_Guru TMDA/span_Login' is clicked on

2560-10-30 16:48:20 - [TEST_STEP][PASSED] - submit: The form containing object: 'Object Repository/Page_Guru TMDA (1)/button_Login' is submitted

2560-10-30 16:48:21 - [MESSAGE][PASSED] - The form containing object: 'Object Repository/Page_Guru TMDA (1)/button_Login' is submitted

2560-10-30 16:48:21 - [TEST_STEP][PASSED] - verifyElementPresent: Object 'Object Repository/Login/div_Username is not null.' is present

2560-10-30 16:48:21 - [MESSAGE][PASSED] - Object 'Object Repository/Login/div_Username is not null.' is present

2560-10-30 16:48:21 - [TEST_STEP][PASSED] - setText: Text 'fortest' is set on object 'Object Repository/Page_Guru TMDA (1)/input_ng-untouched ng-valid ng'

2560-10-30 16:48:21 - [MESSAGE][PASSED] - Text 'fortest' is set on object 'Object Repository/Page_Guru TMDA (1)/input_ng-untouched ng-valid ng'

2560-10-30 16:48:21 - [TEST_STEP][PASSED] - submit: The form containing object: 'Object Repository/Page_Guru TMDA (1)/button_Login' is submitted

2560-10-30 16:48:21 - [MESSAGE][PASSED] - The form containing object: 'Object Repository/Page_Guru TMDA (1)/button_Login' is submitted

2560-10-30 16:48:21 - [TEST_STEP][PASSED] - verifyElementPresent: Object 'Object Repository/Login/div_Password is not null.' is present

2560-10-30 16:48:21 - [MESSAGE][PASSED] - Object 'Object Repository/Login/div_Password is not null.' is present

2560-10-30 16:48:21 - [TEST_STEP][PASSED] - setText: Text 'fortest' is set on object 'Object Repository/Page_Guru TMDA (1)/input_ng-untouched ng-pristine'

2560-10-30 16:48:22 - [MESSAGE][PASSED] - Text 'fortest' is set on object 'Object Repository/Page_Guru TMDA (1)/input_ng-untouched ng-pristine'

2560-10-30 16:48:22 - [TEST_STEP][PASSED] - submit: The form containing object: 'Object Repository/Page_Guru TMDA (1)/button_Login' is submitted

2560-10-30 16:48:22 - [MESSAGE][PASSED] - The form containing object: 'Object Repository/Page_Guru TMDA (1)/button_Login' is submitted

2560-10-30 16:48:22 - [TEST_STEP][FAILED] - verifyElementPresent: Unable to verify object 'Object Repository/Login/div_User Not Activate' is present (Root cause: com.kms.katalon.core.webui.exception.WebElementNotFoundException: Web element with id: 'Object Repository/Login/div_User Not Activate' located by 'By.xpath: //div[count(. | //*[contains(.,'User Not Activate')]) = count(//*[contains(.,'User Not Activate')])]' not found)

2560-10-30 16:48:24 - [MESSAGE][FAILED] - com.kms.katalon.core.webui.exception.WebElementNotFoundException: Web element with id: 'Object Repository/Login/div_User Not Activate' located by 'By.xpath: //div[count(. | //*[contains(.,'User Not Activate')]) = count(//*[contains(.,'User Not Activate')])]' not found
[[ATTACHMENT|C:\\Users\\PIEW\\Katalon Studio\\GuruTMDA\\Reports\\Basic work\\25601030_164729\\1509356904586.png]]

2560-10-30 16:48:25 - [MESSAGE][FAILED] - Unable to verify object 'Object Repository/Login/div_User Not Activate' is present (Root cause: com.kms.katalon.core.webui.exception.WebElementNotFoundException: Web element with id: 'Object Repository/Login/div_User Not Activate' located by 'By.xpath: //div[count(. | //*[contains(.,'User Not Activate')]) = count(//*[contains(.,'User Not Activate')])]' not found)
[[ATTACHMENT|C:\\Users\\PIEW\\Katalon Studio\\GuruTMDA\\Reports\\Basic work\\25601030_164729\\1509356904902.png]]]]></system-out>
         <system-err><![CDATA[2560-10-30 16:48:20 - [TEST_CASE][FAILED] - Test Cases/2. Login/Login: Test Cases/2. Login/Login FAILED because (of) Unable to verify object 'Object Repository/Login/div_User Not Activate' is present (Root cause: com.kms.katalon.core.webui.exception.WebElementNotFoundException: Web element with id: 'Object Repository/Login/div_User Not Activate' located by 'By.xpath: //div[count(. | //*[contains(.,'User Not Activate')]) = count(//*[contains(.,'User Not Activate')])]' not found)]]></system-err>
      </testcase>
      <testcase name="Test Cases/3. Home/Single Verbatim with login" classname="Test Cases/3. Home/Single Verbatim with login" status="PASSED">
         <system-out><![CDATA[2560-10-30 16:48:25 - [TEST_CASE][PASSED] - Test Cases/3. Home/Single Verbatim with login: Test Cases/3. Home/Single Verbatim with login

2560-10-30 16:48:25 - [TEST_STEP][NOT_RUN] - openBrowser: NOT_RUN: openBrowser

2560-10-30 16:48:25 - [MESSAGE][NOT_RUN] - NOT_RUN: openBrowser

2560-10-30 16:48:25 - [TEST_STEP][NOT_RUN] - maximizeWindow: NOT_RUN: maximizeWindow

2560-10-30 16:48:25 - [MESSAGE][NOT_RUN] - NOT_RUN: maximizeWindow

2560-10-30 16:48:25 - [TEST_STEP][NOT_RUN] - navigateToUrl: NOT_RUN: navigateToUrl

2560-10-30 16:48:25 - [MESSAGE][NOT_RUN] - NOT_RUN: navigateToUrl

2560-10-30 16:48:25 - [TEST_STEP][NOT_RUN] - click: NOT_RUN: click

2560-10-30 16:48:25 - [MESSAGE][NOT_RUN] - NOT_RUN: click

2560-10-30 16:48:25 - [TEST_STEP][NOT_RUN] - setText: NOT_RUN: setText

2560-10-30 16:48:25 - [MESSAGE][NOT_RUN] - NOT_RUN: setText

2560-10-30 16:48:25 - [TEST_STEP][NOT_RUN] - setText: NOT_RUN: setText

2560-10-30 16:48:25 - [MESSAGE][NOT_RUN] - NOT_RUN: setText

2560-10-30 16:48:25 - [TEST_STEP][NOT_RUN] - click: NOT_RUN: click

2560-10-30 16:48:25 - [MESSAGE][NOT_RUN] - NOT_RUN: click

2560-10-30 16:48:25 - [TEST_STEP][PASSED] - click: Object: 'Object Repository/Page single/Page_Guru TMDA/button_btn btn-link' is clicked on

2560-10-30 16:48:25 - [MESSAGE][PASSED] - Object: 'Object Repository/Page single/Page_Guru TMDA/button_btn btn-link' is clicked on

2560-10-30 16:48:25 - [TEST_STEP][PASSED] - verifyElementPresent: Object 'Object Repository/single verbatim with login/span_Verbatim is not null' is present

2560-10-30 16:48:25 - [MESSAGE][PASSED] - Object 'Object Repository/single verbatim with login/span_Verbatim is not null' is present

2560-10-30 16:48:25 - [TEST_STEP][PASSED] - setText: Text 'บริการดี แต่รอคิวนาน' is set on object 'Object Repository/Page_Guru TMDA (2)/input_input-text w3-large inpu'

2560-10-30 16:48:26 - [MESSAGE][PASSED] - Text 'บริการดี แต่รอคิวนาน' is set on object 'Object Repository/Page_Guru TMDA (2)/input_input-text w3-large inpu'

2560-10-30 16:48:26 - [TEST_STEP][PASSED] - click: Object: 'Object Repository/Page single/Page_Guru TMDA/button_btn btn-link' is clicked on

2560-10-30 16:48:26 - [MESSAGE][PASSED] - Object: 'Object Repository/Page single/Page_Guru TMDA/button_btn btn-link' is clicked on

2560-10-30 16:48:26 - [TEST_STEP][PASSED] - verifyElementPresent: Object 'Object Repository/Page_Guru TMDA (2)/div_row' is present

2560-10-30 16:48:44 - [MESSAGE][PASSED] - Object 'Object Repository/Page_Guru TMDA (2)/div_row' is present

2560-10-30 16:48:44 - [TEST_STEP][PASSED] - verifyElementPresent: Object 'Object Repository/Page_Guru TMDA (2)/div_predict-result' is present

2560-10-30 16:48:44 - [MESSAGE][PASSED] - Object 'Object Repository/Page_Guru TMDA (2)/div_predict-result' is present

2560-10-30 16:48:44 - [TEST_STEP][NOT_RUN] - closeBrowser: NOT_RUN: closeBrowser

2560-10-30 16:48:44 - [MESSAGE][NOT_RUN] - NOT_RUN: closeBrowser]]></system-out>
         <system-err><![CDATA[]]></system-err>
      </testcase>
      <testcase name="Test Cases/Basic work/Upload File without labelling" classname="Test Cases/Basic work/Upload File without labelling" status="PASSED">
         <system-out><![CDATA[2560-10-30 16:48:44 - [TEST_CASE][PASSED] - Test Cases/Basic work/Upload File without labelling: Test Cases/Basic work/Upload File without labelling

2560-10-30 16:48:44 - [TEST_STEP][NOT_RUN] - openBrowser: NOT_RUN: openBrowser

2560-10-30 16:48:44 - [MESSAGE][NOT_RUN] - NOT_RUN: openBrowser

2560-10-30 16:48:44 - [TEST_STEP][NOT_RUN] - maximizeWindow: NOT_RUN: maximizeWindow

2560-10-30 16:48:44 - [MESSAGE][NOT_RUN] - NOT_RUN: maximizeWindow

2560-10-30 16:48:44 - [TEST_STEP][NOT_RUN] - navigateToUrl: NOT_RUN: navigateToUrl

2560-10-30 16:48:44 - [MESSAGE][NOT_RUN] - NOT_RUN: navigateToUrl

2560-10-30 16:48:44 - [TEST_STEP][NOT_RUN] - click: NOT_RUN: click

2560-10-30 16:48:44 - [MESSAGE][NOT_RUN] - NOT_RUN: click

2560-10-30 16:48:44 - [TEST_STEP][NOT_RUN] - setText: NOT_RUN: setText

2560-10-30 16:48:44 - [MESSAGE][NOT_RUN] - NOT_RUN: setText

2560-10-30 16:48:44 - [TEST_STEP][NOT_RUN] - setText: NOT_RUN: setText

2560-10-30 16:48:44 - [MESSAGE][NOT_RUN] - NOT_RUN: setText

2560-10-30 16:48:44 - [TEST_STEP][NOT_RUN] - click: NOT_RUN: click

2560-10-30 16:48:44 - [MESSAGE][NOT_RUN] - NOT_RUN: click

2560-10-30 16:48:44 - [TEST_STEP][PASSED] - click: Object: 'Object Repository/Page_Guru TMDA (3)/a_Text Prediction' is clicked on

2560-10-30 16:48:45 - [MESSAGE][PASSED] - Object: 'Object Repository/Page_Guru TMDA (3)/a_Text Prediction' is clicked on

2560-10-30 16:48:45 - [TEST_STEP][PASSED] - click: Object: 'Object Repository/Page_Guru TMDA (3)/a_Upload File' is clicked on

2560-10-30 16:48:45 - [MESSAGE][PASSED] - Object: 'Object Repository/Page_Guru TMDA (3)/a_Upload File' is clicked on

2560-10-30 16:48:45 - [TEST_STEP][PASSED] - uploadFile: File 'C:\test-Copy.xlsx' sent to object: 'Object Repository/Page_Guru TMDA (6)/Page_Guru TMDA (4)/input_upfile'

2560-10-30 16:48:45 - [MESSAGE][PASSED] - File 'C:\test-Copy.xlsx' sent to object: 'Object Repository/Page_Guru TMDA (6)/Page_Guru TMDA (4)/input_upfile'

2560-10-30 16:48:45 - [TEST_STEP][PASSED] - waitForElementClickable: Object 'Object Repository/Page_Guru TMDA (5)/button_Upload' is clickable

2560-10-30 16:48:46 - [MESSAGE][PASSED] - Object 'Object Repository/Page_Guru TMDA (5)/button_Upload' is clickable

2560-10-30 16:48:46 - [TEST_STEP][PASSED] - click: Object: 'Object Repository/Page_Guru TMDA (5)/button_Upload' is clicked on

2560-10-30 16:48:46 - [MESSAGE][PASSED] - Object: 'Object Repository/Page_Guru TMDA (5)/button_Upload' is clicked on

2560-10-30 16:48:46 - [TEST_STEP][PASSED] - waitForElementNotPresent: Web element with id: 'Object Repository/Page_Guru TMDA (6)/Page_Guru TMDA (5)/Page_Guru TMDA/div_progress-bar-zone' located by 'By.xpath: //div[count(. | /html[1]/body[1]/my-app[1]/app-multiple-verbatim[1]/div[@class="popup-zone"]/div[@class="progress-bar-zone"]) = count(/html[1]/body[1]/my-app[1]/app-multiple-verbatim[1]/div[@class="popup-zone"]/div[@class="progress-bar-zone"])]' is not present after '5' second(s)

2560-10-30 16:48:47 - [MESSAGE][PASSED] - Web element with id: 'Object Repository/Page_Guru TMDA (6)/Page_Guru TMDA (5)/Page_Guru TMDA/div_progress-bar-zone' located by 'By.xpath: //div[count(. | /html[1]/body[1]/my-app[1]/app-multiple-verbatim[1]/div[@class="popup-zone"]/div[@class="progress-bar-zone"]) = count(/html[1]/body[1]/my-app[1]/app-multiple-verbatim[1]/div[@class="popup-zone"]/div[@class="progress-bar-zone"])]' is not present after '5' second(s)

2560-10-30 16:48:47 - [TEST_STEP][PASSED] - click: Unable to click on object 'Object Repository/Upload file without Labeling/Uploading/button_ (1)' (Root cause: com.kms.katalon.core.webui.exception.WebElementNotFoundException: Web element with id: 'Object Repository/Upload file without Labeling/Uploading/button_ (1)' located by 'By.xpath: //button[count(. | /html[@class="swal2-shown"]/body[@class="swal2-shown"]/div[@class="swal2-container swal2-fade swal2-shown"]/div[@class="swal2-modal swal2-show"]/button[@class="swal2-close"]) = count(/html[@class="swal2-shown"]/body[@class="swal2-shown"]/div[@class="swal2-container swal2-fade swal2-shown"]/div[@class="swal2-modal swal2-show"]/button[@class="swal2-close"])][count(. | //*[contains(.,'×')]) = count(//*[contains(.,'×')])][count(. | //*[@type = 'button']) = count(//*[@type = 'button'])][count(. | //*[@class = 'swal2-close']) = count(//*[@class = 'swal2-close'])][count(. | //*[@aria-label = 'Close this dialog']) = count(//*[@aria-label = 'Close this dialog'])]' not found)

2560-10-30 16:49:18 - [MESSAGE][WARNING] - Unable to click on object 'Object Repository/Upload file without Labeling/Uploading/button_ (1)' (Root cause: com.kms.katalon.core.webui.exception.WebElementNotFoundException: Web element with id: 'Object Repository/Upload file without Labeling/Uploading/button_ (1)' located by 'By.xpath: //button[count(. | /html[@class="swal2-shown"]/body[@class="swal2-shown"]/div[@class="swal2-container swal2-fade swal2-shown"]/div[@class="swal2-modal swal2-show"]/button[@class="swal2-close"]) = count(/html[@class="swal2-shown"]/body[@class="swal2-shown"]/div[@class="swal2-container swal2-fade swal2-shown"]/div[@class="swal2-modal swal2-show"]/button[@class="swal2-close"])][count(. | //*[contains(.,'×')]) = count(//*[contains(.,'×')])][count(. | //*[@type = 'button']) = count(//*[@type = 'button'])][count(. | //*[@class = 'swal2-close']) = count(//*[@class = 'swal2-close'])][count(. | //*[@aria-label = 'Close this dialog']) = count(//*[@aria-label = 'Close this dialog'])]' not found)
[[ATTACHMENT|C:\\Users\\PIEW\\Katalon Studio\\GuruTMDA\\Reports\\Basic work\\25601030_164729\\1509356958321.png]]

2560-10-30 16:49:18 - [TEST_STEP][PASSED] - selectOptionByValue: All options with value '1: withLabel' are selected in object 'Object Repository/Page_Guru TMDA (5)/select_sheet'  using regular expression

2560-10-30 16:49:18 - [MESSAGE][PASSED] - All options with value '1: withLabel' are selected in object 'Object Repository/Page_Guru TMDA (5)/select_sheet'  using regular expression

2560-10-30 16:49:18 - [TEST_STEP][PASSED] - waitForElementPresent: Object 'Object Repository/Page_Guru TMDA (6)/Page_Guru TMDA (1)/div_w3-padding-32 w3-center' is present

2560-10-30 16:49:23 - [MESSAGE][PASSED] - Object 'Object Repository/Page_Guru TMDA (6)/Page_Guru TMDA (1)/div_w3-padding-32 w3-center' is present

2560-10-30 16:49:23 - [TEST_STEP][PASSED] - click: Object: 'Object Repository/Page_Guru TMDA (6)/Page_Guru TMDA (3)/button_' is clicked on

2560-10-30 16:49:23 - [MESSAGE][PASSED] - Object: 'Object Repository/Page_Guru TMDA (6)/Page_Guru TMDA (3)/button_' is clicked on

2560-10-30 16:49:23 - [TEST_STEP][PASSED] - waitForElementNotPresent: Web element with id: 'Object Repository/Page_Guru TMDA (6)/Page_Guru TMDA (1)/div_w3-padding-32 w3-center' located by 'By.xpath: //div[count(. | id("swal2-content")/div[@class="w3-padding-32 w3-center"]) = count(id("swal2-content")/div[@class="w3-padding-32 w3-center"])]' is not present after '5' second(s)

2560-10-30 16:49:24 - [MESSAGE][PASSED] - Web element with id: 'Object Repository/Page_Guru TMDA (6)/Page_Guru TMDA (1)/div_w3-padding-32 w3-center' located by 'By.xpath: //div[count(. | id("swal2-content")/div[@class="w3-padding-32 w3-center"]) = count(id("swal2-content")/div[@class="w3-padding-32 w3-center"])]' is not present after '5' second(s)

2560-10-30 16:49:24 - [TEST_STEP][PASSED] - waitForElementPresent: Object 'Object Repository/Page_Guru TMDA (6)/Page_Guru TMDA (2)/i_fa fa-check w3-text-green' is present

2560-10-30 16:49:24 - [MESSAGE][PASSED] - Object 'Object Repository/Page_Guru TMDA (6)/Page_Guru TMDA (2)/i_fa fa-check w3-text-green' is present

2560-10-30 16:49:24 - [TEST_STEP][PASSED] - scrollToElement: Scroll to object 'Object Repository/Page_Guru TMDA (16)/button_Start' successfully

2560-10-30 16:49:24 - [MESSAGE][PASSED] - Scroll to object 'Object Repository/Page_Guru TMDA (16)/button_Start' successfully

2560-10-30 16:49:24 - [TEST_STEP][PASSED] - click: Object: 'Object Repository/Page_Guru TMDA (5)/button_Start' is clicked on

2560-10-30 16:49:24 - [MESSAGE][PASSED] - Object: 'Object Repository/Page_Guru TMDA (5)/button_Start' is clicked on

2560-10-30 16:49:24 - [TEST_STEP][PASSED] - verifyElementPresent: Object 'Object Repository/Upload file without Labeling/list/div_row' is present

2560-10-30 16:50:16 - [MESSAGE][PASSED] - Object 'Object Repository/Upload file without Labeling/list/div_row' is present

2560-10-30 16:50:16 - [TEST_STEP][NOT_RUN] - closeBrowser: NOT_RUN: closeBrowser

2560-10-30 16:50:16 - [MESSAGE][NOT_RUN] - NOT_RUN: closeBrowser]]></system-out>
         <system-err><![CDATA[]]></system-err>
      </testcase>
      <testcase name="Test Cases/Basic work/Predicted Multiple Verbatim/Prediction in details Select All list" classname="Test Cases/Basic work/Predicted Multiple Verbatim/Prediction in details Select All list" status="PASSED">
         <system-out><![CDATA[2560-10-30 16:50:16 - [TEST_CASE][PASSED] - Test Cases/Basic work/Predicted Multiple Verbatim/Prediction in details Select All list: Test Cases/Basic work/Predicted Multiple Verbatim/Prediction in details Select All list

2560-10-30 16:50:16 - [TEST_STEP][NOT_RUN] - openBrowser: NOT_RUN: openBrowser

2560-10-30 16:50:16 - [MESSAGE][NOT_RUN] - NOT_RUN: openBrowser

2560-10-30 16:50:16 - [TEST_STEP][NOT_RUN] - maximizeWindow: NOT_RUN: maximizeWindow

2560-10-30 16:50:16 - [MESSAGE][NOT_RUN] - NOT_RUN: maximizeWindow

2560-10-30 16:50:16 - [TEST_STEP][NOT_RUN] - navigateToUrl: NOT_RUN: navigateToUrl

2560-10-30 16:50:16 - [MESSAGE][NOT_RUN] - NOT_RUN: navigateToUrl

2560-10-30 16:50:16 - [TEST_STEP][NOT_RUN] - click: NOT_RUN: click

2560-10-30 16:50:16 - [MESSAGE][NOT_RUN] - NOT_RUN: click

2560-10-30 16:50:16 - [TEST_STEP][NOT_RUN] - setText: NOT_RUN: setText

2560-10-30 16:50:16 - [MESSAGE][NOT_RUN] - NOT_RUN: setText

2560-10-30 16:50:16 - [TEST_STEP][NOT_RUN] - setText: NOT_RUN: setText

2560-10-30 16:50:16 - [MESSAGE][NOT_RUN] - NOT_RUN: setText

2560-10-30 16:50:16 - [TEST_STEP][NOT_RUN] - click: NOT_RUN: click

2560-10-30 16:50:16 - [MESSAGE][NOT_RUN] - NOT_RUN: click

2560-10-30 16:50:16 - [TEST_STEP][NOT_RUN] - click: NOT_RUN: click

2560-10-30 16:50:16 - [MESSAGE][NOT_RUN] - NOT_RUN: click

2560-10-30 16:50:16 - [TEST_STEP][NOT_RUN] - click: NOT_RUN: click

2560-10-30 16:50:16 - [MESSAGE][NOT_RUN] - NOT_RUN: click

2560-10-30 16:50:16 - [TEST_STEP][NOT_RUN] - uploadFile: NOT_RUN: uploadFile

2560-10-30 16:50:16 - [MESSAGE][NOT_RUN] - NOT_RUN: uploadFile

2560-10-30 16:50:16 - [TEST_STEP][NOT_RUN] - waitForElementClickable: NOT_RUN: waitForElementClickable

2560-10-30 16:50:16 - [MESSAGE][NOT_RUN] - NOT_RUN: waitForElementClickable

2560-10-30 16:50:16 - [TEST_STEP][NOT_RUN] - click: NOT_RUN: click

2560-10-30 16:50:16 - [MESSAGE][NOT_RUN] - NOT_RUN: click

2560-10-30 16:50:16 - [TEST_STEP][NOT_RUN] - waitForElementNotPresent: NOT_RUN: waitForElementNotPresent

2560-10-30 16:50:16 - [MESSAGE][NOT_RUN] - NOT_RUN: waitForElementNotPresent

2560-10-30 16:50:16 - [TEST_STEP][NOT_RUN] - selectOptionByValue: NOT_RUN: selectOptionByValue

2560-10-30 16:50:16 - [MESSAGE][NOT_RUN] - NOT_RUN: selectOptionByValue

2560-10-30 16:50:16 - [TEST_STEP][NOT_RUN] - check: NOT_RUN: check

2560-10-30 16:50:16 - [MESSAGE][NOT_RUN] - NOT_RUN: check

2560-10-30 16:50:16 - [TEST_STEP][NOT_RUN] - click: NOT_RUN: click

2560-10-30 16:50:16 - [MESSAGE][NOT_RUN] - NOT_RUN: click

2560-10-30 16:50:16 - [TEST_STEP][NOT_RUN] - waitForElementNotPresent: NOT_RUN: waitForElementNotPresent

2560-10-30 16:50:16 - [MESSAGE][NOT_RUN] - NOT_RUN: waitForElementNotPresent

2560-10-30 16:50:16 - [TEST_STEP][NOT_RUN] - check: NOT_RUN: check

2560-10-30 16:50:16 - [MESSAGE][NOT_RUN] - NOT_RUN: check

2560-10-30 16:50:16 - [TEST_STEP][NOT_RUN] - scrollToElement: NOT_RUN: scrollToElement

2560-10-30 16:50:16 - [MESSAGE][NOT_RUN] - NOT_RUN: scrollToElement

2560-10-30 16:50:16 - [TEST_STEP][NOT_RUN] - click: NOT_RUN: click

2560-10-30 16:50:16 - [MESSAGE][NOT_RUN] - NOT_RUN: click

2560-10-30 16:50:16 - [TEST_STEP][PASSED] - verifyElementPresent: Object 'Object Repository/Display Accessibility list/Page_Guru TMDA (2)/div_row' is present

2560-10-30 16:50:16 - [MESSAGE][PASSED] - Object 'Object Repository/Display Accessibility list/Page_Guru TMDA (2)/div_row' is present

2560-10-30 16:50:16 - [TEST_STEP][NOT_RUN] - closeBrowser: NOT_RUN: closeBrowser

2560-10-30 16:50:16 - [MESSAGE][NOT_RUN] - NOT_RUN: closeBrowser]]></system-out>
         <system-err><![CDATA[]]></system-err>
      </testcase>
      <testcase name="Test Cases/Basic work/Predicted Multiple Verbatim/Prediction in details display Acccessibility list" classname="Test Cases/Basic work/Predicted Multiple Verbatim/Prediction in details display Acccessibility list" status="PASSED">
         <system-out><![CDATA[2560-10-30 16:50:16 - [TEST_CASE][PASSED] - Test Cases/Basic work/Predicted Multiple Verbatim/Prediction in details display Acccessibility list: Test Cases/Basic work/Predicted Multiple Verbatim/Prediction in details display Acccessibility list

2560-10-30 16:50:16 - [TEST_STEP][NOT_RUN] - openBrowser: NOT_RUN: openBrowser

2560-10-30 16:50:16 - [MESSAGE][NOT_RUN] - NOT_RUN: openBrowser

2560-10-30 16:50:16 - [TEST_STEP][NOT_RUN] - maximizeWindow: NOT_RUN: maximizeWindow

2560-10-30 16:50:17 - [MESSAGE][NOT_RUN] - NOT_RUN: maximizeWindow

2560-10-30 16:50:17 - [TEST_STEP][NOT_RUN] - navigateToUrl: NOT_RUN: navigateToUrl

2560-10-30 16:50:17 - [MESSAGE][NOT_RUN] - NOT_RUN: navigateToUrl

2560-10-30 16:50:17 - [TEST_STEP][NOT_RUN] - click: NOT_RUN: click

2560-10-30 16:50:17 - [MESSAGE][NOT_RUN] - NOT_RUN: click

2560-10-30 16:50:17 - [TEST_STEP][NOT_RUN] - setText: NOT_RUN: setText

2560-10-30 16:50:17 - [MESSAGE][NOT_RUN] - NOT_RUN: setText

2560-10-30 16:50:17 - [TEST_STEP][NOT_RUN] - setText: NOT_RUN: setText

2560-10-30 16:50:17 - [MESSAGE][NOT_RUN] - NOT_RUN: setText

2560-10-30 16:50:17 - [TEST_STEP][NOT_RUN] - click: NOT_RUN: click

2560-10-30 16:50:17 - [MESSAGE][NOT_RUN] - NOT_RUN: click

2560-10-30 16:50:17 - [TEST_STEP][NOT_RUN] - click: NOT_RUN: click

2560-10-30 16:50:17 - [MESSAGE][NOT_RUN] - NOT_RUN: click

2560-10-30 16:50:17 - [TEST_STEP][NOT_RUN] - click: NOT_RUN: click

2560-10-30 16:50:17 - [MESSAGE][NOT_RUN] - NOT_RUN: click

2560-10-30 16:50:17 - [TEST_STEP][NOT_RUN] - uploadFile: NOT_RUN: uploadFile

2560-10-30 16:50:17 - [MESSAGE][NOT_RUN] - NOT_RUN: uploadFile

2560-10-30 16:50:17 - [TEST_STEP][NOT_RUN] - waitForElementClickable: NOT_RUN: waitForElementClickable

2560-10-30 16:50:17 - [MESSAGE][NOT_RUN] - NOT_RUN: waitForElementClickable

2560-10-30 16:50:17 - [TEST_STEP][NOT_RUN] - click: NOT_RUN: click

2560-10-30 16:50:17 - [MESSAGE][NOT_RUN] - NOT_RUN: click

2560-10-30 16:50:17 - [TEST_STEP][NOT_RUN] - waitForElementNotPresent: NOT_RUN: waitForElementNotPresent

2560-10-30 16:50:17 - [MESSAGE][NOT_RUN] - NOT_RUN: waitForElementNotPresent

2560-10-30 16:50:17 - [TEST_STEP][NOT_RUN] - selectOptionByValue: NOT_RUN: selectOptionByValue

2560-10-30 16:50:17 - [MESSAGE][NOT_RUN] - NOT_RUN: selectOptionByValue

2560-10-30 16:50:17 - [TEST_STEP][NOT_RUN] - check: NOT_RUN: check

2560-10-30 16:50:17 - [MESSAGE][NOT_RUN] - NOT_RUN: check

2560-10-30 16:50:17 - [TEST_STEP][NOT_RUN] - click: NOT_RUN: click

2560-10-30 16:50:17 - [MESSAGE][NOT_RUN] - NOT_RUN: click

2560-10-30 16:50:17 - [TEST_STEP][NOT_RUN] - waitForElementNotPresent: NOT_RUN: waitForElementNotPresent

2560-10-30 16:50:17 - [MESSAGE][NOT_RUN] - NOT_RUN: waitForElementNotPresent

2560-10-30 16:50:17 - [TEST_STEP][NOT_RUN] - check: NOT_RUN: check

2560-10-30 16:50:17 - [MESSAGE][NOT_RUN] - NOT_RUN: check

2560-10-30 16:50:17 - [TEST_STEP][NOT_RUN] - scrollToElement: NOT_RUN: scrollToElement

2560-10-30 16:50:17 - [MESSAGE][NOT_RUN] - NOT_RUN: scrollToElement

2560-10-30 16:50:17 - [TEST_STEP][NOT_RUN] - click: NOT_RUN: click

2560-10-30 16:50:17 - [MESSAGE][NOT_RUN] - NOT_RUN: click

2560-10-30 16:50:17 - [TEST_STEP][PASSED] - click: Object: 'Object Repository/Display select all list/Page_Guru TMDA (2)/label_Select All' is clicked on

2560-10-30 16:50:17 - [MESSAGE][PASSED] - Object: 'Object Repository/Display select all list/Page_Guru TMDA (2)/label_Select All' is clicked on

2560-10-30 16:50:17 - [TEST_STEP][PASSED] - check: Object 'Object Repository/Display Accessibility list/Page_Guru TMDA (3)/label_Accessibility' is checked

2560-10-30 16:50:18 - [MESSAGE][PASSED] - Object 'Object Repository/Display Accessibility list/Page_Guru TMDA (3)/label_Accessibility' is checked

2560-10-30 16:50:18 - [TEST_STEP][PASSED] - verifyElementPresent: Object 'Object Repository/Display Accessibility list/Page_Guru TMDA (2)/div_row' is present

2560-10-30 16:50:18 - [MESSAGE][PASSED] - Object 'Object Repository/Display Accessibility list/Page_Guru TMDA (2)/div_row' is present

2560-10-30 16:50:18 - [TEST_STEP][NOT_RUN] - closeBrowser: NOT_RUN: closeBrowser

2560-10-30 16:50:18 - [MESSAGE][NOT_RUN] - NOT_RUN: closeBrowser]]></system-out>
         <system-err><![CDATA[]]></system-err>
      </testcase>
      <testcase name="Test Cases/Basic work/Predicted Multiple Verbatim/Prediction in details display Company Brand list" classname="Test Cases/Basic work/Predicted Multiple Verbatim/Prediction in details display Company Brand list" status="FAILED">
         <failure type="FAILED" message="Unable to verify object 'Object Repository/Display Accessibility list/Page_Guru TMDA (2)/div_row' is present (Root cause: com.kms.katalon.core.webui.exception.WebElementNotFoundException: Web element with id: 'Object Repository/Display Accessibility list/Page_Guru TMDA (2)/div_row' located by 'By.xpath: //div[count(. | /html[1]/body[1]/my-app[1]/app-predicted-results[1]/div[@class=&quot;container-fluid&quot;]/div[@class=&quot;row centurygothic-font&quot;]/div[@class=&quot;col-xs-12 col-sm-8 col-md-8 col-lg-9&quot;]/div[2]/div[@class=&quot;row&quot;]) = count(/html[1]/body[1]/my-app[1]/app-predicted-results[1]/div[@class=&quot;container-fluid&quot;]/div[@class=&quot;row centurygothic-font&quot;]/div[@class=&quot;col-xs-12 col-sm-8 col-md-8 col-lg-9&quot;]/div[2]/div[@class=&quot;row&quot;])]' not found)"/>
         <system-out><![CDATA[2560-10-30 16:50:18 - [TEST_CASE][FAILED] - Test Cases/Basic work/Predicted Multiple Verbatim/Prediction in details display Company Brand list: Test Cases/Basic work/Predicted Multiple Verbatim/Prediction in details display Company Brand list FAILED because (of) Unable to verify object 'Object Repository/Display Accessibility list/Page_Guru TMDA (2)/div_row' is present (Root cause: com.kms.katalon.core.webui.exception.WebElementNotFoundException: Web element with id: 'Object Repository/Display Accessibility list/Page_Guru TMDA (2)/div_row' located by 'By.xpath: //div[count(. | /html[1]/body[1]/my-app[1]/app-predicted-results[1]/div[@class="container-fluid"]/div[@class="row centurygothic-font"]/div[@class="col-xs-12 col-sm-8 col-md-8 col-lg-9"]/div[2]/div[@class="row"]) = count(/html[1]/body[1]/my-app[1]/app-predicted-results[1]/div[@class="container-fluid"]/div[@class="row centurygothic-font"]/div[@class="col-xs-12 col-sm-8 col-md-8 col-lg-9"]/div[2]/div[@class="row"])]' not found)

2560-10-30 16:50:18 - [TEST_STEP][NOT_RUN] - openBrowser: NOT_RUN: openBrowser

2560-10-30 16:50:18 - [MESSAGE][NOT_RUN] - NOT_RUN: openBrowser

2560-10-30 16:50:18 - [TEST_STEP][NOT_RUN] - maximizeWindow: NOT_RUN: maximizeWindow

2560-10-30 16:50:18 - [MESSAGE][NOT_RUN] - NOT_RUN: maximizeWindow

2560-10-30 16:50:18 - [TEST_STEP][NOT_RUN] - navigateToUrl: NOT_RUN: navigateToUrl

2560-10-30 16:50:18 - [MESSAGE][NOT_RUN] - NOT_RUN: navigateToUrl

2560-10-30 16:50:18 - [TEST_STEP][NOT_RUN] - click: NOT_RUN: click

2560-10-30 16:50:18 - [MESSAGE][NOT_RUN] - NOT_RUN: click

2560-10-30 16:50:18 - [TEST_STEP][NOT_RUN] - setText: NOT_RUN: setText

2560-10-30 16:50:18 - [MESSAGE][NOT_RUN] - NOT_RUN: setText

2560-10-30 16:50:18 - [TEST_STEP][NOT_RUN] - setText: NOT_RUN: setText

2560-10-30 16:50:18 - [MESSAGE][NOT_RUN] - NOT_RUN: setText

2560-10-30 16:50:18 - [TEST_STEP][NOT_RUN] - click: NOT_RUN: click

2560-10-30 16:50:18 - [MESSAGE][NOT_RUN] - NOT_RUN: click

2560-10-30 16:50:18 - [TEST_STEP][NOT_RUN] - click: NOT_RUN: click

2560-10-30 16:50:18 - [MESSAGE][NOT_RUN] - NOT_RUN: click

2560-10-30 16:50:18 - [TEST_STEP][NOT_RUN] - click: NOT_RUN: click

2560-10-30 16:50:18 - [MESSAGE][NOT_RUN] - NOT_RUN: click

2560-10-30 16:50:18 - [TEST_STEP][NOT_RUN] - uploadFile: NOT_RUN: uploadFile

2560-10-30 16:50:18 - [MESSAGE][NOT_RUN] - NOT_RUN: uploadFile

2560-10-30 16:50:18 - [TEST_STEP][NOT_RUN] - waitForElementClickable: NOT_RUN: waitForElementClickable

2560-10-30 16:50:18 - [MESSAGE][NOT_RUN] - NOT_RUN: waitForElementClickable

2560-10-30 16:50:18 - [TEST_STEP][NOT_RUN] - click: NOT_RUN: click

2560-10-30 16:50:18 - [MESSAGE][NOT_RUN] - NOT_RUN: click

2560-10-30 16:50:18 - [TEST_STEP][NOT_RUN] - waitForElementNotPresent: NOT_RUN: waitForElementNotPresent

2560-10-30 16:50:18 - [MESSAGE][NOT_RUN] - NOT_RUN: waitForElementNotPresent

2560-10-30 16:50:18 - [TEST_STEP][NOT_RUN] - selectOptionByValue: NOT_RUN: selectOptionByValue

2560-10-30 16:50:18 - [MESSAGE][NOT_RUN] - NOT_RUN: selectOptionByValue

2560-10-30 16:50:18 - [TEST_STEP][NOT_RUN] - check: NOT_RUN: check

2560-10-30 16:50:18 - [MESSAGE][NOT_RUN] - NOT_RUN: check

2560-10-30 16:50:18 - [TEST_STEP][NOT_RUN] - click: NOT_RUN: click

2560-10-30 16:50:18 - [MESSAGE][NOT_RUN] - NOT_RUN: click

2560-10-30 16:50:18 - [TEST_STEP][NOT_RUN] - waitForElementNotPresent: NOT_RUN: waitForElementNotPresent

2560-10-30 16:50:18 - [MESSAGE][NOT_RUN] - NOT_RUN: waitForElementNotPresent

2560-10-30 16:50:18 - [TEST_STEP][NOT_RUN] - check: NOT_RUN: check

2560-10-30 16:50:18 - [MESSAGE][NOT_RUN] - NOT_RUN: check

2560-10-30 16:50:18 - [TEST_STEP][NOT_RUN] - scrollToElement: NOT_RUN: scrollToElement

2560-10-30 16:50:18 - [MESSAGE][NOT_RUN] - NOT_RUN: scrollToElement

2560-10-30 16:50:18 - [TEST_STEP][NOT_RUN] - click: NOT_RUN: click

2560-10-30 16:50:18 - [MESSAGE][NOT_RUN] - NOT_RUN: click

2560-10-30 16:50:18 - [TEST_STEP][NOT_RUN] - click: NOT_RUN: click

2560-10-30 16:50:18 - [MESSAGE][NOT_RUN] - NOT_RUN: click

2560-10-30 16:50:18 - [TEST_STEP][PASSED] - click: Object: 'Object Repository/Display select all list/Page_Guru TMDA (2)/label_Select All' is clicked on

2560-10-30 16:50:19 - [MESSAGE][PASSED] - Object: 'Object Repository/Display select all list/Page_Guru TMDA (2)/label_Select All' is clicked on

2560-10-30 16:50:19 - [TEST_STEP][PASSED] - click: Object: 'Object Repository/Display select all list/Page_Guru TMDA (2)/label_Select All' is clicked on

2560-10-30 16:50:19 - [MESSAGE][PASSED] - Object: 'Object Repository/Display select all list/Page_Guru TMDA (2)/label_Select All' is clicked on

2560-10-30 16:50:19 - [TEST_STEP][PASSED] - check: Object 'Object Repository/Display Company brand list/Page_Guru TMDA (1)/label_Company Brand' is checked

2560-10-30 16:50:19 - [MESSAGE][PASSED] - Object 'Object Repository/Display Company brand list/Page_Guru TMDA (1)/label_Company Brand' is checked

2560-10-30 16:50:19 - [TEST_STEP][FAILED] - verifyElementPresent: Unable to verify object 'Object Repository/Display Accessibility list/Page_Guru TMDA (2)/div_row' is present (Root cause: com.kms.katalon.core.webui.exception.WebElementNotFoundException: Web element with id: 'Object Repository/Display Accessibility list/Page_Guru TMDA (2)/div_row' located by 'By.xpath: //div[count(. | /html[1]/body[1]/my-app[1]/app-predicted-results[1]/div[@class="container-fluid"]/div[@class="row centurygothic-font"]/div[@class="col-xs-12 col-sm-8 col-md-8 col-lg-9"]/div[2]/div[@class="row"]) = count(/html[1]/body[1]/my-app[1]/app-predicted-results[1]/div[@class="container-fluid"]/div[@class="row centurygothic-font"]/div[@class="col-xs-12 col-sm-8 col-md-8 col-lg-9"]/div[2]/div[@class="row"])]' not found)

2560-10-30 16:50:22 - [MESSAGE][FAILED] - com.kms.katalon.core.webui.exception.WebElementNotFoundException: Web element with id: 'Object Repository/Display Accessibility list/Page_Guru TMDA (2)/div_row' located by 'By.xpath: //div[count(. | /html[1]/body[1]/my-app[1]/app-predicted-results[1]/div[@class="container-fluid"]/div[@class="row centurygothic-font"]/div[@class="col-xs-12 col-sm-8 col-md-8 col-lg-9"]/div[2]/div[@class="row"]) = count(/html[1]/body[1]/my-app[1]/app-predicted-results[1]/div[@class="container-fluid"]/div[@class="row centurygothic-font"]/div[@class="col-xs-12 col-sm-8 col-md-8 col-lg-9"]/div[2]/div[@class="row"])]' not found
[[ATTACHMENT|C:\\Users\\PIEW\\Katalon Studio\\GuruTMDA\\Reports\\Basic work\\25601030_164729\\1509357022547.png]]

2560-10-30 16:50:23 - [MESSAGE][FAILED] - Unable to verify object 'Object Repository/Display Accessibility list/Page_Guru TMDA (2)/div_row' is present (Root cause: com.kms.katalon.core.webui.exception.WebElementNotFoundException: Web element with id: 'Object Repository/Display Accessibility list/Page_Guru TMDA (2)/div_row' located by 'By.xpath: //div[count(. | /html[1]/body[1]/my-app[1]/app-predicted-results[1]/div[@class="container-fluid"]/div[@class="row centurygothic-font"]/div[@class="col-xs-12 col-sm-8 col-md-8 col-lg-9"]/div[2]/div[@class="row"]) = count(/html[1]/body[1]/my-app[1]/app-predicted-results[1]/div[@class="container-fluid"]/div[@class="row centurygothic-font"]/div[@class="col-xs-12 col-sm-8 col-md-8 col-lg-9"]/div[2]/div[@class="row"])]' not found)
[[ATTACHMENT|C:\\Users\\PIEW\\Katalon Studio\\GuruTMDA\\Reports\\Basic work\\25601030_164729\\1509357022838.png]]]]></system-out>
         <system-err><![CDATA[2560-10-30 16:50:18 - [TEST_CASE][FAILED] - Test Cases/Basic work/Predicted Multiple Verbatim/Prediction in details display Company Brand list: Test Cases/Basic work/Predicted Multiple Verbatim/Prediction in details display Company Brand list FAILED because (of) Unable to verify object 'Object Repository/Display Accessibility list/Page_Guru TMDA (2)/div_row' is present (Root cause: com.kms.katalon.core.webui.exception.WebElementNotFoundException: Web element with id: 'Object Repository/Display Accessibility list/Page_Guru TMDA (2)/div_row' located by 'By.xpath: //div[count(. | /html[1]/body[1]/my-app[1]/app-predicted-results[1]/div[@class="container-fluid"]/div[@class="row centurygothic-font"]/div[@class="col-xs-12 col-sm-8 col-md-8 col-lg-9"]/div[2]/div[@class="row"]) = count(/html[1]/body[1]/my-app[1]/app-predicted-results[1]/div[@class="container-fluid"]/div[@class="row centurygothic-font"]/div[@class="col-xs-12 col-sm-8 col-md-8 col-lg-9"]/div[2]/div[@class="row"])]' not found)]]></system-err>
      </testcase>
      <testcase name="Test Cases/Basic work/Predicted Multiple Verbatim/Prediction in details display Competitors list" classname="Test Cases/Basic work/Predicted Multiple Verbatim/Prediction in details display Competitors list" status="FAILED">
         <failure type="FAILED" message="Unable to verify object 'Object Repository/Display Accessibility list/Page_Guru TMDA (2)/div_row' is present (Root cause: com.kms.katalon.core.webui.exception.WebElementNotFoundException: Web element with id: 'Object Repository/Display Accessibility list/Page_Guru TMDA (2)/div_row' located by 'By.xpath: //div[count(. | /html[1]/body[1]/my-app[1]/app-predicted-results[1]/div[@class=&quot;container-fluid&quot;]/div[@class=&quot;row centurygothic-font&quot;]/div[@class=&quot;col-xs-12 col-sm-8 col-md-8 col-lg-9&quot;]/div[2]/div[@class=&quot;row&quot;]) = count(/html[1]/body[1]/my-app[1]/app-predicted-results[1]/div[@class=&quot;container-fluid&quot;]/div[@class=&quot;row centurygothic-font&quot;]/div[@class=&quot;col-xs-12 col-sm-8 col-md-8 col-lg-9&quot;]/div[2]/div[@class=&quot;row&quot;])]' not found)"/>
         <system-out><![CDATA[2560-10-30 16:50:23 - [TEST_CASE][FAILED] - Test Cases/Basic work/Predicted Multiple Verbatim/Prediction in details display Competitors list: Test Cases/Basic work/Predicted Multiple Verbatim/Prediction in details display Competitors list FAILED because (of) Unable to verify object 'Object Repository/Display Accessibility list/Page_Guru TMDA (2)/div_row' is present (Root cause: com.kms.katalon.core.webui.exception.WebElementNotFoundException: Web element with id: 'Object Repository/Display Accessibility list/Page_Guru TMDA (2)/div_row' located by 'By.xpath: //div[count(. | /html[1]/body[1]/my-app[1]/app-predicted-results[1]/div[@class="container-fluid"]/div[@class="row centurygothic-font"]/div[@class="col-xs-12 col-sm-8 col-md-8 col-lg-9"]/div[2]/div[@class="row"]) = count(/html[1]/body[1]/my-app[1]/app-predicted-results[1]/div[@class="container-fluid"]/div[@class="row centurygothic-font"]/div[@class="col-xs-12 col-sm-8 col-md-8 col-lg-9"]/div[2]/div[@class="row"])]' not found)

2560-10-30 16:50:23 - [TEST_STEP][NOT_RUN] - openBrowser: NOT_RUN: openBrowser

2560-10-30 16:50:23 - [MESSAGE][NOT_RUN] - NOT_RUN: openBrowser

2560-10-30 16:50:23 - [TEST_STEP][NOT_RUN] - maximizeWindow: NOT_RUN: maximizeWindow

2560-10-30 16:50:23 - [MESSAGE][NOT_RUN] - NOT_RUN: maximizeWindow

2560-10-30 16:50:23 - [TEST_STEP][NOT_RUN] - navigateToUrl: NOT_RUN: navigateToUrl

2560-10-30 16:50:23 - [MESSAGE][NOT_RUN] - NOT_RUN: navigateToUrl

2560-10-30 16:50:23 - [TEST_STEP][NOT_RUN] - click: NOT_RUN: click

2560-10-30 16:50:23 - [MESSAGE][NOT_RUN] - NOT_RUN: click

2560-10-30 16:50:23 - [TEST_STEP][NOT_RUN] - setText: NOT_RUN: setText

2560-10-30 16:50:23 - [MESSAGE][NOT_RUN] - NOT_RUN: setText

2560-10-30 16:50:23 - [TEST_STEP][NOT_RUN] - setText: NOT_RUN: setText

2560-10-30 16:50:23 - [MESSAGE][NOT_RUN] - NOT_RUN: setText

2560-10-30 16:50:23 - [TEST_STEP][NOT_RUN] - click: NOT_RUN: click

2560-10-30 16:50:23 - [MESSAGE][NOT_RUN] - NOT_RUN: click

2560-10-30 16:50:23 - [TEST_STEP][NOT_RUN] - click: NOT_RUN: click

2560-10-30 16:50:23 - [MESSAGE][NOT_RUN] - NOT_RUN: click

2560-10-30 16:50:23 - [TEST_STEP][NOT_RUN] - click: NOT_RUN: click

2560-10-30 16:50:23 - [MESSAGE][NOT_RUN] - NOT_RUN: click

2560-10-30 16:50:23 - [TEST_STEP][NOT_RUN] - uploadFile: NOT_RUN: uploadFile

2560-10-30 16:50:23 - [MESSAGE][NOT_RUN] - NOT_RUN: uploadFile

2560-10-30 16:50:23 - [TEST_STEP][NOT_RUN] - waitForElementClickable: NOT_RUN: waitForElementClickable

2560-10-30 16:50:23 - [MESSAGE][NOT_RUN] - NOT_RUN: waitForElementClickable

2560-10-30 16:50:23 - [TEST_STEP][NOT_RUN] - click: NOT_RUN: click

2560-10-30 16:50:23 - [MESSAGE][NOT_RUN] - NOT_RUN: click

2560-10-30 16:50:23 - [TEST_STEP][NOT_RUN] - waitForElementNotPresent: NOT_RUN: waitForElementNotPresent

2560-10-30 16:50:23 - [MESSAGE][NOT_RUN] - NOT_RUN: waitForElementNotPresent

2560-10-30 16:50:23 - [TEST_STEP][NOT_RUN] - selectOptionByValue: NOT_RUN: selectOptionByValue

2560-10-30 16:50:23 - [MESSAGE][NOT_RUN] - NOT_RUN: selectOptionByValue

2560-10-30 16:50:23 - [TEST_STEP][NOT_RUN] - check: NOT_RUN: check

2560-10-30 16:50:23 - [MESSAGE][NOT_RUN] - NOT_RUN: check

2560-10-30 16:50:23 - [TEST_STEP][NOT_RUN] - click: NOT_RUN: click

2560-10-30 16:50:23 - [MESSAGE][NOT_RUN] - NOT_RUN: click

2560-10-30 16:50:23 - [TEST_STEP][NOT_RUN] - waitForElementNotPresent: NOT_RUN: waitForElementNotPresent

2560-10-30 16:50:23 - [MESSAGE][NOT_RUN] - NOT_RUN: waitForElementNotPresent

2560-10-30 16:50:23 - [TEST_STEP][NOT_RUN] - check: NOT_RUN: check

2560-10-30 16:50:23 - [MESSAGE][NOT_RUN] - NOT_RUN: check

2560-10-30 16:50:23 - [TEST_STEP][NOT_RUN] - scrollToElement: NOT_RUN: scrollToElement

2560-10-30 16:50:23 - [MESSAGE][NOT_RUN] - NOT_RUN: scrollToElement

2560-10-30 16:50:23 - [TEST_STEP][NOT_RUN] - click: NOT_RUN: click

2560-10-30 16:50:23 - [MESSAGE][NOT_RUN] - NOT_RUN: click

2560-10-30 16:50:23 - [TEST_STEP][NOT_RUN] - click: NOT_RUN: click

2560-10-30 16:50:23 - [MESSAGE][NOT_RUN] - NOT_RUN: click

2560-10-30 16:50:23 - [TEST_STEP][PASSED] - click: Object: 'Object Repository/Display select all list/Page_Guru TMDA (2)/label_Select All' is clicked on

2560-10-30 16:50:23 - [MESSAGE][PASSED] - Object: 'Object Repository/Display select all list/Page_Guru TMDA (2)/label_Select All' is clicked on

2560-10-30 16:50:23 - [TEST_STEP][PASSED] - click: Object: 'Object Repository/Display select all list/Page_Guru TMDA (2)/label_Select All' is clicked on

2560-10-30 16:50:23 - [MESSAGE][PASSED] - Object: 'Object Repository/Display select all list/Page_Guru TMDA (2)/label_Select All' is clicked on

2560-10-30 16:50:23 - [TEST_STEP][PASSED] - check: Object 'Object Repository/Display Competitors list/label_Competitors' is checked

2560-10-30 16:50:23 - [MESSAGE][PASSED] - Object 'Object Repository/Display Competitors list/label_Competitors' is checked

2560-10-30 16:50:24 - [TEST_STEP][FAILED] - verifyElementPresent: Unable to verify object 'Object Repository/Display Accessibility list/Page_Guru TMDA (2)/div_row' is present (Root cause: com.kms.katalon.core.webui.exception.WebElementNotFoundException: Web element with id: 'Object Repository/Display Accessibility list/Page_Guru TMDA (2)/div_row' located by 'By.xpath: //div[count(. | /html[1]/body[1]/my-app[1]/app-predicted-results[1]/div[@class="container-fluid"]/div[@class="row centurygothic-font"]/div[@class="col-xs-12 col-sm-8 col-md-8 col-lg-9"]/div[2]/div[@class="row"]) = count(/html[1]/body[1]/my-app[1]/app-predicted-results[1]/div[@class="container-fluid"]/div[@class="row centurygothic-font"]/div[@class="col-xs-12 col-sm-8 col-md-8 col-lg-9"]/div[2]/div[@class="row"])]' not found)

2560-10-30 16:50:27 - [MESSAGE][FAILED] - com.kms.katalon.core.webui.exception.WebElementNotFoundException: Web element with id: 'Object Repository/Display Accessibility list/Page_Guru TMDA (2)/div_row' located by 'By.xpath: //div[count(. | /html[1]/body[1]/my-app[1]/app-predicted-results[1]/div[@class="container-fluid"]/div[@class="row centurygothic-font"]/div[@class="col-xs-12 col-sm-8 col-md-8 col-lg-9"]/div[2]/div[@class="row"]) = count(/html[1]/body[1]/my-app[1]/app-predicted-results[1]/div[@class="container-fluid"]/div[@class="row centurygothic-font"]/div[@class="col-xs-12 col-sm-8 col-md-8 col-lg-9"]/div[2]/div[@class="row"])]' not found
[[ATTACHMENT|C:\\Users\\PIEW\\Katalon Studio\\GuruTMDA\\Reports\\Basic work\\25601030_164729\\1509357027106.png]]

2560-10-30 16:50:27 - [MESSAGE][FAILED] - Unable to verify object 'Object Repository/Display Accessibility list/Page_Guru TMDA (2)/div_row' is present (Root cause: com.kms.katalon.core.webui.exception.WebElementNotFoundException: Web element with id: 'Object Repository/Display Accessibility list/Page_Guru TMDA (2)/div_row' located by 'By.xpath: //div[count(. | /html[1]/body[1]/my-app[1]/app-predicted-results[1]/div[@class="container-fluid"]/div[@class="row centurygothic-font"]/div[@class="col-xs-12 col-sm-8 col-md-8 col-lg-9"]/div[2]/div[@class="row"]) = count(/html[1]/body[1]/my-app[1]/app-predicted-results[1]/div[@class="container-fluid"]/div[@class="row centurygothic-font"]/div[@class="col-xs-12 col-sm-8 col-md-8 col-lg-9"]/div[2]/div[@class="row"])]' not found)
[[ATTACHMENT|C:\\Users\\PIEW\\Katalon Studio\\GuruTMDA\\Reports\\Basic work\\25601030_164729\\1509357027383.png]]]]></system-out>
         <system-err><![CDATA[2560-10-30 16:50:23 - [TEST_CASE][FAILED] - Test Cases/Basic work/Predicted Multiple Verbatim/Prediction in details display Competitors list: Test Cases/Basic work/Predicted Multiple Verbatim/Prediction in details display Competitors list FAILED because (of) Unable to verify object 'Object Repository/Display Accessibility list/Page_Guru TMDA (2)/div_row' is present (Root cause: com.kms.katalon.core.webui.exception.WebElementNotFoundException: Web element with id: 'Object Repository/Display Accessibility list/Page_Guru TMDA (2)/div_row' located by 'By.xpath: //div[count(. | /html[1]/body[1]/my-app[1]/app-predicted-results[1]/div[@class="container-fluid"]/div[@class="row centurygothic-font"]/div[@class="col-xs-12 col-sm-8 col-md-8 col-lg-9"]/div[2]/div[@class="row"]) = count(/html[1]/body[1]/my-app[1]/app-predicted-results[1]/div[@class="container-fluid"]/div[@class="row centurygothic-font"]/div[@class="col-xs-12 col-sm-8 col-md-8 col-lg-9"]/div[2]/div[@class="row"])]' not found)]]></system-err>
      </testcase>
      <testcase name="Test Cases/Basic work/Predicted Multiple Verbatim/Prediction in details display Private Reason list" classname="Test Cases/Basic work/Predicted Multiple Verbatim/Prediction in details display Private Reason list" status="PASSED">
         <system-out><![CDATA[2560-10-30 16:50:27 - [TEST_CASE][PASSED] - Test Cases/Basic work/Predicted Multiple Verbatim/Prediction in details display Private Reason list: Test Cases/Basic work/Predicted Multiple Verbatim/Prediction in details display Private Reason list

2560-10-30 16:50:27 - [TEST_STEP][NOT_RUN] - openBrowser: NOT_RUN: openBrowser

2560-10-30 16:50:27 - [MESSAGE][NOT_RUN] - NOT_RUN: openBrowser

2560-10-30 16:50:27 - [TEST_STEP][NOT_RUN] - maximizeWindow: NOT_RUN: maximizeWindow

2560-10-30 16:50:27 - [MESSAGE][NOT_RUN] - NOT_RUN: maximizeWindow

2560-10-30 16:50:27 - [TEST_STEP][NOT_RUN] - navigateToUrl: NOT_RUN: navigateToUrl

2560-10-30 16:50:27 - [MESSAGE][NOT_RUN] - NOT_RUN: navigateToUrl

2560-10-30 16:50:27 - [TEST_STEP][NOT_RUN] - click: NOT_RUN: click

2560-10-30 16:50:27 - [MESSAGE][NOT_RUN] - NOT_RUN: click

2560-10-30 16:50:27 - [TEST_STEP][NOT_RUN] - setText: NOT_RUN: setText

2560-10-30 16:50:27 - [MESSAGE][NOT_RUN] - NOT_RUN: setText

2560-10-30 16:50:27 - [TEST_STEP][NOT_RUN] - setText: NOT_RUN: setText

2560-10-30 16:50:27 - [MESSAGE][NOT_RUN] - NOT_RUN: setText

2560-10-30 16:50:27 - [TEST_STEP][NOT_RUN] - click: NOT_RUN: click

2560-10-30 16:50:27 - [MESSAGE][NOT_RUN] - NOT_RUN: click

2560-10-30 16:50:27 - [TEST_STEP][NOT_RUN] - click: NOT_RUN: click

2560-10-30 16:50:27 - [MESSAGE][NOT_RUN] - NOT_RUN: click

2560-10-30 16:50:27 - [TEST_STEP][NOT_RUN] - click: NOT_RUN: click

2560-10-30 16:50:27 - [MESSAGE][NOT_RUN] - NOT_RUN: click

2560-10-30 16:50:27 - [TEST_STEP][NOT_RUN] - uploadFile: NOT_RUN: uploadFile

2560-10-30 16:50:27 - [MESSAGE][NOT_RUN] - NOT_RUN: uploadFile

2560-10-30 16:50:27 - [TEST_STEP][NOT_RUN] - waitForElementClickable: NOT_RUN: waitForElementClickable

2560-10-30 16:50:27 - [MESSAGE][NOT_RUN] - NOT_RUN: waitForElementClickable

2560-10-30 16:50:27 - [TEST_STEP][NOT_RUN] - click: NOT_RUN: click

2560-10-30 16:50:27 - [MESSAGE][NOT_RUN] - NOT_RUN: click

2560-10-30 16:50:27 - [TEST_STEP][NOT_RUN] - waitForElementNotPresent: NOT_RUN: waitForElementNotPresent

2560-10-30 16:50:27 - [MESSAGE][NOT_RUN] - NOT_RUN: waitForElementNotPresent

2560-10-30 16:50:27 - [TEST_STEP][NOT_RUN] - selectOptionByValue: NOT_RUN: selectOptionByValue

2560-10-30 16:50:27 - [MESSAGE][NOT_RUN] - NOT_RUN: selectOptionByValue

2560-10-30 16:50:27 - [TEST_STEP][NOT_RUN] - check: NOT_RUN: check

2560-10-30 16:50:27 - [MESSAGE][NOT_RUN] - NOT_RUN: check

2560-10-30 16:50:27 - [TEST_STEP][NOT_RUN] - click: NOT_RUN: click

2560-10-30 16:50:27 - [MESSAGE][NOT_RUN] - NOT_RUN: click

2560-10-30 16:50:27 - [TEST_STEP][NOT_RUN] - waitForElementNotPresent: NOT_RUN: waitForElementNotPresent

2560-10-30 16:50:27 - [MESSAGE][NOT_RUN] - NOT_RUN: waitForElementNotPresent

2560-10-30 16:50:27 - [TEST_STEP][NOT_RUN] - check: NOT_RUN: check

2560-10-30 16:50:27 - [MESSAGE][NOT_RUN] - NOT_RUN: check

2560-10-30 16:50:27 - [TEST_STEP][NOT_RUN] - scrollToElement: NOT_RUN: scrollToElement

2560-10-30 16:50:27 - [MESSAGE][NOT_RUN] - NOT_RUN: scrollToElement

2560-10-30 16:50:27 - [TEST_STEP][NOT_RUN] - click: NOT_RUN: click

2560-10-30 16:50:27 - [MESSAGE][NOT_RUN] - NOT_RUN: click

2560-10-30 16:50:27 - [TEST_STEP][NOT_RUN] - click: NOT_RUN: click

2560-10-30 16:50:27 - [MESSAGE][NOT_RUN] - NOT_RUN: click

2560-10-30 16:50:27 - [TEST_STEP][PASSED] - click: Object: 'Object Repository/Display select all list/Page_Guru TMDA (2)/label_Select All' is clicked on

2560-10-30 16:50:28 - [MESSAGE][PASSED] - Object: 'Object Repository/Display select all list/Page_Guru TMDA (2)/label_Select All' is clicked on

2560-10-30 16:50:28 - [TEST_STEP][PASSED] - click: Object: 'Object Repository/Display select all list/Page_Guru TMDA (2)/label_Select All' is clicked on

2560-10-30 16:50:28 - [MESSAGE][PASSED] - Object: 'Object Repository/Display select all list/Page_Guru TMDA (2)/label_Select All' is clicked on

2560-10-30 16:50:28 - [TEST_STEP][PASSED] - check: Object 'Object Repository/Display Private reason list/label_Private Reason' is checked

2560-10-30 16:50:28 - [MESSAGE][PASSED] - Object 'Object Repository/Display Private reason list/label_Private Reason' is checked

2560-10-30 16:50:28 - [TEST_STEP][PASSED] - verifyElementPresent: Object 'Object Repository/Display Accessibility list/Page_Guru TMDA (2)/div_row' is present

2560-10-30 16:50:28 - [MESSAGE][PASSED] - Object 'Object Repository/Display Accessibility list/Page_Guru TMDA (2)/div_row' is present

2560-10-30 16:50:28 - [TEST_STEP][NOT_RUN] - closeBrowser: NOT_RUN: closeBrowser

2560-10-30 16:50:28 - [MESSAGE][NOT_RUN] - NOT_RUN: closeBrowser]]></system-out>
         <system-err><![CDATA[]]></system-err>
      </testcase>
      <testcase name="Test Cases/Basic work/Predicted Multiple Verbatim/Prediction in details display Process list" classname="Test Cases/Basic work/Predicted Multiple Verbatim/Prediction in details display Process list" status="FAILED">
         <failure type="FAILED" message="Unable to verify object 'Object Repository/Display Accessibility list/Page_Guru TMDA (2)/div_row' is present (Root cause: com.kms.katalon.core.webui.exception.WebElementNotFoundException: Web element with id: 'Object Repository/Display Accessibility list/Page_Guru TMDA (2)/div_row' located by 'By.xpath: //div[count(. | /html[1]/body[1]/my-app[1]/app-predicted-results[1]/div[@class=&quot;container-fluid&quot;]/div[@class=&quot;row centurygothic-font&quot;]/div[@class=&quot;col-xs-12 col-sm-8 col-md-8 col-lg-9&quot;]/div[2]/div[@class=&quot;row&quot;]) = count(/html[1]/body[1]/my-app[1]/app-predicted-results[1]/div[@class=&quot;container-fluid&quot;]/div[@class=&quot;row centurygothic-font&quot;]/div[@class=&quot;col-xs-12 col-sm-8 col-md-8 col-lg-9&quot;]/div[2]/div[@class=&quot;row&quot;])]' not found)"/>
         <system-out><![CDATA[2560-10-30 16:50:28 - [TEST_CASE][FAILED] - Test Cases/Basic work/Predicted Multiple Verbatim/Prediction in details display Process list: Test Cases/Basic work/Predicted Multiple Verbatim/Prediction in details display Process list FAILED because (of) Unable to verify object 'Object Repository/Display Accessibility list/Page_Guru TMDA (2)/div_row' is present (Root cause: com.kms.katalon.core.webui.exception.WebElementNotFoundException: Web element with id: 'Object Repository/Display Accessibility list/Page_Guru TMDA (2)/div_row' located by 'By.xpath: //div[count(. | /html[1]/body[1]/my-app[1]/app-predicted-results[1]/div[@class="container-fluid"]/div[@class="row centurygothic-font"]/div[@class="col-xs-12 col-sm-8 col-md-8 col-lg-9"]/div[2]/div[@class="row"]) = count(/html[1]/body[1]/my-app[1]/app-predicted-results[1]/div[@class="container-fluid"]/div[@class="row centurygothic-font"]/div[@class="col-xs-12 col-sm-8 col-md-8 col-lg-9"]/div[2]/div[@class="row"])]' not found)

2560-10-30 16:50:28 - [TEST_STEP][NOT_RUN] - openBrowser: NOT_RUN: openBrowser

2560-10-30 16:50:28 - [MESSAGE][NOT_RUN] - NOT_RUN: openBrowser

2560-10-30 16:50:28 - [TEST_STEP][NOT_RUN] - maximizeWindow: NOT_RUN: maximizeWindow

2560-10-30 16:50:28 - [MESSAGE][NOT_RUN] - NOT_RUN: maximizeWindow

2560-10-30 16:50:29 - [TEST_STEP][NOT_RUN] - navigateToUrl: NOT_RUN: navigateToUrl

2560-10-30 16:50:29 - [MESSAGE][NOT_RUN] - NOT_RUN: navigateToUrl

2560-10-30 16:50:29 - [TEST_STEP][NOT_RUN] - click: NOT_RUN: click

2560-10-30 16:50:29 - [MESSAGE][NOT_RUN] - NOT_RUN: click

2560-10-30 16:50:29 - [TEST_STEP][NOT_RUN] - setText: NOT_RUN: setText

2560-10-30 16:50:29 - [MESSAGE][NOT_RUN] - NOT_RUN: setText

2560-10-30 16:50:29 - [TEST_STEP][NOT_RUN] - setText: NOT_RUN: setText

2560-10-30 16:50:29 - [MESSAGE][NOT_RUN] - NOT_RUN: setText

2560-10-30 16:50:29 - [TEST_STEP][NOT_RUN] - click: NOT_RUN: click

2560-10-30 16:50:29 - [MESSAGE][NOT_RUN] - NOT_RUN: click

2560-10-30 16:50:29 - [TEST_STEP][NOT_RUN] - click: NOT_RUN: click

2560-10-30 16:50:29 - [MESSAGE][NOT_RUN] - NOT_RUN: click

2560-10-30 16:50:29 - [TEST_STEP][NOT_RUN] - click: NOT_RUN: click

2560-10-30 16:50:29 - [MESSAGE][NOT_RUN] - NOT_RUN: click

2560-10-30 16:50:29 - [TEST_STEP][NOT_RUN] - uploadFile: NOT_RUN: uploadFile

2560-10-30 16:50:29 - [MESSAGE][NOT_RUN] - NOT_RUN: uploadFile

2560-10-30 16:50:29 - [TEST_STEP][NOT_RUN] - waitForElementClickable: NOT_RUN: waitForElementClickable

2560-10-30 16:50:29 - [MESSAGE][NOT_RUN] - NOT_RUN: waitForElementClickable

2560-10-30 16:50:29 - [TEST_STEP][NOT_RUN] - click: NOT_RUN: click

2560-10-30 16:50:29 - [MESSAGE][NOT_RUN] - NOT_RUN: click

2560-10-30 16:50:29 - [TEST_STEP][NOT_RUN] - waitForElementNotPresent: NOT_RUN: waitForElementNotPresent

2560-10-30 16:50:29 - [MESSAGE][NOT_RUN] - NOT_RUN: waitForElementNotPresent

2560-10-30 16:50:29 - [TEST_STEP][NOT_RUN] - selectOptionByValue: NOT_RUN: selectOptionByValue

2560-10-30 16:50:29 - [MESSAGE][NOT_RUN] - NOT_RUN: selectOptionByValue

2560-10-30 16:50:29 - [TEST_STEP][NOT_RUN] - check: NOT_RUN: check

2560-10-30 16:50:29 - [MESSAGE][NOT_RUN] - NOT_RUN: check

2560-10-30 16:50:29 - [TEST_STEP][NOT_RUN] - click: NOT_RUN: click

2560-10-30 16:50:29 - [MESSAGE][NOT_RUN] - NOT_RUN: click

2560-10-30 16:50:29 - [TEST_STEP][NOT_RUN] - waitForElementNotPresent: NOT_RUN: waitForElementNotPresent

2560-10-30 16:50:29 - [MESSAGE][NOT_RUN] - NOT_RUN: waitForElementNotPresent

2560-10-30 16:50:29 - [TEST_STEP][NOT_RUN] - check: NOT_RUN: check

2560-10-30 16:50:29 - [MESSAGE][NOT_RUN] - NOT_RUN: check

2560-10-30 16:50:29 - [TEST_STEP][NOT_RUN] - scrollToElement: NOT_RUN: scrollToElement

2560-10-30 16:50:29 - [MESSAGE][NOT_RUN] - NOT_RUN: scrollToElement

2560-10-30 16:50:29 - [TEST_STEP][NOT_RUN] - click: NOT_RUN: click

2560-10-30 16:50:29 - [MESSAGE][NOT_RUN] - NOT_RUN: click

2560-10-30 16:50:29 - [TEST_STEP][NOT_RUN] - click: NOT_RUN: click

2560-10-30 16:50:29 - [MESSAGE][NOT_RUN] - NOT_RUN: click

2560-10-30 16:50:29 - [TEST_STEP][PASSED] - click: Object: 'Object Repository/Display select all list/Page_Guru TMDA (2)/label_Select All' is clicked on

2560-10-30 16:50:29 - [MESSAGE][PASSED] - Object: 'Object Repository/Display select all list/Page_Guru TMDA (2)/label_Select All' is clicked on

2560-10-30 16:50:30 - [TEST_STEP][PASSED] - click: Object: 'Object Repository/Display select all list/Page_Guru TMDA (2)/label_Select All' is clicked on

2560-10-30 16:50:30 - [MESSAGE][PASSED] - Object: 'Object Repository/Display select all list/Page_Guru TMDA (2)/label_Select All' is clicked on

2560-10-30 16:50:30 - [TEST_STEP][PASSED] - check: Object 'Object Repository/Display Process list/label_Process' is checked

2560-10-30 16:50:30 - [MESSAGE][PASSED] - Object 'Object Repository/Display Process list/label_Process' is checked

2560-10-30 16:50:30 - [TEST_STEP][FAILED] - verifyElementPresent: Unable to verify object 'Object Repository/Display Accessibility list/Page_Guru TMDA (2)/div_row' is present (Root cause: com.kms.katalon.core.webui.exception.WebElementNotFoundException: Web element with id: 'Object Repository/Display Accessibility list/Page_Guru TMDA (2)/div_row' located by 'By.xpath: //div[count(. | /html[1]/body[1]/my-app[1]/app-predicted-results[1]/div[@class="container-fluid"]/div[@class="row centurygothic-font"]/div[@class="col-xs-12 col-sm-8 col-md-8 col-lg-9"]/div[2]/div[@class="row"]) = count(/html[1]/body[1]/my-app[1]/app-predicted-results[1]/div[@class="container-fluid"]/div[@class="row centurygothic-font"]/div[@class="col-xs-12 col-sm-8 col-md-8 col-lg-9"]/div[2]/div[@class="row"])]' not found)

2560-10-30 16:50:33 - [MESSAGE][FAILED] - com.kms.katalon.core.webui.exception.WebElementNotFoundException: Web element with id: 'Object Repository/Display Accessibility list/Page_Guru TMDA (2)/div_row' located by 'By.xpath: //div[count(. | /html[1]/body[1]/my-app[1]/app-predicted-results[1]/div[@class="container-fluid"]/div[@class="row centurygothic-font"]/div[@class="col-xs-12 col-sm-8 col-md-8 col-lg-9"]/div[2]/div[@class="row"]) = count(/html[1]/body[1]/my-app[1]/app-predicted-results[1]/div[@class="container-fluid"]/div[@class="row centurygothic-font"]/div[@class="col-xs-12 col-sm-8 col-md-8 col-lg-9"]/div[2]/div[@class="row"])]' not found
[[ATTACHMENT|C:\\Users\\PIEW\\Katalon Studio\\GuruTMDA\\Reports\\Basic work\\25601030_164729\\1509357033466.png]]

2560-10-30 16:50:34 - [MESSAGE][FAILED] - Unable to verify object 'Object Repository/Display Accessibility list/Page_Guru TMDA (2)/div_row' is present (Root cause: com.kms.katalon.core.webui.exception.WebElementNotFoundException: Web element with id: 'Object Repository/Display Accessibility list/Page_Guru TMDA (2)/div_row' located by 'By.xpath: //div[count(. | /html[1]/body[1]/my-app[1]/app-predicted-results[1]/div[@class="container-fluid"]/div[@class="row centurygothic-font"]/div[@class="col-xs-12 col-sm-8 col-md-8 col-lg-9"]/div[2]/div[@class="row"]) = count(/html[1]/body[1]/my-app[1]/app-predicted-results[1]/div[@class="container-fluid"]/div[@class="row centurygothic-font"]/div[@class="col-xs-12 col-sm-8 col-md-8 col-lg-9"]/div[2]/div[@class="row"])]' not found)
[[ATTACHMENT|C:\\Users\\PIEW\\Katalon Studio\\GuruTMDA\\Reports\\Basic work\\25601030_164729\\1509357033754.png]]]]></system-out>
         <system-err><![CDATA[2560-10-30 16:50:28 - [TEST_CASE][FAILED] - Test Cases/Basic work/Predicted Multiple Verbatim/Prediction in details display Process list: Test Cases/Basic work/Predicted Multiple Verbatim/Prediction in details display Process list FAILED because (of) Unable to verify object 'Object Repository/Display Accessibility list/Page_Guru TMDA (2)/div_row' is present (Root cause: com.kms.katalon.core.webui.exception.WebElementNotFoundException: Web element with id: 'Object Repository/Display Accessibility list/Page_Guru TMDA (2)/div_row' located by 'By.xpath: //div[count(. | /html[1]/body[1]/my-app[1]/app-predicted-results[1]/div[@class="container-fluid"]/div[@class="row centurygothic-font"]/div[@class="col-xs-12 col-sm-8 col-md-8 col-lg-9"]/div[2]/div[@class="row"]) = count(/html[1]/body[1]/my-app[1]/app-predicted-results[1]/div[@class="container-fluid"]/div[@class="row centurygothic-font"]/div[@class="col-xs-12 col-sm-8 col-md-8 col-lg-9"]/div[2]/div[@class="row"])]' not found)]]></system-err>
      </testcase>
      <testcase name="Test Cases/Basic work/Predicted Multiple Verbatim/Prediction in details display Product Feature list" classname="Test Cases/Basic work/Predicted Multiple Verbatim/Prediction in details display Product Feature list" status="FAILED">
         <failure type="FAILED" message="Unable to verify object 'Object Repository/Display Accessibility list/Page_Guru TMDA (2)/div_row' is present (Root cause: com.kms.katalon.core.webui.exception.WebElementNotFoundException: Web element with id: 'Object Repository/Display Accessibility list/Page_Guru TMDA (2)/div_row' located by 'By.xpath: //div[count(. | /html[1]/body[1]/my-app[1]/app-predicted-results[1]/div[@class=&quot;container-fluid&quot;]/div[@class=&quot;row centurygothic-font&quot;]/div[@class=&quot;col-xs-12 col-sm-8 col-md-8 col-lg-9&quot;]/div[2]/div[@class=&quot;row&quot;]) = count(/html[1]/body[1]/my-app[1]/app-predicted-results[1]/div[@class=&quot;container-fluid&quot;]/div[@class=&quot;row centurygothic-font&quot;]/div[@class=&quot;col-xs-12 col-sm-8 col-md-8 col-lg-9&quot;]/div[2]/div[@class=&quot;row&quot;])]' not found)"/>
         <system-out><![CDATA[2560-10-30 16:50:34 - [TEST_CASE][FAILED] - Test Cases/Basic work/Predicted Multiple Verbatim/Prediction in details display Product Feature list: Test Cases/Basic work/Predicted Multiple Verbatim/Prediction in details display Product Feature list FAILED because (of) Unable to verify object 'Object Repository/Display Accessibility list/Page_Guru TMDA (2)/div_row' is present (Root cause: com.kms.katalon.core.webui.exception.WebElementNotFoundException: Web element with id: 'Object Repository/Display Accessibility list/Page_Guru TMDA (2)/div_row' located by 'By.xpath: //div[count(. | /html[1]/body[1]/my-app[1]/app-predicted-results[1]/div[@class="container-fluid"]/div[@class="row centurygothic-font"]/div[@class="col-xs-12 col-sm-8 col-md-8 col-lg-9"]/div[2]/div[@class="row"]) = count(/html[1]/body[1]/my-app[1]/app-predicted-results[1]/div[@class="container-fluid"]/div[@class="row centurygothic-font"]/div[@class="col-xs-12 col-sm-8 col-md-8 col-lg-9"]/div[2]/div[@class="row"])]' not found)

2560-10-30 16:50:34 - [TEST_STEP][NOT_RUN] - openBrowser: NOT_RUN: openBrowser

2560-10-30 16:50:34 - [MESSAGE][NOT_RUN] - NOT_RUN: openBrowser

2560-10-30 16:50:34 - [TEST_STEP][NOT_RUN] - maximizeWindow: NOT_RUN: maximizeWindow

2560-10-30 16:50:34 - [MESSAGE][NOT_RUN] - NOT_RUN: maximizeWindow

2560-10-30 16:50:34 - [TEST_STEP][NOT_RUN] - navigateToUrl: NOT_RUN: navigateToUrl

2560-10-30 16:50:34 - [MESSAGE][NOT_RUN] - NOT_RUN: navigateToUrl

2560-10-30 16:50:34 - [TEST_STEP][NOT_RUN] - click: NOT_RUN: click

2560-10-30 16:50:34 - [MESSAGE][NOT_RUN] - NOT_RUN: click

2560-10-30 16:50:34 - [TEST_STEP][NOT_RUN] - setText: NOT_RUN: setText

2560-10-30 16:50:34 - [MESSAGE][NOT_RUN] - NOT_RUN: setText

2560-10-30 16:50:34 - [TEST_STEP][NOT_RUN] - setText: NOT_RUN: setText

2560-10-30 16:50:34 - [MESSAGE][NOT_RUN] - NOT_RUN: setText

2560-10-30 16:50:34 - [TEST_STEP][NOT_RUN] - click: NOT_RUN: click

2560-10-30 16:50:34 - [MESSAGE][NOT_RUN] - NOT_RUN: click

2560-10-30 16:50:34 - [TEST_STEP][NOT_RUN] - click: NOT_RUN: click

2560-10-30 16:50:34 - [MESSAGE][NOT_RUN] - NOT_RUN: click

2560-10-30 16:50:34 - [TEST_STEP][NOT_RUN] - click: NOT_RUN: click

2560-10-30 16:50:34 - [MESSAGE][NOT_RUN] - NOT_RUN: click

2560-10-30 16:50:34 - [TEST_STEP][NOT_RUN] - uploadFile: NOT_RUN: uploadFile

2560-10-30 16:50:34 - [MESSAGE][NOT_RUN] - NOT_RUN: uploadFile

2560-10-30 16:50:34 - [TEST_STEP][NOT_RUN] - waitForElementClickable: NOT_RUN: waitForElementClickable

2560-10-30 16:50:34 - [MESSAGE][NOT_RUN] - NOT_RUN: waitForElementClickable

2560-10-30 16:50:34 - [TEST_STEP][NOT_RUN] - click: NOT_RUN: click

2560-10-30 16:50:34 - [MESSAGE][NOT_RUN] - NOT_RUN: click

2560-10-30 16:50:34 - [TEST_STEP][NOT_RUN] - waitForElementNotPresent: NOT_RUN: waitForElementNotPresent

2560-10-30 16:50:34 - [MESSAGE][NOT_RUN] - NOT_RUN: waitForElementNotPresent

2560-10-30 16:50:34 - [TEST_STEP][NOT_RUN] - selectOptionByValue: NOT_RUN: selectOptionByValue

2560-10-30 16:50:34 - [MESSAGE][NOT_RUN] - NOT_RUN: selectOptionByValue

2560-10-30 16:50:34 - [TEST_STEP][NOT_RUN] - check: NOT_RUN: check

2560-10-30 16:50:34 - [MESSAGE][NOT_RUN] - NOT_RUN: check

2560-10-30 16:50:34 - [TEST_STEP][NOT_RUN] - click: NOT_RUN: click

2560-10-30 16:50:34 - [MESSAGE][NOT_RUN] - NOT_RUN: click

2560-10-30 16:50:34 - [TEST_STEP][NOT_RUN] - waitForElementNotPresent: NOT_RUN: waitForElementNotPresent

2560-10-30 16:50:34 - [MESSAGE][NOT_RUN] - NOT_RUN: waitForElementNotPresent

2560-10-30 16:50:34 - [TEST_STEP][NOT_RUN] - check: NOT_RUN: check

2560-10-30 16:50:34 - [MESSAGE][NOT_RUN] - NOT_RUN: check

2560-10-30 16:50:34 - [TEST_STEP][NOT_RUN] - scrollToElement: NOT_RUN: scrollToElement

2560-10-30 16:50:34 - [MESSAGE][NOT_RUN] - NOT_RUN: scrollToElement

2560-10-30 16:50:34 - [TEST_STEP][NOT_RUN] - click: NOT_RUN: click

2560-10-30 16:50:34 - [MESSAGE][NOT_RUN] - NOT_RUN: click

2560-10-30 16:50:34 - [TEST_STEP][NOT_RUN] - click: NOT_RUN: click

2560-10-30 16:50:34 - [MESSAGE][NOT_RUN] - NOT_RUN: click

2560-10-30 16:50:34 - [TEST_STEP][PASSED] - click: Object: 'Object Repository/Display select all list/Page_Guru TMDA (2)/label_Select All' is clicked on

2560-10-30 16:50:34 - [MESSAGE][PASSED] - Object: 'Object Repository/Display select all list/Page_Guru TMDA (2)/label_Select All' is clicked on

2560-10-30 16:50:34 - [TEST_STEP][PASSED] - click: Object: 'Object Repository/Display select all list/Page_Guru TMDA (2)/label_Select All' is clicked on

2560-10-30 16:50:34 - [MESSAGE][PASSED] - Object: 'Object Repository/Display select all list/Page_Guru TMDA (2)/label_Select All' is clicked on

2560-10-30 16:50:34 - [TEST_STEP][PASSED] - check: Object 'Object Repository/Display product feature list/label_Product Feature' is checked

2560-10-30 16:50:34 - [MESSAGE][PASSED] - Object 'Object Repository/Display product feature list/label_Product Feature' is checked

2560-10-30 16:50:35 - [TEST_STEP][FAILED] - verifyElementPresent: Unable to verify object 'Object Repository/Display Accessibility list/Page_Guru TMDA (2)/div_row' is present (Root cause: com.kms.katalon.core.webui.exception.WebElementNotFoundException: Web element with id: 'Object Repository/Display Accessibility list/Page_Guru TMDA (2)/div_row' located by 'By.xpath: //div[count(. | /html[1]/body[1]/my-app[1]/app-predicted-results[1]/div[@class="container-fluid"]/div[@class="row centurygothic-font"]/div[@class="col-xs-12 col-sm-8 col-md-8 col-lg-9"]/div[2]/div[@class="row"]) = count(/html[1]/body[1]/my-app[1]/app-predicted-results[1]/div[@class="container-fluid"]/div[@class="row centurygothic-font"]/div[@class="col-xs-12 col-sm-8 col-md-8 col-lg-9"]/div[2]/div[@class="row"])]' not found)

2560-10-30 16:50:38 - [MESSAGE][FAILED] - com.kms.katalon.core.webui.exception.WebElementNotFoundException: Web element with id: 'Object Repository/Display Accessibility list/Page_Guru TMDA (2)/div_row' located by 'By.xpath: //div[count(. | /html[1]/body[1]/my-app[1]/app-predicted-results[1]/div[@class="container-fluid"]/div[@class="row centurygothic-font"]/div[@class="col-xs-12 col-sm-8 col-md-8 col-lg-9"]/div[2]/div[@class="row"]) = count(/html[1]/body[1]/my-app[1]/app-predicted-results[1]/div[@class="container-fluid"]/div[@class="row centurygothic-font"]/div[@class="col-xs-12 col-sm-8 col-md-8 col-lg-9"]/div[2]/div[@class="row"])]' not found
[[ATTACHMENT|C:\\Users\\PIEW\\Katalon Studio\\GuruTMDA\\Reports\\Basic work\\25601030_164729\\1509357038146.png]]

2560-10-30 16:50:38 - [MESSAGE][FAILED] - Unable to verify object 'Object Repository/Display Accessibility list/Page_Guru TMDA (2)/div_row' is present (Root cause: com.kms.katalon.core.webui.exception.WebElementNotFoundException: Web element with id: 'Object Repository/Display Accessibility list/Page_Guru TMDA (2)/div_row' located by 'By.xpath: //div[count(. | /html[1]/body[1]/my-app[1]/app-predicted-results[1]/div[@class="container-fluid"]/div[@class="row centurygothic-font"]/div[@class="col-xs-12 col-sm-8 col-md-8 col-lg-9"]/div[2]/div[@class="row"]) = count(/html[1]/body[1]/my-app[1]/app-predicted-results[1]/div[@class="container-fluid"]/div[@class="row centurygothic-font"]/div[@class="col-xs-12 col-sm-8 col-md-8 col-lg-9"]/div[2]/div[@class="row"])]' not found)
[[ATTACHMENT|C:\\Users\\PIEW\\Katalon Studio\\GuruTMDA\\Reports\\Basic work\\25601030_164729\\1509357038428.png]]]]></system-out>
         <system-err><![CDATA[2560-10-30 16:50:34 - [TEST_CASE][FAILED] - Test Cases/Basic work/Predicted Multiple Verbatim/Prediction in details display Product Feature list: Test Cases/Basic work/Predicted Multiple Verbatim/Prediction in details display Product Feature list FAILED because (of) Unable to verify object 'Object Repository/Display Accessibility list/Page_Guru TMDA (2)/div_row' is present (Root cause: com.kms.katalon.core.webui.exception.WebElementNotFoundException: Web element with id: 'Object Repository/Display Accessibility list/Page_Guru TMDA (2)/div_row' located by 'By.xpath: //div[count(. | /html[1]/body[1]/my-app[1]/app-predicted-results[1]/div[@class="container-fluid"]/div[@class="row centurygothic-font"]/div[@class="col-xs-12 col-sm-8 col-md-8 col-lg-9"]/div[2]/div[@class="row"]) = count(/html[1]/body[1]/my-app[1]/app-predicted-results[1]/div[@class="container-fluid"]/div[@class="row centurygothic-font"]/div[@class="col-xs-12 col-sm-8 col-md-8 col-lg-9"]/div[2]/div[@class="row"])]' not found)]]></system-err>
      </testcase>
      <testcase name="Test Cases/Basic work/Predicted Multiple Verbatim/Prediction in details display Staff Quality list" classname="Test Cases/Basic work/Predicted Multiple Verbatim/Prediction in details display Staff Quality list" status="PASSED">
         <system-out><![CDATA[2560-10-30 16:50:38 - [TEST_CASE][PASSED] - Test Cases/Basic work/Predicted Multiple Verbatim/Prediction in details display Staff Quality list: Test Cases/Basic work/Predicted Multiple Verbatim/Prediction in details display Staff Quality list

2560-10-30 16:50:38 - [TEST_STEP][NOT_RUN] - openBrowser: NOT_RUN: openBrowser

2560-10-30 16:50:38 - [MESSAGE][NOT_RUN] - NOT_RUN: openBrowser

2560-10-30 16:50:38 - [TEST_STEP][NOT_RUN] - maximizeWindow: NOT_RUN: maximizeWindow

2560-10-30 16:50:38 - [MESSAGE][NOT_RUN] - NOT_RUN: maximizeWindow

2560-10-30 16:50:38 - [TEST_STEP][NOT_RUN] - navigateToUrl: NOT_RUN: navigateToUrl

2560-10-30 16:50:38 - [MESSAGE][NOT_RUN] - NOT_RUN: navigateToUrl

2560-10-30 16:50:38 - [TEST_STEP][NOT_RUN] - click: NOT_RUN: click

2560-10-30 16:50:38 - [MESSAGE][NOT_RUN] - NOT_RUN: click

2560-10-30 16:50:38 - [TEST_STEP][NOT_RUN] - setText: NOT_RUN: setText

2560-10-30 16:50:38 - [MESSAGE][NOT_RUN] - NOT_RUN: setText

2560-10-30 16:50:38 - [TEST_STEP][NOT_RUN] - setText: NOT_RUN: setText

2560-10-30 16:50:38 - [MESSAGE][NOT_RUN] - NOT_RUN: setText

2560-10-30 16:50:38 - [TEST_STEP][NOT_RUN] - click: NOT_RUN: click

2560-10-30 16:50:38 - [MESSAGE][NOT_RUN] - NOT_RUN: click

2560-10-30 16:50:38 - [TEST_STEP][NOT_RUN] - click: NOT_RUN: click

2560-10-30 16:50:38 - [MESSAGE][NOT_RUN] - NOT_RUN: click

2560-10-30 16:50:38 - [TEST_STEP][NOT_RUN] - click: NOT_RUN: click

2560-10-30 16:50:38 - [MESSAGE][NOT_RUN] - NOT_RUN: click

2560-10-30 16:50:38 - [TEST_STEP][NOT_RUN] - uploadFile: NOT_RUN: uploadFile

2560-10-30 16:50:38 - [MESSAGE][NOT_RUN] - NOT_RUN: uploadFile

2560-10-30 16:50:38 - [TEST_STEP][NOT_RUN] - waitForElementClickable: NOT_RUN: waitForElementClickable

2560-10-30 16:50:38 - [MESSAGE][NOT_RUN] - NOT_RUN: waitForElementClickable

2560-10-30 16:50:38 - [TEST_STEP][NOT_RUN] - click: NOT_RUN: click

2560-10-30 16:50:38 - [MESSAGE][NOT_RUN] - NOT_RUN: click

2560-10-30 16:50:38 - [TEST_STEP][NOT_RUN] - waitForElementNotPresent: NOT_RUN: waitForElementNotPresent

2560-10-30 16:50:38 - [MESSAGE][NOT_RUN] - NOT_RUN: waitForElementNotPresent

2560-10-30 16:50:38 - [TEST_STEP][NOT_RUN] - selectOptionByValue: NOT_RUN: selectOptionByValue

2560-10-30 16:50:38 - [MESSAGE][NOT_RUN] - NOT_RUN: selectOptionByValue

2560-10-30 16:50:38 - [TEST_STEP][NOT_RUN] - check: NOT_RUN: check

2560-10-30 16:50:38 - [MESSAGE][NOT_RUN] - NOT_RUN: check

2560-10-30 16:50:38 - [TEST_STEP][NOT_RUN] - click: NOT_RUN: click

2560-10-30 16:50:38 - [MESSAGE][NOT_RUN] - NOT_RUN: click

2560-10-30 16:50:38 - [TEST_STEP][NOT_RUN] - waitForElementNotPresent: NOT_RUN: waitForElementNotPresent

2560-10-30 16:50:38 - [MESSAGE][NOT_RUN] - NOT_RUN: waitForElementNotPresent

2560-10-30 16:50:38 - [TEST_STEP][NOT_RUN] - check: NOT_RUN: check

2560-10-30 16:50:38 - [MESSAGE][NOT_RUN] - NOT_RUN: check

2560-10-30 16:50:38 - [TEST_STEP][NOT_RUN] - scrollToElement: NOT_RUN: scrollToElement

2560-10-30 16:50:38 - [MESSAGE][NOT_RUN] - NOT_RUN: scrollToElement

2560-10-30 16:50:38 - [TEST_STEP][NOT_RUN] - click: NOT_RUN: click

2560-10-30 16:50:38 - [MESSAGE][NOT_RUN] - NOT_RUN: click

2560-10-30 16:50:38 - [TEST_STEP][NOT_RUN] - click: NOT_RUN: click

2560-10-30 16:50:38 - [MESSAGE][NOT_RUN] - NOT_RUN: click

2560-10-30 16:50:38 - [TEST_STEP][PASSED] - click: Object: 'Object Repository/Display select all list/Page_Guru TMDA (2)/label_Select All' is clicked on

2560-10-30 16:50:39 - [MESSAGE][PASSED] - Object: 'Object Repository/Display select all list/Page_Guru TMDA (2)/label_Select All' is clicked on

2560-10-30 16:50:39 - [TEST_STEP][PASSED] - click: Object: 'Object Repository/Display select all list/Page_Guru TMDA (2)/label_Select All' is clicked on

2560-10-30 16:50:39 - [MESSAGE][PASSED] - Object: 'Object Repository/Display select all list/Page_Guru TMDA (2)/label_Select All' is clicked on

2560-10-30 16:50:39 - [TEST_STEP][PASSED] - check: Object 'Object Repository/Display staff Quality list/label_Staff Quality' is checked

2560-10-30 16:50:39 - [MESSAGE][PASSED] - Object 'Object Repository/Display staff Quality list/label_Staff Quality' is checked

2560-10-30 16:50:39 - [TEST_STEP][PASSED] - verifyElementPresent: Object 'Object Repository/Display Accessibility list/Page_Guru TMDA (2)/div_row' is present

2560-10-30 16:50:39 - [MESSAGE][PASSED] - Object 'Object Repository/Display Accessibility list/Page_Guru TMDA (2)/div_row' is present

2560-10-30 16:50:39 - [TEST_STEP][NOT_RUN] - closeBrowser: NOT_RUN: closeBrowser

2560-10-30 16:50:39 - [MESSAGE][NOT_RUN] - NOT_RUN: closeBrowser]]></system-out>
         <system-err><![CDATA[]]></system-err>
      </testcase>
      <testcase name="Test Cases/Basic work/Predicted Multiple Verbatim/Prediction in details display Timing list" classname="Test Cases/Basic work/Predicted Multiple Verbatim/Prediction in details display Timing list" status="PASSED">
         <system-out><![CDATA[2560-10-30 16:50:39 - [TEST_CASE][PASSED] - Test Cases/Basic work/Predicted Multiple Verbatim/Prediction in details display Timing list: Test Cases/Basic work/Predicted Multiple Verbatim/Prediction in details display Timing list

2560-10-30 16:50:39 - [TEST_STEP][NOT_RUN] - openBrowser: NOT_RUN: openBrowser

2560-10-30 16:50:40 - [MESSAGE][NOT_RUN] - NOT_RUN: openBrowser

2560-10-30 16:50:40 - [TEST_STEP][NOT_RUN] - maximizeWindow: NOT_RUN: maximizeWindow

2560-10-30 16:50:40 - [MESSAGE][NOT_RUN] - NOT_RUN: maximizeWindow

2560-10-30 16:50:40 - [TEST_STEP][NOT_RUN] - navigateToUrl: NOT_RUN: navigateToUrl

2560-10-30 16:50:40 - [MESSAGE][NOT_RUN] - NOT_RUN: navigateToUrl

2560-10-30 16:50:40 - [TEST_STEP][NOT_RUN] - click: NOT_RUN: click

2560-10-30 16:50:40 - [MESSAGE][NOT_RUN] - NOT_RUN: click

2560-10-30 16:50:40 - [TEST_STEP][NOT_RUN] - setText: NOT_RUN: setText

2560-10-30 16:50:40 - [MESSAGE][NOT_RUN] - NOT_RUN: setText

2560-10-30 16:50:40 - [TEST_STEP][NOT_RUN] - setText: NOT_RUN: setText

2560-10-30 16:50:40 - [MESSAGE][NOT_RUN] - NOT_RUN: setText

2560-10-30 16:50:40 - [TEST_STEP][NOT_RUN] - click: NOT_RUN: click

2560-10-30 16:50:40 - [MESSAGE][NOT_RUN] - NOT_RUN: click

2560-10-30 16:50:40 - [TEST_STEP][NOT_RUN] - click: NOT_RUN: click

2560-10-30 16:50:40 - [MESSAGE][NOT_RUN] - NOT_RUN: click

2560-10-30 16:50:40 - [TEST_STEP][NOT_RUN] - click: NOT_RUN: click

2560-10-30 16:50:40 - [MESSAGE][NOT_RUN] - NOT_RUN: click

2560-10-30 16:50:40 - [TEST_STEP][NOT_RUN] - uploadFile: NOT_RUN: uploadFile

2560-10-30 16:50:40 - [MESSAGE][NOT_RUN] - NOT_RUN: uploadFile

2560-10-30 16:50:40 - [TEST_STEP][NOT_RUN] - waitForElementClickable: NOT_RUN: waitForElementClickable

2560-10-30 16:50:40 - [MESSAGE][NOT_RUN] - NOT_RUN: waitForElementClickable

2560-10-30 16:50:40 - [TEST_STEP][NOT_RUN] - click: NOT_RUN: click

2560-10-30 16:50:40 - [MESSAGE][NOT_RUN] - NOT_RUN: click

2560-10-30 16:50:40 - [TEST_STEP][NOT_RUN] - waitForElementNotPresent: NOT_RUN: waitForElementNotPresent

2560-10-30 16:50:40 - [MESSAGE][NOT_RUN] - NOT_RUN: waitForElementNotPresent

2560-10-30 16:50:40 - [TEST_STEP][NOT_RUN] - selectOptionByValue: NOT_RUN: selectOptionByValue

2560-10-30 16:50:40 - [MESSAGE][NOT_RUN] - NOT_RUN: selectOptionByValue

2560-10-30 16:50:40 - [TEST_STEP][NOT_RUN] - check: NOT_RUN: check

2560-10-30 16:50:40 - [MESSAGE][NOT_RUN] - NOT_RUN: check

2560-10-30 16:50:40 - [TEST_STEP][NOT_RUN] - click: NOT_RUN: click

2560-10-30 16:50:40 - [MESSAGE][NOT_RUN] - NOT_RUN: click

2560-10-30 16:50:40 - [TEST_STEP][NOT_RUN] - waitForElementNotPresent: NOT_RUN: waitForElementNotPresent

2560-10-30 16:50:40 - [MESSAGE][NOT_RUN] - NOT_RUN: waitForElementNotPresent

2560-10-30 16:50:40 - [TEST_STEP][NOT_RUN] - check: NOT_RUN: check

2560-10-30 16:50:40 - [MESSAGE][NOT_RUN] - NOT_RUN: check

2560-10-30 16:50:40 - [TEST_STEP][NOT_RUN] - scrollToElement: NOT_RUN: scrollToElement

2560-10-30 16:50:40 - [MESSAGE][NOT_RUN] - NOT_RUN: scrollToElement

2560-10-30 16:50:40 - [TEST_STEP][NOT_RUN] - click: NOT_RUN: click

2560-10-30 16:50:40 - [MESSAGE][NOT_RUN] - NOT_RUN: click

2560-10-30 16:50:40 - [TEST_STEP][NOT_RUN] - click: NOT_RUN: click

2560-10-30 16:50:40 - [MESSAGE][NOT_RUN] - NOT_RUN: click

2560-10-30 16:50:40 - [TEST_STEP][PASSED] - click: Object: 'Object Repository/Display select all list/Page_Guru TMDA (2)/label_Select All' is clicked on

2560-10-30 16:50:40 - [MESSAGE][PASSED] - Object: 'Object Repository/Display select all list/Page_Guru TMDA (2)/label_Select All' is clicked on

2560-10-30 16:50:40 - [TEST_STEP][PASSED] - click: Object: 'Object Repository/Display select all list/Page_Guru TMDA (2)/label_Select All' is clicked on

2560-10-30 16:50:41 - [MESSAGE][PASSED] - Object: 'Object Repository/Display select all list/Page_Guru TMDA (2)/label_Select All' is clicked on

2560-10-30 16:50:41 - [TEST_STEP][PASSED] - check: Object 'Object Repository/Display timing list/label_Timing' is checked

2560-10-30 16:50:41 - [MESSAGE][PASSED] - Object 'Object Repository/Display timing list/label_Timing' is checked

2560-10-30 16:50:41 - [TEST_STEP][PASSED] - verifyElementPresent: Object 'Object Repository/Display Accessibility list/Page_Guru TMDA (2)/div_row' is present

2560-10-30 16:50:41 - [MESSAGE][PASSED] - Object 'Object Repository/Display Accessibility list/Page_Guru TMDA (2)/div_row' is present

2560-10-30 16:50:41 - [TEST_STEP][NOT_RUN] - closeBrowser: NOT_RUN: closeBrowser

2560-10-30 16:50:41 - [MESSAGE][NOT_RUN] - NOT_RUN: closeBrowser]]></system-out>
         <system-err><![CDATA[]]></system-err>
      </testcase>
      <testcase name="Test Cases/User management/Search user list" classname="Test Cases/User management/Search user list" status="FAILED">
         <failure type="FAILED" message="Unable to click on object 'Object Repository/Chage status/Page_Guru TMDA/a_User Management' (Root cause: com.kms.katalon.core.webui.exception.WebElementNotFoundException: Web element with id: 'Object Repository/Chage status/Page_Guru TMDA/a_User Management' located by 'By.xpath: //a[count(. | //*[@href = '/user-management']) = count(//*[@href = '/user-management'])][count(. | //*[contains(.,'User Management')]) = count(//*[contains(.,'User Management')])]' not found)"/>
         <system-out><![CDATA[2560-10-30 16:50:41 - [TEST_CASE][FAILED] - Test Cases/User management/Search user list: Test Cases/User management/Search user list FAILED because (of) Unable to click on object 'Object Repository/Chage status/Page_Guru TMDA/a_User Management' (Root cause: com.kms.katalon.core.webui.exception.WebElementNotFoundException: Web element with id: 'Object Repository/Chage status/Page_Guru TMDA/a_User Management' located by 'By.xpath: //a[count(. | //*[@href = '/user-management']) = count(//*[@href = '/user-management'])][count(. | //*[contains(.,'User Management')]) = count(//*[contains(.,'User Management')])]' not found)

2560-10-30 16:50:41 - [TEST_STEP][NOT_RUN] - openBrowser: NOT_RUN: openBrowser

2560-10-30 16:50:41 - [MESSAGE][NOT_RUN] - NOT_RUN: openBrowser

2560-10-30 16:50:41 - [TEST_STEP][NOT_RUN] - maximizeWindow: NOT_RUN: maximizeWindow

2560-10-30 16:50:41 - [MESSAGE][NOT_RUN] - NOT_RUN: maximizeWindow

2560-10-30 16:50:41 - [TEST_STEP][NOT_RUN] - navigateToUrl: NOT_RUN: navigateToUrl

2560-10-30 16:50:41 - [MESSAGE][NOT_RUN] - NOT_RUN: navigateToUrl

2560-10-30 16:50:41 - [TEST_STEP][NOT_RUN] - click: NOT_RUN: click

2560-10-30 16:50:41 - [MESSAGE][NOT_RUN] - NOT_RUN: click

2560-10-30 16:50:41 - [TEST_STEP][NOT_RUN] - setText: NOT_RUN: setText

2560-10-30 16:50:41 - [MESSAGE][NOT_RUN] - NOT_RUN: setText

2560-10-30 16:50:41 - [TEST_STEP][NOT_RUN] - setText: NOT_RUN: setText

2560-10-30 16:50:41 - [MESSAGE][NOT_RUN] - NOT_RUN: setText

2560-10-30 16:50:41 - [TEST_STEP][NOT_RUN] - submit: NOT_RUN: submit

2560-10-30 16:50:41 - [MESSAGE][NOT_RUN] - NOT_RUN: submit

2560-10-30 16:50:41 - [TEST_STEP][FAILED] - click: Unable to click on object 'Object Repository/Chage status/Page_Guru TMDA/a_User Management' (Root cause: com.kms.katalon.core.webui.exception.WebElementNotFoundException: Web element with id: 'Object Repository/Chage status/Page_Guru TMDA/a_User Management' located by 'By.xpath: //a[count(. | //*[@href = '/user-management']) = count(//*[@href = '/user-management'])][count(. | //*[contains(.,'User Management')]) = count(//*[contains(.,'User Management')])]' not found)

2560-10-30 16:51:12 - [MESSAGE][FAILED] - Unable to click on object 'Object Repository/Chage status/Page_Guru TMDA/a_User Management' (Root cause: com.kms.katalon.core.webui.exception.WebElementNotFoundException: Web element with id: 'Object Repository/Chage status/Page_Guru TMDA/a_User Management' located by 'By.xpath: //a[count(. | //*[@href = '/user-management']) = count(//*[@href = '/user-management'])][count(. | //*[contains(.,'User Management')]) = count(//*[contains(.,'User Management')])]' not found)
[[ATTACHMENT|C:\\Users\\PIEW\\Katalon Studio\\GuruTMDA\\Reports\\Basic work\\25601030_164729\\1509357072687.png]]]]></system-out>
         <system-err><![CDATA[2560-10-30 16:50:41 - [TEST_CASE][FAILED] - Test Cases/User management/Search user list: Test Cases/User management/Search user list FAILED because (of) Unable to click on object 'Object Repository/Chage status/Page_Guru TMDA/a_User Management' (Root cause: com.kms.katalon.core.webui.exception.WebElementNotFoundException: Web element with id: 'Object Repository/Chage status/Page_Guru TMDA/a_User Management' located by 'By.xpath: //a[count(. | //*[@href = '/user-management']) = count(//*[@href = '/user-management'])][count(. | //*[contains(.,'User Management')]) = count(//*[contains(.,'User Management')])]' not found)]]></system-err>
      </testcase>
      <testcase name="Test Cases/User management/Change role" classname="Test Cases/User management/Change role" status="FAILED">
         <failure type="FAILED" message="Unable to click on object 'Object Repository/Change role/Page_Guru TMDA (2)/button_User' (Root cause: com.kms.katalon.core.webui.exception.WebElementNotFoundException: Web element with id: 'Object Repository/Change role/Page_Guru TMDA (2)/button_User' located by 'By.xpath: //button[count(. | //*[@id = 'dropdownBasic1']) = count(//*[@id = 'dropdownBasic1'])][count(. | //*[contains(.,'User')]) = count(//*[contains(.,'User')])]' not found)"/>
         <system-out><![CDATA[2560-10-30 16:51:13 - [TEST_CASE][FAILED] - Test Cases/User management/Change role: Test Cases/User management/Change role FAILED because (of) Unable to click on object 'Object Repository/Change role/Page_Guru TMDA (2)/button_User' (Root cause: com.kms.katalon.core.webui.exception.WebElementNotFoundException: Web element with id: 'Object Repository/Change role/Page_Guru TMDA (2)/button_User' located by 'By.xpath: //button[count(. | //*[@id = 'dropdownBasic1']) = count(//*[@id = 'dropdownBasic1'])][count(. | //*[contains(.,'User')]) = count(//*[contains(.,'User')])]' not found)

2560-10-30 16:51:13 - [TEST_STEP][NOT_RUN] - openBrowser: NOT_RUN: openBrowser

2560-10-30 16:51:13 - [MESSAGE][NOT_RUN] - NOT_RUN: openBrowser

2560-10-30 16:51:13 - [TEST_STEP][NOT_RUN] - maximizeWindow: NOT_RUN: maximizeWindow

2560-10-30 16:51:13 - [MESSAGE][NOT_RUN] - NOT_RUN: maximizeWindow

2560-10-30 16:51:13 - [TEST_STEP][NOT_RUN] - navigateToUrl: NOT_RUN: navigateToUrl

2560-10-30 16:51:13 - [MESSAGE][NOT_RUN] - NOT_RUN: navigateToUrl

2560-10-30 16:51:13 - [TEST_STEP][NOT_RUN] - click: NOT_RUN: click

2560-10-30 16:51:13 - [MESSAGE][NOT_RUN] - NOT_RUN: click

2560-10-30 16:51:13 - [TEST_STEP][NOT_RUN] - setText: NOT_RUN: setText

2560-10-30 16:51:13 - [MESSAGE][NOT_RUN] - NOT_RUN: setText

2560-10-30 16:51:13 - [TEST_STEP][NOT_RUN] - setText: NOT_RUN: setText

2560-10-30 16:51:13 - [MESSAGE][NOT_RUN] - NOT_RUN: setText

2560-10-30 16:51:13 - [TEST_STEP][NOT_RUN] - submit: NOT_RUN: submit

2560-10-30 16:51:13 - [MESSAGE][NOT_RUN] - NOT_RUN: submit

2560-10-30 16:51:13 - [TEST_STEP][NOT_RUN] - click: NOT_RUN: click

2560-10-30 16:51:13 - [MESSAGE][NOT_RUN] - NOT_RUN: click

2560-10-30 16:51:13 - [TEST_STEP][NOT_RUN] - setText: NOT_RUN: setText

2560-10-30 16:51:13 - [MESSAGE][NOT_RUN] - NOT_RUN: setText

2560-10-30 16:51:13 - [TEST_STEP][FAILED] - click: Unable to click on object 'Object Repository/Change role/Page_Guru TMDA (2)/button_User' (Root cause: com.kms.katalon.core.webui.exception.WebElementNotFoundException: Web element with id: 'Object Repository/Change role/Page_Guru TMDA (2)/button_User' located by 'By.xpath: //button[count(. | //*[@id = 'dropdownBasic1']) = count(//*[@id = 'dropdownBasic1'])][count(. | //*[contains(.,'User')]) = count(//*[contains(.,'User')])]' not found)

2560-10-30 16:51:44 - [MESSAGE][FAILED] - Unable to click on object 'Object Repository/Change role/Page_Guru TMDA (2)/button_User' (Root cause: com.kms.katalon.core.webui.exception.WebElementNotFoundException: Web element with id: 'Object Repository/Change role/Page_Guru TMDA (2)/button_User' located by 'By.xpath: //button[count(. | //*[@id = 'dropdownBasic1']) = count(//*[@id = 'dropdownBasic1'])][count(. | //*[contains(.,'User')]) = count(//*[contains(.,'User')])]' not found)
[[ATTACHMENT|C:\\Users\\PIEW\\Katalon Studio\\GuruTMDA\\Reports\\Basic work\\25601030_164729\\1509357103817.png]]]]></system-out>
         <system-err><![CDATA[2560-10-30 16:51:13 - [TEST_CASE][FAILED] - Test Cases/User management/Change role: Test Cases/User management/Change role FAILED because (of) Unable to click on object 'Object Repository/Change role/Page_Guru TMDA (2)/button_User' (Root cause: com.kms.katalon.core.webui.exception.WebElementNotFoundException: Web element with id: 'Object Repository/Change role/Page_Guru TMDA (2)/button_User' located by 'By.xpath: //button[count(. | //*[@id = 'dropdownBasic1']) = count(//*[@id = 'dropdownBasic1'])][count(. | //*[contains(.,'User')]) = count(//*[contains(.,'User')])]' not found)]]></system-err>
      </testcase>
      <testcase name="Test Cases/User management/Change status" classname="Test Cases/User management/Change status" status="FAILED">
         <failure type="FAILED" message="Unable to click on object 'Object Repository/Chage status/Page_Guru TMDA (2)/button_DEACTIVATED' (Root cause: com.kms.katalon.core.webui.exception.WebElementNotFoundException: Web element with id: 'Object Repository/Chage status/Page_Guru TMDA (2)/button_DEACTIVATED' located by 'By.xpath: //button[count(. | //*[@id = 'dropdownBasic2']) = count(//*[@id = 'dropdownBasic2'])][count(. | //*[contains(.,'DEACTIVATED')]) = count(//*[contains(.,'DEACTIVATED')])]' not found)"/>
         <system-out><![CDATA[2560-10-30 16:51:44 - [TEST_CASE][FAILED] - Test Cases/User management/Change status: Test Cases/User management/Change status FAILED because (of) Unable to click on object 'Object Repository/Chage status/Page_Guru TMDA (2)/button_DEACTIVATED' (Root cause: com.kms.katalon.core.webui.exception.WebElementNotFoundException: Web element with id: 'Object Repository/Chage status/Page_Guru TMDA (2)/button_DEACTIVATED' located by 'By.xpath: //button[count(. | //*[@id = 'dropdownBasic2']) = count(//*[@id = 'dropdownBasic2'])][count(. | //*[contains(.,'DEACTIVATED')]) = count(//*[contains(.,'DEACTIVATED')])]' not found)

2560-10-30 16:51:44 - [TEST_STEP][NOT_RUN] - openBrowser: NOT_RUN: openBrowser

2560-10-30 16:51:44 - [MESSAGE][NOT_RUN] - NOT_RUN: openBrowser

2560-10-30 16:51:44 - [TEST_STEP][NOT_RUN] - maximizeWindow: NOT_RUN: maximizeWindow

2560-10-30 16:51:44 - [MESSAGE][NOT_RUN] - NOT_RUN: maximizeWindow

2560-10-30 16:51:44 - [TEST_STEP][NOT_RUN] - navigateToUrl: NOT_RUN: navigateToUrl

2560-10-30 16:51:44 - [MESSAGE][NOT_RUN] - NOT_RUN: navigateToUrl

2560-10-30 16:51:44 - [TEST_STEP][NOT_RUN] - click: NOT_RUN: click

2560-10-30 16:51:44 - [MESSAGE][NOT_RUN] - NOT_RUN: click

2560-10-30 16:51:44 - [TEST_STEP][NOT_RUN] - setText: NOT_RUN: setText

2560-10-30 16:51:44 - [MESSAGE][NOT_RUN] - NOT_RUN: setText

2560-10-30 16:51:44 - [TEST_STEP][NOT_RUN] - setText: NOT_RUN: setText

2560-10-30 16:51:44 - [MESSAGE][NOT_RUN] - NOT_RUN: setText

2560-10-30 16:51:44 - [TEST_STEP][NOT_RUN] - submit: NOT_RUN: submit

2560-10-30 16:51:44 - [MESSAGE][NOT_RUN] - NOT_RUN: submit

2560-10-30 16:51:44 - [TEST_STEP][NOT_RUN] - click: NOT_RUN: click

2560-10-30 16:51:44 - [MESSAGE][NOT_RUN] - NOT_RUN: click

2560-10-30 16:51:44 - [TEST_STEP][NOT_RUN] - setText: NOT_RUN: setText

2560-10-30 16:51:44 - [MESSAGE][NOT_RUN] - NOT_RUN: setText

2560-10-30 16:51:44 - [TEST_STEP][FAILED] - click: Unable to click on object 'Object Repository/Chage status/Page_Guru TMDA (2)/button_DEACTIVATED' (Root cause: com.kms.katalon.core.webui.exception.WebElementNotFoundException: Web element with id: 'Object Repository/Chage status/Page_Guru TMDA (2)/button_DEACTIVATED' located by 'By.xpath: //button[count(. | //*[@id = 'dropdownBasic2']) = count(//*[@id = 'dropdownBasic2'])][count(. | //*[contains(.,'DEACTIVATED')]) = count(//*[contains(.,'DEACTIVATED')])]' not found)

2560-10-30 16:52:15 - [MESSAGE][FAILED] - Unable to click on object 'Object Repository/Chage status/Page_Guru TMDA (2)/button_DEACTIVATED' (Root cause: com.kms.katalon.core.webui.exception.WebElementNotFoundException: Web element with id: 'Object Repository/Chage status/Page_Guru TMDA (2)/button_DEACTIVATED' located by 'By.xpath: //button[count(. | //*[@id = 'dropdownBasic2']) = count(//*[@id = 'dropdownBasic2'])][count(. | //*[contains(.,'DEACTIVATED')]) = count(//*[contains(.,'DEACTIVATED')])]' not found)
[[ATTACHMENT|C:\\Users\\PIEW\\Katalon Studio\\GuruTMDA\\Reports\\Basic work\\25601030_164729\\1509357134851.png]]]]></system-out>
         <system-err><![CDATA[2560-10-30 16:51:44 - [TEST_CASE][FAILED] - Test Cases/User management/Change status: Test Cases/User management/Change status FAILED because (of) Unable to click on object 'Object Repository/Chage status/Page_Guru TMDA (2)/button_DEACTIVATED' (Root cause: com.kms.katalon.core.webui.exception.WebElementNotFoundException: Web element with id: 'Object Repository/Chage status/Page_Guru TMDA (2)/button_DEACTIVATED' located by 'By.xpath: //button[count(. | //*[@id = 'dropdownBasic2']) = count(//*[@id = 'dropdownBasic2'])][count(. | //*[contains(.,'DEACTIVATED')]) = count(//*[contains(.,'DEACTIVATED')])]' not found)]]></system-err>
      </testcase>
      <testcase name="Test Cases/User management/Edit user profile/Edit user profile" classname="Test Cases/User management/Edit user profile/Edit user profile" status="FAILED">
         <failure type="FAILED" message="Unable to click on object 'Object Repository/Edit user profile/list/i_fa fa-pencil-square-o' (Root cause: com.kms.katalon.core.webui.exception.WebElementNotFoundException: Web element with id: 'Object Repository/Edit user profile/list/i_fa fa-pencil-square-o' located by 'By.xpath: //i[count(. | /html[1]/body[1]/my-app[1]/app-user-management[1]/div[@class=&quot;container-fluid&quot;]/div[2]/div[@class=&quot;table-responsive&quot;]/table[@class=&quot;table centurygothic-font&quot;]/tbody[1]/tr[2]/td[@class=&quot;w3-center&quot;]/button[@class=&quot;btn w3-text-white btn-edit w3-circle padding-0&quot;]/i[@class=&quot;fa fa-pencil-square-o&quot;]) = count(/html[1]/body[1]/my-app[1]/app-user-management[1]/div[@class=&quot;container-fluid&quot;]/div[2]/div[@class=&quot;table-responsive&quot;]/table[@class=&quot;table centurygothic-font&quot;]/tbody[1]/tr[2]/td[@class=&quot;w3-center&quot;]/button[@class=&quot;btn w3-text-white btn-edit w3-circle padding-0&quot;]/i[@class=&quot;fa fa-pencil-square-o&quot;])]' not found)"/>
         <system-out><![CDATA[2560-10-30 16:52:15 - [TEST_CASE][FAILED] - Test Cases/User management/Edit user profile/Edit user profile: Test Cases/User management/Edit user profile/Edit user profile FAILED because (of) Unable to click on object 'Object Repository/Edit user profile/list/i_fa fa-pencil-square-o' (Root cause: com.kms.katalon.core.webui.exception.WebElementNotFoundException: Web element with id: 'Object Repository/Edit user profile/list/i_fa fa-pencil-square-o' located by 'By.xpath: //i[count(. | /html[1]/body[1]/my-app[1]/app-user-management[1]/div[@class="container-fluid"]/div[2]/div[@class="table-responsive"]/table[@class="table centurygothic-font"]/tbody[1]/tr[2]/td[@class="w3-center"]/button[@class="btn w3-text-white btn-edit w3-circle padding-0"]/i[@class="fa fa-pencil-square-o"]) = count(/html[1]/body[1]/my-app[1]/app-user-management[1]/div[@class="container-fluid"]/div[2]/div[@class="table-responsive"]/table[@class="table centurygothic-font"]/tbody[1]/tr[2]/td[@class="w3-center"]/button[@class="btn w3-text-white btn-edit w3-circle padding-0"]/i[@class="fa fa-pencil-square-o"])]' not found)

2560-10-30 16:52:15 - [TEST_STEP][NOT_RUN] - openBrowser: NOT_RUN: openBrowser

2560-10-30 16:52:15 - [MESSAGE][NOT_RUN] - NOT_RUN: openBrowser

2560-10-30 16:52:15 - [TEST_STEP][NOT_RUN] - maximizeWindow: NOT_RUN: maximizeWindow

2560-10-30 16:52:15 - [MESSAGE][NOT_RUN] - NOT_RUN: maximizeWindow

2560-10-30 16:52:15 - [TEST_STEP][NOT_RUN] - navigateToUrl: NOT_RUN: navigateToUrl

2560-10-30 16:52:15 - [MESSAGE][NOT_RUN] - NOT_RUN: navigateToUrl

2560-10-30 16:52:15 - [TEST_STEP][NOT_RUN] - click: NOT_RUN: click

2560-10-30 16:52:15 - [MESSAGE][NOT_RUN] - NOT_RUN: click

2560-10-30 16:52:15 - [TEST_STEP][NOT_RUN] - setText: NOT_RUN: setText

2560-10-30 16:52:15 - [MESSAGE][NOT_RUN] - NOT_RUN: setText

2560-10-30 16:52:15 - [TEST_STEP][NOT_RUN] - setText: NOT_RUN: setText

2560-10-30 16:52:15 - [MESSAGE][NOT_RUN] - NOT_RUN: setText

2560-10-30 16:52:15 - [TEST_STEP][NOT_RUN] - submit: NOT_RUN: submit

2560-10-30 16:52:15 - [MESSAGE][NOT_RUN] - NOT_RUN: submit

2560-10-30 16:52:15 - [TEST_STEP][NOT_RUN] - click: NOT_RUN: click

2560-10-30 16:52:15 - [MESSAGE][NOT_RUN] - NOT_RUN: click

2560-10-30 16:52:15 - [TEST_STEP][NOT_RUN] - setText: NOT_RUN: setText

2560-10-30 16:52:15 - [MESSAGE][NOT_RUN] - NOT_RUN: setText

2560-10-30 16:52:15 - [TEST_STEP][FAILED] - click: Unable to click on object 'Object Repository/Edit user profile/list/i_fa fa-pencil-square-o' (Root cause: com.kms.katalon.core.webui.exception.WebElementNotFoundException: Web element with id: 'Object Repository/Edit user profile/list/i_fa fa-pencil-square-o' located by 'By.xpath: //i[count(. | /html[1]/body[1]/my-app[1]/app-user-management[1]/div[@class="container-fluid"]/div[2]/div[@class="table-responsive"]/table[@class="table centurygothic-font"]/tbody[1]/tr[2]/td[@class="w3-center"]/button[@class="btn w3-text-white btn-edit w3-circle padding-0"]/i[@class="fa fa-pencil-square-o"]) = count(/html[1]/body[1]/my-app[1]/app-user-management[1]/div[@class="container-fluid"]/div[2]/div[@class="table-responsive"]/table[@class="table centurygothic-font"]/tbody[1]/tr[2]/td[@class="w3-center"]/button[@class="btn w3-text-white btn-edit w3-circle padding-0"]/i[@class="fa fa-pencil-square-o"])]' not found)

2560-10-30 16:52:46 - [MESSAGE][FAILED] - Unable to click on object 'Object Repository/Edit user profile/list/i_fa fa-pencil-square-o' (Root cause: com.kms.katalon.core.webui.exception.WebElementNotFoundException: Web element with id: 'Object Repository/Edit user profile/list/i_fa fa-pencil-square-o' located by 'By.xpath: //i[count(. | /html[1]/body[1]/my-app[1]/app-user-management[1]/div[@class="container-fluid"]/div[2]/div[@class="table-responsive"]/table[@class="table centurygothic-font"]/tbody[1]/tr[2]/td[@class="w3-center"]/button[@class="btn w3-text-white btn-edit w3-circle padding-0"]/i[@class="fa fa-pencil-square-o"]) = count(/html[1]/body[1]/my-app[1]/app-user-management[1]/div[@class="container-fluid"]/div[2]/div[@class="table-responsive"]/table[@class="table centurygothic-font"]/tbody[1]/tr[2]/td[@class="w3-center"]/button[@class="btn w3-text-white btn-edit w3-circle padding-0"]/i[@class="fa fa-pencil-square-o"])]' not found)
[[ATTACHMENT|C:\\Users\\PIEW\\Katalon Studio\\GuruTMDA\\Reports\\Basic work\\25601030_164729\\1509357165836.png]]]]></system-out>
         <system-err><![CDATA[2560-10-30 16:52:15 - [TEST_CASE][FAILED] - Test Cases/User management/Edit user profile/Edit user profile: Test Cases/User management/Edit user profile/Edit user profile FAILED because (of) Unable to click on object 'Object Repository/Edit user profile/list/i_fa fa-pencil-square-o' (Root cause: com.kms.katalon.core.webui.exception.WebElementNotFoundException: Web element with id: 'Object Repository/Edit user profile/list/i_fa fa-pencil-square-o' located by 'By.xpath: //i[count(. | /html[1]/body[1]/my-app[1]/app-user-management[1]/div[@class="container-fluid"]/div[2]/div[@class="table-responsive"]/table[@class="table centurygothic-font"]/tbody[1]/tr[2]/td[@class="w3-center"]/button[@class="btn w3-text-white btn-edit w3-circle padding-0"]/i[@class="fa fa-pencil-square-o"]) = count(/html[1]/body[1]/my-app[1]/app-user-management[1]/div[@class="container-fluid"]/div[2]/div[@class="table-responsive"]/table[@class="table centurygothic-font"]/tbody[1]/tr[2]/td[@class="w3-center"]/button[@class="btn w3-text-white btn-edit w3-circle padding-0"]/i[@class="fa fa-pencil-square-o"])]' not found)]]></system-err>
      </testcase>
      <testcase name="Test Cases/User management/Edit user profile/Change user profile picture" classname="Test Cases/User management/Edit user profile/Change user profile picture" status="FAILED">
         <failure type="FAILED" message="Unable to upload file 'C:\Penguins.jpg' to object 'Object Repository/Change profile pic/input_file-input' (Root cause: com.kms.katalon.core.webui.exception.WebElementNotFoundException: Web element with id: 'Object Repository/Change profile pic/input_file-input' located by 'By.xpath: //input[count(. | //*[@name = 'file-input']) = count(//*[@name = 'file-input'])][count(. | //*[@id = 'file-input']) = count(//*[@id = 'file-input'])][count(. | //*[@type = 'file']) = count(//*[@type = 'file'])]' not found)"/>
         <system-out><![CDATA[2560-10-30 16:52:46 - [TEST_CASE][FAILED] - Test Cases/User management/Edit user profile/Change user profile picture: Test Cases/User management/Edit user profile/Change user profile picture FAILED because (of) Unable to upload file 'C:\Penguins.jpg' to object 'Object Repository/Change profile pic/input_file-input' (Root cause: com.kms.katalon.core.webui.exception.WebElementNotFoundException: Web element with id: 'Object Repository/Change profile pic/input_file-input' located by 'By.xpath: //input[count(. | //*[@name = 'file-input']) = count(//*[@name = 'file-input'])][count(. | //*[@id = 'file-input']) = count(//*[@id = 'file-input'])][count(. | //*[@type = 'file']) = count(//*[@type = 'file'])]' not found)

2560-10-30 16:52:46 - [TEST_STEP][NOT_RUN] - openBrowser: NOT_RUN: openBrowser

2560-10-30 16:52:46 - [MESSAGE][NOT_RUN] - NOT_RUN: openBrowser

2560-10-30 16:52:46 - [TEST_STEP][NOT_RUN] - maximizeWindow: NOT_RUN: maximizeWindow

2560-10-30 16:52:46 - [MESSAGE][NOT_RUN] - NOT_RUN: maximizeWindow

2560-10-30 16:52:46 - [TEST_STEP][NOT_RUN] - navigateToUrl: NOT_RUN: navigateToUrl

2560-10-30 16:52:46 - [MESSAGE][NOT_RUN] - NOT_RUN: navigateToUrl

2560-10-30 16:52:46 - [TEST_STEP][NOT_RUN] - click: NOT_RUN: click

2560-10-30 16:52:46 - [MESSAGE][NOT_RUN] - NOT_RUN: click

2560-10-30 16:52:46 - [TEST_STEP][NOT_RUN] - setText: NOT_RUN: setText

2560-10-30 16:52:46 - [MESSAGE][NOT_RUN] - NOT_RUN: setText

2560-10-30 16:52:46 - [TEST_STEP][NOT_RUN] - setText: NOT_RUN: setText

2560-10-30 16:52:46 - [MESSAGE][NOT_RUN] - NOT_RUN: setText

2560-10-30 16:52:46 - [TEST_STEP][NOT_RUN] - submit: NOT_RUN: submit

2560-10-30 16:52:46 - [MESSAGE][NOT_RUN] - NOT_RUN: submit

2560-10-30 16:52:46 - [TEST_STEP][NOT_RUN] - click: NOT_RUN: click

2560-10-30 16:52:46 - [MESSAGE][NOT_RUN] - NOT_RUN: click

2560-10-30 16:52:46 - [TEST_STEP][NOT_RUN] - setText: NOT_RUN: setText

2560-10-30 16:52:46 - [MESSAGE][NOT_RUN] - NOT_RUN: setText

2560-10-30 16:52:46 - [TEST_STEP][NOT_RUN] - click: NOT_RUN: click

2560-10-30 16:52:46 - [MESSAGE][NOT_RUN] - NOT_RUN: click

2560-10-30 16:52:46 - [TEST_STEP][FAILED] - uploadFile: Unable to upload file 'C:\Penguins.jpg' to object 'Object Repository/Change profile pic/input_file-input' (Root cause: com.kms.katalon.core.webui.exception.WebElementNotFoundException: Web element with id: 'Object Repository/Change profile pic/input_file-input' located by 'By.xpath: //input[count(. | //*[@name = 'file-input']) = count(//*[@name = 'file-input'])][count(. | //*[@id = 'file-input']) = count(//*[@id = 'file-input'])][count(. | //*[@type = 'file']) = count(//*[@type = 'file'])]' not found)

2560-10-30 16:53:17 - [MESSAGE][FAILED] - Unable to upload file 'C:\Penguins.jpg' to object 'Object Repository/Change profile pic/input_file-input' (Root cause: com.kms.katalon.core.webui.exception.WebElementNotFoundException: Web element with id: 'Object Repository/Change profile pic/input_file-input' located by 'By.xpath: //input[count(. | //*[@name = 'file-input']) = count(//*[@name = 'file-input'])][count(. | //*[@id = 'file-input']) = count(//*[@id = 'file-input'])][count(. | //*[@type = 'file']) = count(//*[@type = 'file'])]' not found)
[[ATTACHMENT|C:\\Users\\PIEW\\Katalon Studio\\GuruTMDA\\Reports\\Basic work\\25601030_164729\\1509357196948.png]]]]></system-out>
         <system-err><![CDATA[2560-10-30 16:52:46 - [TEST_CASE][FAILED] - Test Cases/User management/Edit user profile/Change user profile picture: Test Cases/User management/Edit user profile/Change user profile picture FAILED because (of) Unable to upload file 'C:\Penguins.jpg' to object 'Object Repository/Change profile pic/input_file-input' (Root cause: com.kms.katalon.core.webui.exception.WebElementNotFoundException: Web element with id: 'Object Repository/Change profile pic/input_file-input' located by 'By.xpath: //input[count(. | //*[@name = 'file-input']) = count(//*[@name = 'file-input'])][count(. | //*[@id = 'file-input']) = count(//*[@id = 'file-input'])][count(. | //*[@type = 'file']) = count(//*[@type = 'file'])]' not found)]]></system-err>
      </testcase>
      <testcase name="Test Cases/User management/Edit user profile/Reset password" classname="Test Cases/User management/Edit user profile/Reset password" status="FAILED">
         <failure type="FAILED" message="Unable to click on object 'Object Repository/reset password/reset/a_Reset Password' (Root cause: com.kms.katalon.core.webui.exception.WebElementNotFoundException: Web element with id: 'Object Repository/reset password/reset/a_Reset Password' located by 'By.xpath: //a[count(. | //*[contains(.,'Reset Password')]) = count(//*[contains(.,'Reset Password')])]' not found)"/>
         <system-out><![CDATA[2560-10-30 16:53:17 - [TEST_CASE][FAILED] - Test Cases/User management/Edit user profile/Reset password: Test Cases/User management/Edit user profile/Reset password FAILED because (of) Unable to click on object 'Object Repository/reset password/reset/a_Reset Password' (Root cause: com.kms.katalon.core.webui.exception.WebElementNotFoundException: Web element with id: 'Object Repository/reset password/reset/a_Reset Password' located by 'By.xpath: //a[count(. | //*[contains(.,'Reset Password')]) = count(//*[contains(.,'Reset Password')])]' not found)

2560-10-30 16:53:17 - [TEST_STEP][NOT_RUN] - openBrowser: NOT_RUN: openBrowser

2560-10-30 16:53:17 - [MESSAGE][NOT_RUN] - NOT_RUN: openBrowser

2560-10-30 16:53:17 - [TEST_STEP][NOT_RUN] - maximizeWindow: NOT_RUN: maximizeWindow

2560-10-30 16:53:17 - [MESSAGE][NOT_RUN] - NOT_RUN: maximizeWindow

2560-10-30 16:53:17 - [TEST_STEP][NOT_RUN] - navigateToUrl: NOT_RUN: navigateToUrl

2560-10-30 16:53:17 - [MESSAGE][NOT_RUN] - NOT_RUN: navigateToUrl

2560-10-30 16:53:17 - [TEST_STEP][NOT_RUN] - click: NOT_RUN: click

2560-10-30 16:53:17 - [MESSAGE][NOT_RUN] - NOT_RUN: click

2560-10-30 16:53:17 - [TEST_STEP][NOT_RUN] - setText: NOT_RUN: setText

2560-10-30 16:53:17 - [MESSAGE][NOT_RUN] - NOT_RUN: setText

2560-10-30 16:53:17 - [TEST_STEP][NOT_RUN] - setText: NOT_RUN: setText

2560-10-30 16:53:17 - [MESSAGE][NOT_RUN] - NOT_RUN: setText

2560-10-30 16:53:17 - [TEST_STEP][NOT_RUN] - submit: NOT_RUN: submit

2560-10-30 16:53:17 - [MESSAGE][NOT_RUN] - NOT_RUN: submit

2560-10-30 16:53:17 - [TEST_STEP][NOT_RUN] - click: NOT_RUN: click

2560-10-30 16:53:17 - [MESSAGE][NOT_RUN] - NOT_RUN: click

2560-10-30 16:53:17 - [TEST_STEP][NOT_RUN] - setText: NOT_RUN: setText

2560-10-30 16:53:17 - [MESSAGE][NOT_RUN] - NOT_RUN: setText

2560-10-30 16:53:17 - [TEST_STEP][NOT_RUN] - click: NOT_RUN: click

2560-10-30 16:53:17 - [MESSAGE][NOT_RUN] - NOT_RUN: click

2560-10-30 16:53:17 - [TEST_STEP][FAILED] - click: Unable to click on object 'Object Repository/reset password/reset/a_Reset Password' (Root cause: com.kms.katalon.core.webui.exception.WebElementNotFoundException: Web element with id: 'Object Repository/reset password/reset/a_Reset Password' located by 'By.xpath: //a[count(. | //*[contains(.,'Reset Password')]) = count(//*[contains(.,'Reset Password')])]' not found)

2560-10-30 16:53:49 - [MESSAGE][FAILED] - Unable to click on object 'Object Repository/reset password/reset/a_Reset Password' (Root cause: com.kms.katalon.core.webui.exception.WebElementNotFoundException: Web element with id: 'Object Repository/reset password/reset/a_Reset Password' located by 'By.xpath: //a[count(. | //*[contains(.,'Reset Password')]) = count(//*[contains(.,'Reset Password')])]' not found)
[[ATTACHMENT|C:\\Users\\PIEW\\Katalon Studio\\GuruTMDA\\Reports\\Basic work\\25601030_164729\\1509357228845.png]]]]></system-out>
         <system-err><![CDATA[2560-10-30 16:53:17 - [TEST_CASE][FAILED] - Test Cases/User management/Edit user profile/Reset password: Test Cases/User management/Edit user profile/Reset password FAILED because (of) Unable to click on object 'Object Repository/reset password/reset/a_Reset Password' (Root cause: com.kms.katalon.core.webui.exception.WebElementNotFoundException: Web element with id: 'Object Repository/reset password/reset/a_Reset Password' located by 'By.xpath: //a[count(. | //*[contains(.,'Reset Password')]) = count(//*[contains(.,'Reset Password')])]' not found)]]></system-err>
      </testcase>
      <testcase name="Test Cases/History Log/Search history log" classname="Test Cases/History Log/Search history log" status="PASSED">
         <system-out><![CDATA[2560-10-30 16:53:49 - [TEST_CASE][PASSED] - Test Cases/History Log/Search history log: Test Cases/History Log/Search history log

2560-10-30 16:53:49 - [TEST_STEP][NOT_RUN] - openBrowser: NOT_RUN: openBrowser

2560-10-30 16:53:49 - [MESSAGE][NOT_RUN] - NOT_RUN: openBrowser

2560-10-30 16:53:49 - [TEST_STEP][NOT_RUN] - maximizeWindow: NOT_RUN: maximizeWindow

2560-10-30 16:53:49 - [MESSAGE][NOT_RUN] - NOT_RUN: maximizeWindow

2560-10-30 16:53:49 - [TEST_STEP][NOT_RUN] - navigateToUrl: NOT_RUN: navigateToUrl

2560-10-30 16:53:49 - [MESSAGE][NOT_RUN] - NOT_RUN: navigateToUrl

2560-10-30 16:53:49 - [TEST_STEP][NOT_RUN] - click: NOT_RUN: click

2560-10-30 16:53:49 - [MESSAGE][NOT_RUN] - NOT_RUN: click

2560-10-30 16:53:49 - [TEST_STEP][NOT_RUN] - setText: NOT_RUN: setText

2560-10-30 16:53:49 - [MESSAGE][NOT_RUN] - NOT_RUN: setText

2560-10-30 16:53:49 - [TEST_STEP][NOT_RUN] - setText: NOT_RUN: setText

2560-10-30 16:53:49 - [MESSAGE][NOT_RUN] - NOT_RUN: setText

2560-10-30 16:53:49 - [TEST_STEP][NOT_RUN] - submit: NOT_RUN: submit

2560-10-30 16:53:49 - [MESSAGE][NOT_RUN] - NOT_RUN: submit

2560-10-30 16:53:49 - [TEST_STEP][PASSED] - click: Object: 'Object Repository/Search history log/Page_Guru TMDA/a_Log' is clicked on

2560-10-30 16:53:49 - [MESSAGE][PASSED] - Object: 'Object Repository/Search history log/Page_Guru TMDA/a_Log' is clicked on

2560-10-30 16:53:49 - [TEST_STEP][PASSED] - click: Object: 'Object Repository/Search history log/Page_Guru TMDA (2)/span_mydpicon icon-mydpcalenda' is clicked on

2560-10-30 16:53:49 - [MESSAGE][PASSED] - Object: 'Object Repository/Search history log/Page_Guru TMDA (2)/span_mydpicon icon-mydpcalenda' is clicked on

2560-10-30 16:53:49 - [TEST_STEP][PASSED] - click: Object: 'Object Repository/Search history log/Page_Guru TMDA (2)/button_headertodaybtn headerto' is clicked on

2560-10-30 16:53:49 - [MESSAGE][PASSED] - Object: 'Object Repository/Search history log/Page_Guru TMDA (2)/button_headertodaybtn headerto' is clicked on

2560-10-30 16:53:49 - [TEST_STEP][PASSED] - verifyElementPresent: Object 'Object Repository/Search history log/Page_Guru TMDA (2)/th_w3-center' is present

2560-10-30 16:53:49 - [MESSAGE][PASSED] - Object 'Object Repository/Search history log/Page_Guru TMDA (2)/th_w3-center' is present

2560-10-30 16:53:49 - [TEST_STEP][PASSED] - selectOptionByValue: All options with value '1' are selected in object 'Object Repository/Search history log/Page_Guru TMDA (2)/select_serach_type'  using regular expression

2560-10-30 16:53:50 - [MESSAGE][PASSED] - All options with value '1' are selected in object 'Object Repository/Search history log/Page_Guru TMDA (2)/select_serach_type'  using regular expression

2560-10-30 16:53:50 - [TEST_STEP][PASSED] - verifyElementPresent: Object 'Object Repository/Search history log/Page_Guru TMDA (2)/td' is present

2560-10-30 16:53:50 - [MESSAGE][PASSED] - Object 'Object Repository/Search history log/Page_Guru TMDA (2)/td' is present

2560-10-30 16:53:50 - [TEST_STEP][PASSED] - selectOptionByValue: All options with value '2' are selected in object 'Object Repository/Search history log/Page_Guru TMDA (2)/select_serach_type'  using regular expression

2560-10-30 16:53:50 - [MESSAGE][PASSED] - All options with value '2' are selected in object 'Object Repository/Search history log/Page_Guru TMDA (2)/select_serach_type'  using regular expression

2560-10-30 16:53:50 - [TEST_STEP][PASSED] - click: Object: 'Object Repository/Search history log/Page_Guru TMDA (2)/button_Preview' is clicked on

2560-10-30 16:53:51 - [MESSAGE][PASSED] - Object: 'Object Repository/Search history log/Page_Guru TMDA (2)/button_Preview' is clicked on

2560-10-30 16:53:51 - [TEST_STEP][PASSED] - click: Object: 'Object Repository/Search history log/Page_Guru TMDA (2)/i_fa fa-times w3-xlarge w3-tex' is clicked on

2560-10-30 16:53:51 - [MESSAGE][PASSED] - Object: 'Object Repository/Search history log/Page_Guru TMDA (2)/i_fa fa-times w3-xlarge w3-tex' is clicked on

2560-10-30 16:53:51 - [TEST_STEP][PASSED] - closeBrowser: Browser is closed

2560-10-30 16:53:52 - [MESSAGE][PASSED] - Browser is closed]]></system-out>
         <system-err><![CDATA[]]></system-err>
      </testcase>
      <system-out><![CDATA[2560-10-30 16:47:31 - [TEST_SUITE][FAILED] - Basic work: Test Cases/2. Login/Login FAILED because (of) Unable to verify object 'Object Repository/Login/div_User Not Activate' is present (Root cause: com.kms.katalon.core.webui.exception.WebElementNotFoundException: Web element with id: 'Object Repository/Login/div_User Not Activate' located by 'By.xpath: //div[count(. | //*[contains(.,'User Not Activate')]) = count(//*[contains(.,'User Not Activate')])]' not found)]]></system-out>
      <system-err><![CDATA[2560-10-30 16:47:31 - [TEST_SUITE][FAILED] - Basic work: Test Cases/2. Login/Login FAILED because (of) Unable to verify object 'Object Repository/Login/div_User Not Activate' is present (Root cause: com.kms.katalon.core.webui.exception.WebElementNotFoundException: Web element with id: 'Object Repository/Login/div_User Not Activate' located by 'By.xpath: //div[count(. | //*[contains(.,'User Not Activate')]) = count(//*[contains(.,'User Not Activate')])]' not found)]]></system-err>
   </testsuite>
</testsuites>
